Watching for file changes with StatReloader
C:\Users\miria\OneDrive\Documents\Ferrie-Bakery\Ferrie-Bakery\ferrie_bakery\settings.py changed, reloading.
Watching for file changes with StatReloader
Watching for file changes with StatReloader
Internal Server Error: /checkout/wh/
Traceback (most recent call last):
  File "C:\Users\miria\OneDrive\Documents\Ferrie-Bakery\Ferrie-Bakery\venv\lib\site-packages\stripe\_stripe_object.py", line 170, in __getattr__
    return self[k]
  File "C:\Users\miria\OneDrive\Documents\Ferrie-Bakery\Ferrie-Bakery\venv\lib\site-packages\stripe\_stripe_object.py", line 212, in __getitem__
    raise err
  File "C:\Users\miria\OneDrive\Documents\Ferrie-Bakery\Ferrie-Bakery\venv\lib\site-packages\stripe\_stripe_object.py", line 200, in __getitem__
    return super(StripeObject, self).__getitem__(k)
KeyError: 'bag'

The above exception was the direct cause of the following exception:

Traceback (most recent call last):
  File "C:\Users\miria\OneDrive\Documents\Ferrie-Bakery\Ferrie-Bakery\venv\lib\site-packages\django\core\handlers\exception.py", line 55, in inner
    response = get_response(request)
  File "C:\Users\miria\OneDrive\Documents\Ferrie-Bakery\Ferrie-Bakery\venv\lib\site-packages\django\core\handlers\base.py", line 197, in _get_response
    response = wrapped_callback(request, *callback_args, **callback_kwargs)
  File "C:\Users\miria\OneDrive\Documents\Ferrie-Bakery\Ferrie-Bakery\venv\lib\site-packages\django\views\decorators\http.py", line 64, in inner
    return func(request, *args, **kwargs)
  File "C:\Users\miria\OneDrive\Documents\Ferrie-Bakery\Ferrie-Bakery\venv\lib\site-packages\django\views\decorators\csrf.py", line 65, in _view_wrapper
    return view_func(request, *args, **kwargs)
  File "C:\Users\miria\OneDrive\Documents\Ferrie-Bakery\Ferrie-Bakery\checkout\webhooks.py", line 55, in webhook
    response = event_handler(event)
  File "C:\Users\miria\OneDrive\Documents\Ferrie-Bakery\Ferrie-Bakery\checkout\webhook_handler.py", line 53, in handle_payment_intent_succeeded
    bag = intent.metadata.bag
  File "C:\Users\miria\OneDrive\Documents\Ferrie-Bakery\Ferrie-Bakery\venv\lib\site-packages\stripe\_stripe_object.py", line 172, in __getattr__
    raise AttributeError(*err.args) from err
AttributeError: bag
Watching for file changes with StatReloader
C:\Users\miria\OneDrive\Documents\Ferrie-Bakery\Ferrie-Bakery\checkout\webhook_handler.py changed, reloading.
C:\Users\miria\OneDrive\Documents\Ferrie-Bakery\Ferrie-Bakery\checkout\webhook_handler.py changed, reloading.
Watching for file changes with StatReloader
Watching for file changes with StatReloader
message='Request to Stripe api' method=post url=https://api.stripe.com/v1/payment_intents
api_version=2025-01-27.acacia message='Post details' post_data=amount=15000&currency=usd
Starting new HTTPS connection (1): api.stripe.com:443
https://api.stripe.com:443 "POST /v1/payment_intents HTTP/11" 200 1511
message='Stripe API response' path=https://api.stripe.com/v1/payment_intents response_code=200
body='{\n  "id": "pi_3QxnQbJ0NE1ts5c21Z6j6WZV",\n  "object": "payment_intent",\n  "amount": 15000,\n  "amount_capturable": 0,\n  "amount_details": {\n    "tip": {}\n  },\n  "amount_received": 0,\n  "application": null,\n  "application_fee_amount": null,\n  "automatic_payment_methods": {\n    "allow_redirects": "always",\n    "enabled": true\n  },\n  "canceled_at": null,\n  "cancellation_reason": null,\n  "capture_method": "automatic_async",\n  "client_secret": "pi_3QxnQbJ0NE1ts5c21Z6j6WZV_secret_g2o09P8ubFQPRGRJW9moeiGDk",\n  "confirmation_method": "automatic",\n  "created": 1740825473,\n  "currency": "usd",\n  "customer": null,\n  "description": null,\n  "invoice": null,\n  "last_payment_error": null,\n  "latest_charge": null,\n  "livemode": false,\n  "metadata": {},\n  "next_action": null,\n  "on_behalf_of": null,\n  "payment_method": null,\n  "payment_method_configuration_details": {\n    "id": "pmc_1QsmdAJ0NE1ts5c2ytHvjKCH",\n    "parent": null\n  },\n  "payment_method_options": {\n    "card": {\n      "installments": null,\n      "mandate_options": null,\n      "network": null,\n      "request_three_d_secure": "automatic"\n    },\n    "link": {\n      "persistent_token": null\n    }\n  },\n  "payment_method_types": [\n    "card",\n    "link"\n  ],\n  "processing": null,\n  "receipt_email": null,\n  "review": null,\n  "setup_future_usage": null,\n  "shipping": null,\n  "source": null,\n  "statement_descriptor": null,\n  "statement_descriptor_suffix": null,\n  "status": "requires_payment_method",\n  "transfer_data": null,\n  "transfer_group": null\n}' message='API response body'
link=https://dashboard.stripe.com/test/logs/req_E1J0rvDa9xv91H message='Dashboard link for request'
message='Request to Stripe api' method=post url=https://api.stripe.com/v1/payment_intents/pi_3QxnQbJ0NE1ts5c21Z6j6WZV
api_version=2025-01-27.acacia message='Post details' post_data=metadata[bag]=%7B%224_size_standard_flavor_15_topper_None_roses_0%22%3A+%7B%22product_id%22%3A+4%2C+%22quantity%22%3A+1%2C+%22quantity_kilo%22%3A+2.0%2C+%22total_price%22%3A+150.0%2C+%22product_name%22%3A+%22Birthday+Cake%22%2C+%22flavor%22%3A+%22White+Chocolate+Ganache%22%2C+%22size%22%3A+%22standard%22%2C+%22topper_text%22%3A+null%2C+%22roses_quantity%22%3A+0%7D%7D&metadata[save_info]=true&metadata[username]=miriammccay
https://api.stripe.com:443 "POST /v1/payment_intents/pi_3QxnQbJ0NE1ts5c21Z6j6WZV HTTP/11" 200 1869
message='Stripe API response' path=https://api.stripe.com/v1/payment_intents/pi_3QxnQbJ0NE1ts5c21Z6j6WZV response_code=200
body='{\n  "id": "pi_3QxnQbJ0NE1ts5c21Z6j6WZV",\n  "object": "payment_intent",\n  "amount": 15000,\n  "amount_capturable": 0,\n  "amount_details": {\n    "tip": {}\n  },\n  "amount_received": 0,\n  "application": null,\n  "application_fee_amount": null,\n  "automatic_payment_methods": {\n    "allow_redirects": "always",\n    "enabled": true\n  },\n  "canceled_at": null,\n  "cancellation_reason": null,\n  "capture_method": "automatic_async",\n  "client_secret": "pi_3QxnQbJ0NE1ts5c21Z6j6WZV_secret_g2o09P8ubFQPRGRJW9moeiGDk",\n  "confirmation_method": "automatic",\n  "created": 1740825473,\n  "currency": "usd",\n  "customer": null,\n  "description": null,\n  "invoice": null,\n  "last_payment_error": null,\n  "latest_charge": null,\n  "livemode": false,\n  "metadata": {\n    "bag": "{\\"4_size_standard_flavor_15_topper_None_roses_0\\": {\\"product_id\\": 4, \\"quantity\\": 1, \\"quantity_kilo\\": 2.0, \\"total_price\\": 150.0, \\"product_name\\": \\"Birthday Cake\\", \\"flavor\\": \\"White Chocolate Ganache\\", \\"size\\": \\"standard\\", \\"topper_text\\": null, \\"roses_quantity\\": 0}}",\n    "save_info": "true",\n    "username": "miriammccay"\n  },\n  "next_action": null,\n  "on_behalf_of": null,\n  "payment_method": null,\n  "payment_method_configuration_details": {\n    "id": "pmc_1QsmdAJ0NE1ts5c2ytHvjKCH",\n    "parent": null\n  },\n  "payment_method_options": {\n    "card": {\n      "installments": null,\n      "mandate_options": null,\n      "network": null,\n      "request_three_d_secure": "automatic"\n    },\n    "link": {\n      "persistent_token": null\n    }\n  },\n  "payment_method_types": [\n    "card",\n    "link"\n  ],\n  "processing": null,\n  "receipt_email": null,\n  "review": null,\n  "setup_future_usage": null,\n  "shipping": null,\n  "source": null,\n  "statement_descriptor": null,\n  "statement_descriptor_suffix": null,\n  "status": "requires_payment_method",\n  "transfer_data": null,\n  "transfer_group": null\n}' message='API response body'
link=https://dashboard.stripe.com/test/logs/req_JF7fOTEP4IOGG5 message='Dashboard link for request'
Signal triggered: update_on_save for OrderLineItem 23
Processing payment_intent.succeeded: pi_3QxnQbJ0NE1ts5c21Z6j6WZV
Intent metadata: {
  "bag": "{\"4_size_standard_flavor_15_topper_None_roses_0\": {\"product_id\": 4, \"quantity\": 1, \"quantity_kilo\": 2.0, \"total_price\": 150.0, \"product_name\": \"Birthday Cake\", \"flavor\": \"White Chocolate Ganache\", \"size\": \"standard\", \"topper_text\": null, \"roses_quantity\": 0}}",
  "save_info": "true",
  "username": "miriammccay"
}
Internal Server Error: /checkout/wh/
Traceback (most recent call last):
  File "C:\Users\miria\OneDrive\Documents\Ferrie-Bakery\Ferrie-Bakery\venv\lib\site-packages\stripe\_stripe_object.py", line 170, in __getattr__
    return self[k]
  File "C:\Users\miria\OneDrive\Documents\Ferrie-Bakery\Ferrie-Bakery\venv\lib\site-packages\stripe\_stripe_object.py", line 212, in __getitem__
    raise err
  File "C:\Users\miria\OneDrive\Documents\Ferrie-Bakery\Ferrie-Bakery\venv\lib\site-packages\stripe\_stripe_object.py", line 200, in __getitem__
    return super(StripeObject, self).__getitem__(k)
KeyError: 'charges'

The above exception was the direct cause of the following exception:

Traceback (most recent call last):
  File "C:\Users\miria\OneDrive\Documents\Ferrie-Bakery\Ferrie-Bakery\venv\lib\site-packages\django\core\handlers\exception.py", line 55, in inner
    response = get_response(request)
  File "C:\Users\miria\OneDrive\Documents\Ferrie-Bakery\Ferrie-Bakery\venv\lib\site-packages\django\core\handlers\base.py", line 197, in _get_response
    response = wrapped_callback(request, *callback_args, **callback_kwargs)
  File "C:\Users\miria\OneDrive\Documents\Ferrie-Bakery\Ferrie-Bakery\venv\lib\site-packages\django\views\decorators\http.py", line 64, in inner
    return func(request, *args, **kwargs)
  File "C:\Users\miria\OneDrive\Documents\Ferrie-Bakery\Ferrie-Bakery\venv\lib\site-packages\django\views\decorators\csrf.py", line 65, in _view_wrapper
    return view_func(request, *args, **kwargs)
  File "C:\Users\miria\OneDrive\Documents\Ferrie-Bakery\Ferrie-Bakery\checkout\webhooks.py", line 55, in webhook
    response = event_handler(event)
  File "C:\Users\miria\OneDrive\Documents\Ferrie-Bakery\Ferrie-Bakery\checkout\webhook_handler.py", line 63, in handle_payment_intent_succeeded
    stripe_charge = intent.charges.data[0]
  File "C:\Users\miria\OneDrive\Documents\Ferrie-Bakery\Ferrie-Bakery\venv\lib\site-packages\stripe\_stripe_object.py", line 172, in __getattr__
    raise AttributeError(*err.args) from err
AttributeError: charges
C:\Users\miria\OneDrive\Documents\Ferrie-Bakery\Ferrie-Bakery\checkout\webhook_handler.py changed, reloading.
C:\Users\miria\OneDrive\Documents\Ferrie-Bakery\Ferrie-Bakery\checkout\webhook_handler.py changed, reloading.
Watching for file changes with StatReloader
Watching for file changes with StatReloader
Watching for file changes with StatReloader
C:\Users\miria\OneDrive\Documents\Ferrie-Bakery\Ferrie-Bakery\checkout\webhook_handler.py changed, reloading.
C:\Users\miria\OneDrive\Documents\Ferrie-Bakery\Ferrie-Bakery\checkout\webhook_handler.py changed, reloading.
Watching for file changes with StatReloader
Watching for file changes with StatReloader
message='Request to Stripe api' method=post url=https://api.stripe.com/v1/payment_intents
api_version=2025-01-27.acacia message='Post details' post_data=amount=5000&currency=usd
Starting new HTTPS connection (1): api.stripe.com:443
https://api.stripe.com:443 "POST /v1/payment_intents HTTP/11" 200 1510
message='Stripe API response' path=https://api.stripe.com/v1/payment_intents response_code=200
body='{\n  "id": "pi_3QxoKmJ0NE1ts5c21CFK9kkv",\n  "object": "payment_intent",\n  "amount": 5000,\n  "amount_capturable": 0,\n  "amount_details": {\n    "tip": {}\n  },\n  "amount_received": 0,\n  "application": null,\n  "application_fee_amount": null,\n  "automatic_payment_methods": {\n    "allow_redirects": "always",\n    "enabled": true\n  },\n  "canceled_at": null,\n  "cancellation_reason": null,\n  "capture_method": "automatic_async",\n  "client_secret": "pi_3QxoKmJ0NE1ts5c21CFK9kkv_secret_hQ3A3AD63AMQHHHTnbCbRZUSQ",\n  "confirmation_method": "automatic",\n  "created": 1740828956,\n  "currency": "usd",\n  "customer": null,\n  "description": null,\n  "invoice": null,\n  "last_payment_error": null,\n  "latest_charge": null,\n  "livemode": false,\n  "metadata": {},\n  "next_action": null,\n  "on_behalf_of": null,\n  "payment_method": null,\n  "payment_method_configuration_details": {\n    "id": "pmc_1QsmdAJ0NE1ts5c2ytHvjKCH",\n    "parent": null\n  },\n  "payment_method_options": {\n    "card": {\n      "installments": null,\n      "mandate_options": null,\n      "network": null,\n      "request_three_d_secure": "automatic"\n    },\n    "link": {\n      "persistent_token": null\n    }\n  },\n  "payment_method_types": [\n    "card",\n    "link"\n  ],\n  "processing": null,\n  "receipt_email": null,\n  "review": null,\n  "setup_future_usage": null,\n  "shipping": null,\n  "source": null,\n  "statement_descriptor": null,\n  "statement_descriptor_suffix": null,\n  "status": "requires_payment_method",\n  "transfer_data": null,\n  "transfer_group": null\n}' message='API response body'
link=https://dashboard.stripe.com/test/logs/req_kiSQ2ePLLWSGUc message='Dashboard link for request'
message='Request to Stripe api' method=post url=https://api.stripe.com/v1/payment_intents/pi_3QxoKmJ0NE1ts5c21CFK9kkv
api_version=2025-01-27.acacia message='Post details' post_data=metadata[bag]=%7B%224_size_standard_flavor_8_topper_None_roses_0%22%3A+%7B%22product_id%22%3A+4%2C+%22quantity%22%3A+1%2C+%22quantity_kilo%22%3A+1.0%2C+%22total_price%22%3A+50.0%2C+%22product_name%22%3A+%22Birthday+Cake%22%2C+%22flavor%22%3A+%22Strawberries+with+Dulce+de+Leche%22%2C+%22size%22%3A+%22standard%22%2C+%22topper_text%22%3A+null%2C+%22roses_quantity%22%3A+0%7D%7D&metadata[save_info]=true&metadata[username]=miriammccay
https://api.stripe.com:443 "POST /v1/payment_intents/pi_3QxoKmJ0NE1ts5c21CFK9kkv HTTP/11" 200 1875
message='Stripe API response' path=https://api.stripe.com/v1/payment_intents/pi_3QxoKmJ0NE1ts5c21CFK9kkv response_code=200
body='{\n  "id": "pi_3QxoKmJ0NE1ts5c21CFK9kkv",\n  "object": "payment_intent",\n  "amount": 5000,\n  "amount_capturable": 0,\n  "amount_details": {\n    "tip": {}\n  },\n  "amount_received": 0,\n  "application": null,\n  "application_fee_amount": null,\n  "automatic_payment_methods": {\n    "allow_redirects": "always",\n    "enabled": true\n  },\n  "canceled_at": null,\n  "cancellation_reason": null,\n  "capture_method": "automatic_async",\n  "client_secret": "pi_3QxoKmJ0NE1ts5c21CFK9kkv_secret_hQ3A3AD63AMQHHHTnbCbRZUSQ",\n  "confirmation_method": "automatic",\n  "created": 1740828956,\n  "currency": "usd",\n  "customer": null,\n  "description": null,\n  "invoice": null,\n  "last_payment_error": null,\n  "latest_charge": null,\n  "livemode": false,\n  "metadata": {\n    "bag": "{\\"4_size_standard_flavor_8_topper_None_roses_0\\": {\\"product_id\\": 4, \\"quantity\\": 1, \\"quantity_kilo\\": 1.0, \\"total_price\\": 50.0, \\"product_name\\": \\"Birthday Cake\\", \\"flavor\\": \\"Strawberries with Dulce de Leche\\", \\"size\\": \\"standard\\", \\"topper_text\\": null, \\"roses_quantity\\": 0}}",\n    "save_info": "true",\n    "username": "miriammccay"\n  },\n  "next_action": null,\n  "on_behalf_of": null,\n  "payment_method": null,\n  "payment_method_configuration_details": {\n    "id": "pmc_1QsmdAJ0NE1ts5c2ytHvjKCH",\n    "parent": null\n  },\n  "payment_method_options": {\n    "card": {\n      "installments": null,\n      "mandate_options": null,\n      "network": null,\n      "request_three_d_secure": "automatic"\n    },\n    "link": {\n      "persistent_token": null\n    }\n  },\n  "payment_method_types": [\n    "card",\n    "link"\n  ],\n  "processing": null,\n  "receipt_email": null,\n  "review": null,\n  "setup_future_usage": null,\n  "shipping": null,\n  "source": null,\n  "statement_descriptor": null,\n  "statement_descriptor_suffix": null,\n  "status": "requires_payment_method",\n  "transfer_data": null,\n  "transfer_group": null\n}' message='API response body'
link=https://dashboard.stripe.com/test/logs/req_spENbZKyMGMDby message='Dashboard link for request'
Signal triggered: update_on_save for OrderLineItem 24
Received payment_intent.succeeded event: pi_3QxoKmJ0NE1ts5c21CFK9kkv
Intent data: {
  "amount": 5000,
  "amount_capturable": 0,
  "amount_details": {
    "tip": {}
  },
  "amount_received": 5000,
  "application": null,
  "application_fee_amount": null,
  "automatic_payment_methods": {
    "allow_redirects": "always",
    "enabled": true
  },
  "canceled_at": null,
  "cancellation_reason": null,
  "capture_method": "automatic_async",
  "client_secret": "pi_3QxoKmJ0NE1ts5c21CFK9kkv_secret_hQ3A3AD63AMQHHHTnbCbRZUSQ",
  "confirmation_method": "automatic",
  "created": 1740828956,
  "currency": "usd",
  "customer": null,
  "description": null,
  "id": "pi_3QxoKmJ0NE1ts5c21CFK9kkv",
  "invoice": null,
  "last_payment_error": null,
  "latest_charge": "ch_3QxoKmJ0NE1ts5c21YjnVfGG",
  "livemode": false,
  "metadata": {
    "bag": "{\"4_size_standard_flavor_8_topper_None_roses_0\": {\"product_id\": 4, \"quantity\": 1, \"quantity_kilo\": 1.0, \"total_price\": 50.0, \"product_name\": \"Birthday Cake\", \"flavor\": \"Strawberries with Dulce de Leche\", \"size\": \"standard\", \"topper_text\": null, \"roses_quantity\": 0}}",
    "save_info": "true",
    "username": "miriammccay"
  },
  "next_action": null,
  "object": "payment_intent",
  "on_behalf_of": null,
  "payment_method": "pm_1QxoLDJ0NE1ts5c2L6ULKZnh",
  "payment_method_configuration_details": {
    "id": "pmc_1QsmdAJ0NE1ts5c2ytHvjKCH",
    "parent": null
  },
  "payment_method_options": {
    "card": {
      "installments": null,
      "mandate_options": null,
      "network": null,
      "request_three_d_secure": "automatic"
    },
    "link": {
      "persistent_token": null
    }
  },
  "payment_method_types": [
    "card",
    "link"
  ],
  "processing": null,
  "receipt_email": null,
  "review": null,
  "setup_future_usage": null,
  "shipping": {
    "address": {
      "city": "Dublin, County Dublin",
      "country": "IE",
      "line1": "19, Liffey Walk, North Lotts, Dublin - Celular",
      "line2": "",
      "postal_code": "",
      "state": "County Dublin"
    },
    "carrier": null,
    "name": "teste miriam",
    "phone": "0858855718",
    "tracking_number": null
  },
  "source": null,
  "statement_descriptor": null,
  "statement_descriptor_suffix": null,
  "status": "succeeded",
  "transfer_data": null,
  "transfer_group": null
}
Internal Server Error: /checkout/wh/
Traceback (most recent call last):
  File "C:\Users\miria\OneDrive\Documents\Ferrie-Bakery\Ferrie-Bakery\venv\lib\site-packages\stripe\_stripe_object.py", line 170, in __getattr__
    return self[k]
  File "C:\Users\miria\OneDrive\Documents\Ferrie-Bakery\Ferrie-Bakery\venv\lib\site-packages\stripe\_stripe_object.py", line 212, in __getitem__
    raise err
  File "C:\Users\miria\OneDrive\Documents\Ferrie-Bakery\Ferrie-Bakery\venv\lib\site-packages\stripe\_stripe_object.py", line 200, in __getitem__
    return super(StripeObject, self).__getitem__(k)
KeyError: 'charges'

The above exception was the direct cause of the following exception:

Traceback (most recent call last):
  File "C:\Users\miria\OneDrive\Documents\Ferrie-Bakery\Ferrie-Bakery\venv\lib\site-packages\django\core\handlers\exception.py", line 55, in inner
    response = get_response(request)
  File "C:\Users\miria\OneDrive\Documents\Ferrie-Bakery\Ferrie-Bakery\venv\lib\site-packages\django\core\handlers\base.py", line 197, in _get_response
    response = wrapped_callback(request, *callback_args, **callback_kwargs)
  File "C:\Users\miria\OneDrive\Documents\Ferrie-Bakery\Ferrie-Bakery\venv\lib\site-packages\django\views\decorators\http.py", line 64, in inner
    return func(request, *args, **kwargs)
  File "C:\Users\miria\OneDrive\Documents\Ferrie-Bakery\Ferrie-Bakery\venv\lib\site-packages\django\views\decorators\csrf.py", line 65, in _view_wrapper
    return view_func(request, *args, **kwargs)
  File "C:\Users\miria\OneDrive\Documents\Ferrie-Bakery\Ferrie-Bakery\checkout\webhooks.py", line 55, in webhook
    response = event_handler(event)
  File "C:\Users\miria\OneDrive\Documents\Ferrie-Bakery\Ferrie-Bakery\checkout\webhook_handler.py", line 63, in handle_payment_intent_succeeded
    billing_details = intent.charges.data[0].billing_details if intent.charges and intent.charges.data else intent.billing_details
  File "C:\Users\miria\OneDrive\Documents\Ferrie-Bakery\Ferrie-Bakery\venv\lib\site-packages\stripe\_stripe_object.py", line 172, in __getattr__
    raise AttributeError(*err.args) from err
AttributeError: charges
Watching for file changes with StatReloader
message='Request to Stripe api' method=post url=https://api.stripe.com/v1/payment_intents
api_version=2025-01-27.acacia message='Post details' post_data=amount=1540&currency=usd
Starting new HTTPS connection (1): api.stripe.com:443
https://api.stripe.com:443 "POST /v1/payment_intents HTTP/11" 200 1510
message='Stripe API response' path=https://api.stripe.com/v1/payment_intents response_code=200
body='{\n  "id": "pi_3QxoMxJ0NE1ts5c21XmHkEyZ",\n  "object": "payment_intent",\n  "amount": 1540,\n  "amount_capturable": 0,\n  "amount_details": {\n    "tip": {}\n  },\n  "amount_received": 0,\n  "application": null,\n  "application_fee_amount": null,\n  "automatic_payment_methods": {\n    "allow_redirects": "always",\n    "enabled": true\n  },\n  "canceled_at": null,\n  "cancellation_reason": null,\n  "capture_method": "automatic_async",\n  "client_secret": "pi_3QxoMxJ0NE1ts5c21XmHkEyZ_secret_jw4gQkNTr2oBgGiUBhKFXOKYZ",\n  "confirmation_method": "automatic",\n  "created": 1740829091,\n  "currency": "usd",\n  "customer": null,\n  "description": null,\n  "invoice": null,\n  "last_payment_error": null,\n  "latest_charge": null,\n  "livemode": false,\n  "metadata": {},\n  "next_action": null,\n  "on_behalf_of": null,\n  "payment_method": null,\n  "payment_method_configuration_details": {\n    "id": "pmc_1QsmdAJ0NE1ts5c2ytHvjKCH",\n    "parent": null\n  },\n  "payment_method_options": {\n    "card": {\n      "installments": null,\n      "mandate_options": null,\n      "network": null,\n      "request_three_d_secure": "automatic"\n    },\n    "link": {\n      "persistent_token": null\n    }\n  },\n  "payment_method_types": [\n    "card",\n    "link"\n  ],\n  "processing": null,\n  "receipt_email": null,\n  "review": null,\n  "setup_future_usage": null,\n  "shipping": null,\n  "source": null,\n  "statement_descriptor": null,\n  "statement_descriptor_suffix": null,\n  "status": "requires_payment_method",\n  "transfer_data": null,\n  "transfer_group": null\n}' message='API response body'
link=https://dashboard.stripe.com/test/logs/req_dBimZHQ1iKwfBX message='Dashboard link for request'
message='Request to Stripe api' method=post url=https://api.stripe.com/v1/payment_intents/pi_3QxoMxJ0NE1ts5c21XmHkEyZ
api_version=2025-01-27.acacia message='Post details' post_data=metadata[bag]=%7B%229_size_standard_flavor_12_topper_None_roses_0%22%3A+%7B%22product_id%22%3A+9%2C+%22quantity%22%3A+2%2C+%22quantity_kilo%22%3A+0.0%2C+%22total_price%22%3A+14.0%2C+%22product_name%22%3A+%22Mousses%22%2C+%22flavor%22%3A+%22Chocolate+Mousse+with+Ninho+%28Powdered+Milk%29%22%2C+%22size%22%3A+%22standard%22%2C+%22topper_text%22%3A+null%2C+%22roses_quantity%22%3A+0%7D%7D&metadata[save_info]=true&metadata[username]=miriammccay
https://api.stripe.com:443 "POST /v1/payment_intents/pi_3QxoMxJ0NE1ts5c21XmHkEyZ HTTP/11" 200 1881
message='Stripe API response' path=https://api.stripe.com/v1/payment_intents/pi_3QxoMxJ0NE1ts5c21XmHkEyZ response_code=200
body='{\n  "id": "pi_3QxoMxJ0NE1ts5c21XmHkEyZ",\n  "object": "payment_intent",\n  "amount": 1540,\n  "amount_capturable": 0,\n  "amount_details": {\n    "tip": {}\n  },\n  "amount_received": 0,\n  "application": null,\n  "application_fee_amount": null,\n  "automatic_payment_methods": {\n    "allow_redirects": "always",\n    "enabled": true\n  },\n  "canceled_at": null,\n  "cancellation_reason": null,\n  "capture_method": "automatic_async",\n  "client_secret": "pi_3QxoMxJ0NE1ts5c21XmHkEyZ_secret_jw4gQkNTr2oBgGiUBhKFXOKYZ",\n  "confirmation_method": "automatic",\n  "created": 1740829091,\n  "currency": "usd",\n  "customer": null,\n  "description": null,\n  "invoice": null,\n  "last_payment_error": null,\n  "latest_charge": null,\n  "livemode": false,\n  "metadata": {\n    "bag": "{\\"9_size_standard_flavor_12_topper_None_roses_0\\": {\\"product_id\\": 9, \\"quantity\\": 2, \\"quantity_kilo\\": 0.0, \\"total_price\\": 14.0, \\"product_name\\": \\"Mousses\\", \\"flavor\\": \\"Chocolate Mousse with Ninho (Powdered Milk)\\", \\"size\\": \\"standard\\", \\"topper_text\\": null, \\"roses_quantity\\": 0}}",\n    "save_info": "true",\n    "username": "miriammccay"\n  },\n  "next_action": null,\n  "on_behalf_of": null,\n  "payment_method": null,\n  "payment_method_configuration_details": {\n    "id": "pmc_1QsmdAJ0NE1ts5c2ytHvjKCH",\n    "parent": null\n  },\n  "payment_method_options": {\n    "card": {\n      "installments": null,\n      "mandate_options": null,\n      "network": null,\n      "request_three_d_secure": "automatic"\n    },\n    "link": {\n      "persistent_token": null\n    }\n  },\n  "payment_method_types": [\n    "card",\n    "link"\n  ],\n  "processing": null,\n  "receipt_email": null,\n  "review": null,\n  "setup_future_usage": null,\n  "shipping": null,\n  "source": null,\n  "statement_descriptor": null,\n  "statement_descriptor_suffix": null,\n  "status": "requires_payment_method",\n  "transfer_data": null,\n  "transfer_group": null\n}' message='API response body'
link=https://dashboard.stripe.com/test/logs/req_5ZdTFGZZ4cffq2 message='Dashboard link for request'
Signal triggered: update_on_save for OrderLineItem 25
Received payment_intent.succeeded event: pi_3QxoMxJ0NE1ts5c21XmHkEyZ
Intent data: {
  "amount": 1540,
  "amount_capturable": 0,
  "amount_details": {
    "tip": {}
  },
  "amount_received": 1540,
  "application": null,
  "application_fee_amount": null,
  "automatic_payment_methods": {
    "allow_redirects": "always",
    "enabled": true
  },
  "canceled_at": null,
  "cancellation_reason": null,
  "capture_method": "automatic_async",
  "client_secret": "pi_3QxoMxJ0NE1ts5c21XmHkEyZ_secret_jw4gQkNTr2oBgGiUBhKFXOKYZ",
  "confirmation_method": "automatic",
  "created": 1740829091,
  "currency": "usd",
  "customer": null,
  "description": null,
  "id": "pi_3QxoMxJ0NE1ts5c21XmHkEyZ",
  "invoice": null,
  "last_payment_error": null,
  "latest_charge": "ch_3QxoMxJ0NE1ts5c21Klf5iIk",
  "livemode": false,
  "metadata": {
    "bag": "{\"9_size_standard_flavor_12_topper_None_roses_0\": {\"product_id\": 9, \"quantity\": 2, \"quantity_kilo\": 0.0, \"total_price\": 14.0, \"product_name\": \"Mousses\", \"flavor\": \"Chocolate Mousse with Ninho (Powdered Milk)\", \"size\": \"standard\", \"topper_text\": null, \"roses_quantity\": 0}}",
    "save_info": "true",
    "username": "miriammccay"
  },
  "next_action": null,
  "object": "payment_intent",
  "on_behalf_of": null,
  "payment_method": "pm_1QxoNPJ0NE1ts5c2q73Wh6Fa",
  "payment_method_configuration_details": {
    "id": "pmc_1QsmdAJ0NE1ts5c2ytHvjKCH",
    "parent": null
  },
  "payment_method_options": {
    "card": {
      "installments": null,
      "mandate_options": null,
      "network": null,
      "request_three_d_secure": "automatic"
    },
    "link": {
      "persistent_token": null
    }
  },
  "payment_method_types": [
    "card",
    "link"
  ],
  "processing": null,
  "receipt_email": null,
  "review": null,
  "setup_future_usage": null,
  "shipping": {
    "address": {
      "city": "Dublin, County Dublin",
      "country": "IE",
      "line1": "19, Liffey Walk, North Lotts, Dublin - Celular",
      "line2": "",
      "postal_code": "",
      "state": "County Dublin"
    },
    "carrier": null,
    "name": "teste miriam",
    "phone": "0858855718",
    "tracking_number": null
  },
  "source": null,
  "statement_descriptor": null,
  "statement_descriptor_suffix": null,
  "status": "succeeded",
  "transfer_data": null,
  "transfer_group": null
}
Internal Server Error: /checkout/wh/
Traceback (most recent call last):
  File "C:\Users\miria\OneDrive\Documents\Ferrie-Bakery\Ferrie-Bakery\venv\lib\site-packages\stripe\_stripe_object.py", line 170, in __getattr__
    return self[k]
  File "C:\Users\miria\OneDrive\Documents\Ferrie-Bakery\Ferrie-Bakery\venv\lib\site-packages\stripe\_stripe_object.py", line 212, in __getitem__
    raise err
  File "C:\Users\miria\OneDrive\Documents\Ferrie-Bakery\Ferrie-Bakery\venv\lib\site-packages\stripe\_stripe_object.py", line 200, in __getitem__
    return super(StripeObject, self).__getitem__(k)
KeyError: 'charges'

The above exception was the direct cause of the following exception:

Traceback (most recent call last):
  File "C:\Users\miria\OneDrive\Documents\Ferrie-Bakery\Ferrie-Bakery\venv\lib\site-packages\django\core\handlers\exception.py", line 55, in inner
    response = get_response(request)
  File "C:\Users\miria\OneDrive\Documents\Ferrie-Bakery\Ferrie-Bakery\venv\lib\site-packages\django\core\handlers\base.py", line 197, in _get_response
    response = wrapped_callback(request, *callback_args, **callback_kwargs)
  File "C:\Users\miria\OneDrive\Documents\Ferrie-Bakery\Ferrie-Bakery\venv\lib\site-packages\django\views\decorators\http.py", line 64, in inner
    return func(request, *args, **kwargs)
  File "C:\Users\miria\OneDrive\Documents\Ferrie-Bakery\Ferrie-Bakery\venv\lib\site-packages\django\views\decorators\csrf.py", line 65, in _view_wrapper
    return view_func(request, *args, **kwargs)
  File "C:\Users\miria\OneDrive\Documents\Ferrie-Bakery\Ferrie-Bakery\checkout\webhooks.py", line 55, in webhook
    response = event_handler(event)
  File "C:\Users\miria\OneDrive\Documents\Ferrie-Bakery\Ferrie-Bakery\checkout\webhook_handler.py", line 63, in handle_payment_intent_succeeded
    billing_details = intent.charges.data[0].billing_details if intent.charges and intent.charges.data else intent.billing_details
  File "C:\Users\miria\OneDrive\Documents\Ferrie-Bakery\Ferrie-Bakery\venv\lib\site-packages\stripe\_stripe_object.py", line 172, in __getattr__
    raise AttributeError(*err.args) from err
AttributeError: charges
C:\Users\miria\OneDrive\Documents\Ferrie-Bakery\Ferrie-Bakery\checkout\webhook_handler.py changed, reloading.
Watching for file changes with StatReloader
C:\Users\miria\OneDrive\Documents\Ferrie-Bakery\Ferrie-Bakery\checkout\webhook_handler.py changed, reloading.
Watching for file changes with StatReloader
Watching for file changes with StatReloader
message='Request to Stripe api' method=post url=https://api.stripe.com/v1/payment_intents
api_version=2025-01-27.acacia message='Post details' post_data=amount=12000&currency=usd
Starting new HTTPS connection (1): api.stripe.com:443
https://api.stripe.com:443 "POST /v1/payment_intents HTTP/11" 200 1511
message='Stripe API response' path=https://api.stripe.com/v1/payment_intents response_code=200
body='{\n  "id": "pi_3Qxp3HJ0NE1ts5c20in2RW3Q",\n  "object": "payment_intent",\n  "amount": 12000,\n  "amount_capturable": 0,\n  "amount_details": {\n    "tip": {}\n  },\n  "amount_received": 0,\n  "application": null,\n  "application_fee_amount": null,\n  "automatic_payment_methods": {\n    "allow_redirects": "always",\n    "enabled": true\n  },\n  "canceled_at": null,\n  "cancellation_reason": null,\n  "capture_method": "automatic_async",\n  "client_secret": "pi_3Qxp3HJ0NE1ts5c20in2RW3Q_secret_qdNlWt7IDjmIWeLeGu95p2sBR",\n  "confirmation_method": "automatic",\n  "created": 1740831715,\n  "currency": "usd",\n  "customer": null,\n  "description": null,\n  "invoice": null,\n  "last_payment_error": null,\n  "latest_charge": null,\n  "livemode": false,\n  "metadata": {},\n  "next_action": null,\n  "on_behalf_of": null,\n  "payment_method": null,\n  "payment_method_configuration_details": {\n    "id": "pmc_1QsmdAJ0NE1ts5c2ytHvjKCH",\n    "parent": null\n  },\n  "payment_method_options": {\n    "card": {\n      "installments": null,\n      "mandate_options": null,\n      "network": null,\n      "request_three_d_secure": "automatic"\n    },\n    "link": {\n      "persistent_token": null\n    }\n  },\n  "payment_method_types": [\n    "card",\n    "link"\n  ],\n  "processing": null,\n  "receipt_email": null,\n  "review": null,\n  "setup_future_usage": null,\n  "shipping": null,\n  "source": null,\n  "statement_descriptor": null,\n  "statement_descriptor_suffix": null,\n  "status": "requires_payment_method",\n  "transfer_data": null,\n  "transfer_group": null\n}' message='API response body'
link=https://dashboard.stripe.com/test/logs/req_0WvqqzQkbqZmUq message='Dashboard link for request'
message='Request to Stripe api' method=post url=https://api.stripe.com/v1/payment_intents/pi_3Qxp3HJ0NE1ts5c20in2RW3Q
api_version=2025-01-27.acacia message='Post details' post_data=metadata[bag]=%7B%2214_size_standard_flavor_30_topper_None_roses_0%22%3A+%7B%22product_id%22%3A+14%2C+%22quantity%22%3A+1%2C+%22quantity_kilo%22%3A+0.0%2C+%22total_price%22%3A+120.0%2C+%22product_name%22%3A+%22Party+Sweets%22%2C+%22flavor%22%3A+%22Chocolate+Fudge+%28Brigadeiro%29%22%2C+%22size%22%3A+%22standard%22%2C+%22topper_text%22%3A+null%2C+%22roses_quantity%22%3A+0%7D%7D&metadata[save_info]=true&metadata[username]=miriammccay
https://api.stripe.com:443 "POST /v1/payment_intents/pi_3Qxp3HJ0NE1ts5c20in2RW3Q HTTP/11" 200 1875
message='Stripe API response' path=https://api.stripe.com/v1/payment_intents/pi_3Qxp3HJ0NE1ts5c20in2RW3Q response_code=200
body='{\n  "id": "pi_3Qxp3HJ0NE1ts5c20in2RW3Q",\n  "object": "payment_intent",\n  "amount": 12000,\n  "amount_capturable": 0,\n  "amount_details": {\n    "tip": {}\n  },\n  "amount_received": 0,\n  "application": null,\n  "application_fee_amount": null,\n  "automatic_payment_methods": {\n    "allow_redirects": "always",\n    "enabled": true\n  },\n  "canceled_at": null,\n  "cancellation_reason": null,\n  "capture_method": "automatic_async",\n  "client_secret": "pi_3Qxp3HJ0NE1ts5c20in2RW3Q_secret_qdNlWt7IDjmIWeLeGu95p2sBR",\n  "confirmation_method": "automatic",\n  "created": 1740831715,\n  "currency": "usd",\n  "customer": null,\n  "description": null,\n  "invoice": null,\n  "last_payment_error": null,\n  "latest_charge": null,\n  "livemode": false,\n  "metadata": {\n    "bag": "{\\"14_size_standard_flavor_30_topper_None_roses_0\\": {\\"product_id\\": 14, \\"quantity\\": 1, \\"quantity_kilo\\": 0.0, \\"total_price\\": 120.0, \\"product_name\\": \\"Party Sweets\\", \\"flavor\\": \\"Chocolate Fudge (Brigadeiro)\\", \\"size\\": \\"standard\\", \\"topper_text\\": null, \\"roses_quantity\\": 0}}",\n    "save_info": "true",\n    "username": "miriammccay"\n  },\n  "next_action": null,\n  "on_behalf_of": null,\n  "payment_method": null,\n  "payment_method_configuration_details": {\n    "id": "pmc_1QsmdAJ0NE1ts5c2ytHvjKCH",\n    "parent": null\n  },\n  "payment_method_options": {\n    "card": {\n      "installments": null,\n      "mandate_options": null,\n      "network": null,\n      "request_three_d_secure": "automatic"\n    },\n    "link": {\n      "persistent_token": null\n    }\n  },\n  "payment_method_types": [\n    "card",\n    "link"\n  ],\n  "processing": null,\n  "receipt_email": null,\n  "review": null,\n  "setup_future_usage": null,\n  "shipping": null,\n  "source": null,\n  "statement_descriptor": null,\n  "statement_descriptor_suffix": null,\n  "status": "requires_payment_method",\n  "transfer_data": null,\n  "transfer_group": null\n}' message='API response body'
link=https://dashboard.stripe.com/test/logs/req_a414ZG17MVdgdr message='Dashboard link for request'
Signal triggered: update_on_save for OrderLineItem 26
Received payment_intent.succeeded event: pi_3Qxp3HJ0NE1ts5c20in2RW3Q
Intent data: {
  "amount": 12000,
  "amount_capturable": 0,
  "amount_details": {
    "tip": {}
  },
  "amount_received": 12000,
  "application": null,
  "application_fee_amount": null,
  "automatic_payment_methods": {
    "allow_redirects": "always",
    "enabled": true
  },
  "canceled_at": null,
  "cancellation_reason": null,
  "capture_method": "automatic_async",
  "client_secret": "pi_3Qxp3HJ0NE1ts5c20in2RW3Q_secret_qdNlWt7IDjmIWeLeGu95p2sBR",
  "confirmation_method": "automatic",
  "created": 1740831715,
  "currency": "usd",
  "customer": null,
  "description": null,
  "id": "pi_3Qxp3HJ0NE1ts5c20in2RW3Q",
  "invoice": null,
  "last_payment_error": null,
  "latest_charge": "ch_3Qxp3HJ0NE1ts5c20oqm9FwW",
  "livemode": false,
  "metadata": {
    "bag": "{\"14_size_standard_flavor_30_topper_None_roses_0\": {\"product_id\": 14, \"quantity\": 1, \"quantity_kilo\": 0.0, \"total_price\": 120.0, \"product_name\": \"Party Sweets\", \"flavor\": \"Chocolate Fudge (Brigadeiro)\", \"size\": \"standard\", \"topper_text\": null, \"roses_quantity\": 0}}",
    "save_info": "true",
    "username": "miriammccay"
  },
  "next_action": null,
  "object": "payment_intent",
  "on_behalf_of": null,
  "payment_method": "pm_1Qxp3bJ0NE1ts5c2gRVlNYC6",
  "payment_method_configuration_details": {
    "id": "pmc_1QsmdAJ0NE1ts5c2ytHvjKCH",
    "parent": null
  },
  "payment_method_options": {
    "card": {
      "installments": null,
      "mandate_options": null,
      "network": null,
      "request_three_d_secure": "automatic"
    },
    "link": {
      "persistent_token": null
    }
  },
  "payment_method_types": [
    "card",
    "link"
  ],
  "processing": null,
  "receipt_email": null,
  "review": null,
  "setup_future_usage": null,
  "shipping": {
    "address": {
      "city": "Dublin, County Dublin",
      "country": "IE",
      "line1": "19, Liffey Walk, North Lotts, Dublin - Celular",
      "line2": "",
      "postal_code": "",
      "state": "County Dublin"
    },
    "carrier": null,
    "name": "teste miriam",
    "phone": "0858855718",
    "tracking_number": null
  },
  "source": null,
  "statement_descriptor": null,
  "statement_descriptor_suffix": null,
  "status": "succeeded",
  "transfer_data": null,
  "transfer_group": null
}
Internal Server Error: /checkout/wh/
Traceback (most recent call last):
  File "C:\Users\miria\OneDrive\Documents\Ferrie-Bakery\Ferrie-Bakery\venv\lib\site-packages\django\core\handlers\exception.py", line 55, in inner
    response = get_response(request)
  File "C:\Users\miria\OneDrive\Documents\Ferrie-Bakery\Ferrie-Bakery\venv\lib\site-packages\django\core\handlers\base.py", line 197, in _get_response
    response = wrapped_callback(request, *callback_args, **callback_kwargs)
  File "C:\Users\miria\OneDrive\Documents\Ferrie-Bakery\Ferrie-Bakery\venv\lib\site-packages\django\views\decorators\http.py", line 64, in inner
    return func(request, *args, **kwargs)
  File "C:\Users\miria\OneDrive\Documents\Ferrie-Bakery\Ferrie-Bakery\venv\lib\site-packages\django\views\decorators\csrf.py", line 65, in _view_wrapper
    return view_func(request, *args, **kwargs)
  File "C:\Users\miria\OneDrive\Documents\Ferrie-Bakery\Ferrie-Bakery\checkout\webhooks.py", line 55, in webhook
    response = event_handler(event)
  File "C:\Users\miria\OneDrive\Documents\Ferrie-Bakery\Ferrie-Bakery\checkout\webhook_handler.py", line 90, in handle_payment_intent_succeeded
    email__iexact=billing_details.email,
AttributeError: 'dict' object has no attribute 'email'
C:\Users\miria\OneDrive\Documents\Ferrie-Bakery\Ferrie-Bakery\checkout\webhook_handler.py changed, reloading.
Watching for file changes with StatReloader
Watching for file changes with StatReloader
message='Request to Stripe api' method=post url=https://api.stripe.com/v1/payment_intents
api_version=2025-01-27.acacia message='Post details' post_data=amount=3300&currency=usd
Starting new HTTPS connection (1): api.stripe.com:443
https://api.stripe.com:443 "POST /v1/payment_intents HTTP/11" 200 1510
message='Stripe API response' path=https://api.stripe.com/v1/payment_intents response_code=200
body='{\n  "id": "pi_3Qxpn6J0NE1ts5c21eCBTr09",\n  "object": "payment_intent",\n  "amount": 3300,\n  "amount_capturable": 0,\n  "amount_details": {\n    "tip": {}\n  },\n  "amount_received": 0,\n  "application": null,\n  "application_fee_amount": null,\n  "automatic_payment_methods": {\n    "allow_redirects": "always",\n    "enabled": true\n  },\n  "canceled_at": null,\n  "cancellation_reason": null,\n  "capture_method": "automatic_async",\n  "client_secret": "pi_3Qxpn6J0NE1ts5c21eCBTr09_secret_uZklwv1zzHGJELG0OYoJrXyyc",\n  "confirmation_method": "automatic",\n  "created": 1740834556,\n  "currency": "usd",\n  "customer": null,\n  "description": null,\n  "invoice": null,\n  "last_payment_error": null,\n  "latest_charge": null,\n  "livemode": false,\n  "metadata": {},\n  "next_action": null,\n  "on_behalf_of": null,\n  "payment_method": null,\n  "payment_method_configuration_details": {\n    "id": "pmc_1QsmdAJ0NE1ts5c2ytHvjKCH",\n    "parent": null\n  },\n  "payment_method_options": {\n    "card": {\n      "installments": null,\n      "mandate_options": null,\n      "network": null,\n      "request_three_d_secure": "automatic"\n    },\n    "link": {\n      "persistent_token": null\n    }\n  },\n  "payment_method_types": [\n    "card",\n    "link"\n  ],\n  "processing": null,\n  "receipt_email": null,\n  "review": null,\n  "setup_future_usage": null,\n  "shipping": null,\n  "source": null,\n  "statement_descriptor": null,\n  "statement_descriptor_suffix": null,\n  "status": "requires_payment_method",\n  "transfer_data": null,\n  "transfer_group": null\n}' message='API response body'
link=https://dashboard.stripe.com/test/logs/req_UhnPhikwqnBKXq message='Dashboard link for request'
message='Request to Stripe api' method=post url=https://api.stripe.com/v1/payment_intents/pi_3Qxpn6J0NE1ts5c21eCBTr09
api_version=2025-01-27.acacia message='Post details' post_data=metadata[bag]=%7B%227_size_medium_flavor_19_topper_None_roses_0%22%3A+%7B%22product_id%22%3A+7%2C+%22quantity%22%3A+1%2C+%22quantity_kilo%22%3A+0.0%2C+%22total_price%22%3A+30.0%2C+%22product_name%22%3A+%22Pies%22%2C+%22flavor%22%3A+%22Strawberry+Pie%22%2C+%22size%22%3A+%22medium%22%2C+%22topper_text%22%3A+null%2C+%22roses_quantity%22%3A+0%7D%7D&metadata[save_info]=true&metadata[username]=miriammccay
https://api.stripe.com:443 "POST /v1/payment_intents/pi_3Qxpn6J0NE1ts5c21eCBTr09 HTTP/11" 200 1845
message='Stripe API response' path=https://api.stripe.com/v1/payment_intents/pi_3Qxpn6J0NE1ts5c21eCBTr09 response_code=200
body='{\n  "id": "pi_3Qxpn6J0NE1ts5c21eCBTr09",\n  "object": "payment_intent",\n  "amount": 3300,\n  "amount_capturable": 0,\n  "amount_details": {\n    "tip": {}\n  },\n  "amount_received": 0,\n  "application": null,\n  "application_fee_amount": null,\n  "automatic_payment_methods": {\n    "allow_redirects": "always",\n    "enabled": true\n  },\n  "canceled_at": null,\n  "cancellation_reason": null,\n  "capture_method": "automatic_async",\n  "client_secret": "pi_3Qxpn6J0NE1ts5c21eCBTr09_secret_uZklwv1zzHGJELG0OYoJrXyyc",\n  "confirmation_method": "automatic",\n  "created": 1740834556,\n  "currency": "usd",\n  "customer": null,\n  "description": null,\n  "invoice": null,\n  "last_payment_error": null,\n  "latest_charge": null,\n  "livemode": false,\n  "metadata": {\n    "bag": "{\\"7_size_medium_flavor_19_topper_None_roses_0\\": {\\"product_id\\": 7, \\"quantity\\": 1, \\"quantity_kilo\\": 0.0, \\"total_price\\": 30.0, \\"product_name\\": \\"Pies\\", \\"flavor\\": \\"Strawberry Pie\\", \\"size\\": \\"medium\\", \\"topper_text\\": null, \\"roses_quantity\\": 0}}",\n    "save_info": "true",\n    "username": "miriammccay"\n  },\n  "next_action": null,\n  "on_behalf_of": null,\n  "payment_method": null,\n  "payment_method_configuration_details": {\n    "id": "pmc_1QsmdAJ0NE1ts5c2ytHvjKCH",\n    "parent": null\n  },\n  "payment_method_options": {\n    "card": {\n      "installments": null,\n      "mandate_options": null,\n      "network": null,\n      "request_three_d_secure": "automatic"\n    },\n    "link": {\n      "persistent_token": null\n    }\n  },\n  "payment_method_types": [\n    "card",\n    "link"\n  ],\n  "processing": null,\n  "receipt_email": null,\n  "review": null,\n  "setup_future_usage": null,\n  "shipping": null,\n  "source": null,\n  "statement_descriptor": null,\n  "statement_descriptor_suffix": null,\n  "status": "requires_payment_method",\n  "transfer_data": null,\n  "transfer_group": null\n}' message='API response body'
link=https://dashboard.stripe.com/test/logs/req_WYGROcL3S1Czch message='Dashboard link for request'
Received payment_intent.succeeded event: pi_3Qxpn6J0NE1ts5c21eCBTr09
Intent data: {
  "amount": 3300,
  "amount_capturable": 0,
  "amount_details": {
    "tip": {}
  },
  "amount_received": 3300,
  "application": null,
  "application_fee_amount": null,
  "automatic_payment_methods": {
    "allow_redirects": "always",
    "enabled": true
  },
  "canceled_at": null,
  "cancellation_reason": null,
  "capture_method": "automatic_async",
  "client_secret": "pi_3Qxpn6J0NE1ts5c21eCBTr09_secret_uZklwv1zzHGJELG0OYoJrXyyc",
  "confirmation_method": "automatic",
  "created": 1740834556,
  "currency": "usd",
  "customer": null,
  "description": null,
  "id": "pi_3Qxpn6J0NE1ts5c21eCBTr09",
  "invoice": null,
  "last_payment_error": null,
  "latest_charge": "ch_3Qxpn6J0NE1ts5c21vejqxta",
  "livemode": false,
  "metadata": {
    "bag": "{\"7_size_medium_flavor_19_topper_None_roses_0\": {\"product_id\": 7, \"quantity\": 1, \"quantity_kilo\": 0.0, \"total_price\": 30.0, \"product_name\": \"Pies\", \"flavor\": \"Strawberry Pie\", \"size\": \"medium\", \"topper_text\": null, \"roses_quantity\": 0}}",
    "save_info": "true",
    "username": "miriammccay"
  },
  "next_action": null,
  "object": "payment_intent",
  "on_behalf_of": null,
  "payment_method": "pm_1QxpniJ0NE1ts5c2WjNWaXLU",
  "payment_method_configuration_details": {
    "id": "pmc_1QsmdAJ0NE1ts5c2ytHvjKCH",
    "parent": null
  },
  "payment_method_options": {
    "card": {
      "installments": null,
      "mandate_options": null,
      "network": null,
      "request_three_d_secure": "automatic"
    },
    "link": {
      "persistent_token": null
    }
  },
  "payment_method_types": [
    "card",
    "link"
  ],
  "processing": null,
  "receipt_email": null,
  "review": null,
  "setup_future_usage": null,
  "shipping": {
    "address": {
      "city": "Dublin, County Dublin",
      "country": "IE",
      "line1": "19, Liffey Walk, North Lotts, Dublin - Celular",
      "line2": "",
      "postal_code": "",
      "state": "County Dublin"
    },
    "carrier": null,
    "name": "teste miriam",
    "phone": "0858855718",
    "tracking_number": null
  },
  "source": null,
  "statement_descriptor": null,
  "statement_descriptor_suffix": null,
  "status": "succeeded",
  "transfer_data": null,
  "transfer_group": null
}
Signal triggered: update_on_save for OrderLineItem 27
Webhook received: payment_intent.succeeded | ERROR: NOT NULL constraint failed: checkout_order.email
Internal Server Error: /checkout/wh/
C:\Users\miria\OneDrive\Documents\Ferrie-Bakery\Ferrie-Bakery\checkout\webhook_handler.py changed, reloading.
Watching for file changes with StatReloader
C:\Users\miria\OneDrive\Documents\Ferrie-Bakery\Ferrie-Bakery\products\views.py changed, reloading.
Watching for file changes with StatReloader
C:\Users\miria\OneDrive\Documents\Ferrie-Bakery\Ferrie-Bakery\products\urls.py changed, reloading.
Watching for file changes with StatReloader
Watching for file changes with StatReloader
Internal Server Error: /products/add
Traceback (most recent call last):
  File "C:\Users\miria\OneDrive\Documents\Ferrie-Bakery\Ferrie-Bakery\venv\lib\site-packages\django\db\models\fields\__init__.py", line 2123, in get_prep_value
    return int(value)
ValueError: invalid literal for int() with base 10: 'add'

The above exception was the direct cause of the following exception:

Traceback (most recent call last):
  File "C:\Users\miria\OneDrive\Documents\Ferrie-Bakery\Ferrie-Bakery\venv\lib\site-packages\django\core\handlers\exception.py", line 55, in inner
    response = get_response(request)
  File "C:\Users\miria\OneDrive\Documents\Ferrie-Bakery\Ferrie-Bakery\venv\lib\site-packages\django\core\handlers\base.py", line 197, in _get_response
    response = wrapped_callback(request, *callback_args, **callback_kwargs)
  File "C:\Users\miria\OneDrive\Documents\Ferrie-Bakery\Ferrie-Bakery\products\views.py", line 53, in product_detail
    product = get_object_or_404(Product, pk=product_id)
  File "C:\Users\miria\OneDrive\Documents\Ferrie-Bakery\Ferrie-Bakery\venv\lib\site-packages\django\shortcuts.py", line 86, in get_object_or_404
    return queryset.get(*args, **kwargs)
  File "C:\Users\miria\OneDrive\Documents\Ferrie-Bakery\Ferrie-Bakery\venv\lib\site-packages\django\db\models\query.py", line 635, in get
    clone = self._chain() if self.query.combinator else self.filter(*args, **kwargs)
  File "C:\Users\miria\OneDrive\Documents\Ferrie-Bakery\Ferrie-Bakery\venv\lib\site-packages\django\db\models\query.py", line 1476, in filter
    return self._filter_or_exclude(False, args, kwargs)
  File "C:\Users\miria\OneDrive\Documents\Ferrie-Bakery\Ferrie-Bakery\venv\lib\site-packages\modeltranslation\manager.py", line 332, in _filter_or_exclude
    return super()._filter_or_exclude(negate, args, kwargs)
  File "C:\Users\miria\OneDrive\Documents\Ferrie-Bakery\Ferrie-Bakery\venv\lib\site-packages\django\db\models\query.py", line 1494, in _filter_or_exclude
    clone._filter_or_exclude_inplace(negate, args, kwargs)
  File "C:\Users\miria\OneDrive\Documents\Ferrie-Bakery\Ferrie-Bakery\venv\lib\site-packages\django\db\models\query.py", line 1501, in _filter_or_exclude_inplace
    self._query.add_q(Q(*args, **kwargs))
  File "C:\Users\miria\OneDrive\Documents\Ferrie-Bakery\Ferrie-Bakery\venv\lib\site-packages\django\db\models\sql\query.py", line 1609, in add_q
    clause, _ = self._add_q(q_object, self.used_aliases)
  File "C:\Users\miria\OneDrive\Documents\Ferrie-Bakery\Ferrie-Bakery\venv\lib\site-packages\django\db\models\sql\query.py", line 1641, in _add_q
    child_clause, needed_inner = self.build_filter(
  File "C:\Users\miria\OneDrive\Documents\Ferrie-Bakery\Ferrie-Bakery\venv\lib\site-packages\django\db\models\sql\query.py", line 1555, in build_filter
    condition = self.build_lookup(lookups, col, value)
  File "C:\Users\miria\OneDrive\Documents\Ferrie-Bakery\Ferrie-Bakery\venv\lib\site-packages\django\db\models\sql\query.py", line 1385, in build_lookup
    lookup = lookup_class(lhs, rhs)
  File "C:\Users\miria\OneDrive\Documents\Ferrie-Bakery\Ferrie-Bakery\venv\lib\site-packages\django\db\models\lookups.py", line 30, in __init__
    self.rhs = self.get_prep_lookup()
  File "C:\Users\miria\OneDrive\Documents\Ferrie-Bakery\Ferrie-Bakery\venv\lib\site-packages\django\db\models\lookups.py", line 369, in get_prep_lookup
    return super().get_prep_lookup()
  File "C:\Users\miria\OneDrive\Documents\Ferrie-Bakery\Ferrie-Bakery\venv\lib\site-packages\django\db\models\lookups.py", line 88, in get_prep_lookup
    return self.lhs.output_field.get_prep_value(self.rhs)
  File "C:\Users\miria\OneDrive\Documents\Ferrie-Bakery\Ferrie-Bakery\venv\lib\site-packages\django\db\models\fields\__init__.py", line 2125, in get_prep_value
    raise e.__class__(
ValueError: Field 'id' expected a number but got 'add'.
C:\Users\miria\OneDrive\Documents\Ferrie-Bakery\Ferrie-Bakery\products\views.py changed, reloading.
C:\Users\miria\OneDrive\Documents\Ferrie-Bakery\Ferrie-Bakery\products\views.py changed, reloading.
Watching for file changes with StatReloader
Watching for file changes with StatReloader
C:\Users\miria\OneDrive\Documents\Ferrie-Bakery\Ferrie-Bakery\profiles\views.py changed, reloading.
C:\Users\miria\OneDrive\Documents\Ferrie-Bakery\Ferrie-Bakery\profiles\views.py changed, reloading.
Watching for file changes with StatReloader
Watching for file changes with StatReloader
Watching for file changes with StatReloader
Importing BlpImagePlugin
Importing BmpImagePlugin
Importing BufrStubImagePlugin
Importing CurImagePlugin
Importing DcxImagePlugin
Importing DdsImagePlugin
Importing EpsImagePlugin
Importing FitsImagePlugin
Importing FliImagePlugin
Importing FpxImagePlugin
Image: failed to import FpxImagePlugin: No module named 'olefile'
Importing FtexImagePlugin
Importing GbrImagePlugin
Importing GifImagePlugin
Importing GribStubImagePlugin
Importing Hdf5StubImagePlugin
Importing IcnsImagePlugin
Importing IcoImagePlugin
Importing ImImagePlugin
Importing ImtImagePlugin
Importing IptcImagePlugin
Importing JpegImagePlugin
Importing Jpeg2KImagePlugin
Importing McIdasImagePlugin
Importing MicImagePlugin
Image: failed to import MicImagePlugin: No module named 'olefile'
Importing MpegImagePlugin
Importing MpoImagePlugin
Importing MspImagePlugin
Importing PalmImagePlugin
Importing PcdImagePlugin
Importing PcxImagePlugin
Importing PdfImagePlugin
Importing PixarImagePlugin
Importing PngImagePlugin
Importing PpmImagePlugin
Importing PsdImagePlugin
Importing QoiImagePlugin
Importing SgiImagePlugin
Importing SpiderImagePlugin
Importing SunImagePlugin
Importing TgaImagePlugin
Importing TiffImagePlugin
Importing WebPImagePlugin
Importing WmfImagePlugin
Importing XbmImagePlugin
Importing XpmImagePlugin
Importing XVThumbImagePlugin
Not Found: /media/noimage.png
Not Found: /media/noimage.png
Not Found: /media/noimage.png
C:\Users\miria\OneDrive\Documents\Ferrie-Bakery\Ferrie-Bakery\products\views.py changed, reloading.
C:\Users\miria\OneDrive\Documents\Ferrie-Bakery\Ferrie-Bakery\products\views.py changed, reloading.
C:\Users\miria\OneDrive\Documents\Ferrie-Bakery\Ferrie-Bakery\products\views.py changed, reloading.
Watching for file changes with StatReloader
Watching for file changes with StatReloader
Not Found: /media/noimage.png
Internal Server Error: /admin/products/product/
Traceback (most recent call last):
  File "C:\Users\miria\OneDrive\Documents\Ferrie-Bakery\Ferrie-Bakery\venv\lib\site-packages\django\db\models\options.py", line 676, in get_field
    return self.fields_map[field_name]
KeyError: 'action_checkbox'

During handling of the above exception, another exception occurred:

Traceback (most recent call last):
  File "C:\Users\miria\OneDrive\Documents\Ferrie-Bakery\Ferrie-Bakery\venv\lib\site-packages\django\contrib\admin\utils.py", line 290, in lookup_field
    f = _get_non_gfk_field(opts, name)
  File "C:\Users\miria\OneDrive\Documents\Ferrie-Bakery\Ferrie-Bakery\venv\lib\site-packages\django\contrib\admin\utils.py", line 330, in _get_non_gfk_field
    field = opts.get_field(name)
  File "C:\Users\miria\OneDrive\Documents\Ferrie-Bakery\Ferrie-Bakery\venv\lib\site-packages\django\db\models\options.py", line 678, in get_field
    raise FieldDoesNotExist(
django.core.exceptions.FieldDoesNotExist: Product has no field named 'action_checkbox'

During handling of the above exception, another exception occurred:

Traceback (most recent call last):
  File "C:\Users\miria\OneDrive\Documents\Ferrie-Bakery\Ferrie-Bakery\venv\lib\site-packages\django\core\handlers\exception.py", line 55, in inner
    response = get_response(request)
  File "C:\Users\miria\OneDrive\Documents\Ferrie-Bakery\Ferrie-Bakery\venv\lib\site-packages\django\core\handlers\base.py", line 220, in _get_response
    response = response.render()
  File "C:\Users\miria\OneDrive\Documents\Ferrie-Bakery\Ferrie-Bakery\venv\lib\site-packages\django\template\response.py", line 114, in render
    self.content = self.rendered_content
  File "C:\Users\miria\OneDrive\Documents\Ferrie-Bakery\Ferrie-Bakery\venv\lib\site-packages\django\template\response.py", line 92, in rendered_content
    return template.render(context, self._request)
  File "C:\Users\miria\OneDrive\Documents\Ferrie-Bakery\Ferrie-Bakery\venv\lib\site-packages\django\template\backends\django.py", line 107, in render
    return self.template.render(context)
  File "C:\Users\miria\OneDrive\Documents\Ferrie-Bakery\Ferrie-Bakery\venv\lib\site-packages\django\template\base.py", line 171, in render
    return self._render(context)
  File "C:\Users\miria\OneDrive\Documents\Ferrie-Bakery\Ferrie-Bakery\venv\lib\site-packages\django\template\base.py", line 163, in _render
    return self.nodelist.render(context)
  File "C:\Users\miria\OneDrive\Documents\Ferrie-Bakery\Ferrie-Bakery\venv\lib\site-packages\django\template\base.py", line 1008, in render
    return SafeString("".join([node.render_annotated(context) for node in self]))
  File "C:\Users\miria\OneDrive\Documents\Ferrie-Bakery\Ferrie-Bakery\venv\lib\site-packages\django\template\base.py", line 1008, in <listcomp>
    return SafeString("".join([node.render_annotated(context) for node in self]))
  File "C:\Users\miria\OneDrive\Documents\Ferrie-Bakery\Ferrie-Bakery\venv\lib\site-packages\django\template\base.py", line 969, in render_annotated
    return self.render(context)
  File "C:\Users\miria\OneDrive\Documents\Ferrie-Bakery\Ferrie-Bakery\venv\lib\site-packages\django\template\loader_tags.py", line 159, in render
    return compiled_parent._render(context)
  File "C:\Users\miria\OneDrive\Documents\Ferrie-Bakery\Ferrie-Bakery\venv\lib\site-packages\django\template\base.py", line 163, in _render
    return self.nodelist.render(context)
  File "C:\Users\miria\OneDrive\Documents\Ferrie-Bakery\Ferrie-Bakery\venv\lib\site-packages\django\template\base.py", line 1008, in render
    return SafeString("".join([node.render_annotated(context) for node in self]))
  File "C:\Users\miria\OneDrive\Documents\Ferrie-Bakery\Ferrie-Bakery\venv\lib\site-packages\django\template\base.py", line 1008, in <listcomp>
    return SafeString("".join([node.render_annotated(context) for node in self]))
  File "C:\Users\miria\OneDrive\Documents\Ferrie-Bakery\Ferrie-Bakery\venv\lib\site-packages\django\template\base.py", line 969, in render_annotated
    return self.render(context)
  File "C:\Users\miria\OneDrive\Documents\Ferrie-Bakery\Ferrie-Bakery\venv\lib\site-packages\django\template\loader_tags.py", line 159, in render
    return compiled_parent._render(context)
  File "C:\Users\miria\OneDrive\Documents\Ferrie-Bakery\Ferrie-Bakery\venv\lib\site-packages\django\template\base.py", line 163, in _render
    return self.nodelist.render(context)
  File "C:\Users\miria\OneDrive\Documents\Ferrie-Bakery\Ferrie-Bakery\venv\lib\site-packages\django\template\base.py", line 1008, in render
    return SafeString("".join([node.render_annotated(context) for node in self]))
  File "C:\Users\miria\OneDrive\Documents\Ferrie-Bakery\Ferrie-Bakery\venv\lib\site-packages\django\template\base.py", line 1008, in <listcomp>
    return SafeString("".join([node.render_annotated(context) for node in self]))
  File "C:\Users\miria\OneDrive\Documents\Ferrie-Bakery\Ferrie-Bakery\venv\lib\site-packages\django\template\base.py", line 969, in render_annotated
    return self.render(context)
  File "C:\Users\miria\OneDrive\Documents\Ferrie-Bakery\Ferrie-Bakery\venv\lib\site-packages\django\template\loader_tags.py", line 65, in render
    result = block.nodelist.render(context)
  File "C:\Users\miria\OneDrive\Documents\Ferrie-Bakery\Ferrie-Bakery\venv\lib\site-packages\django\template\base.py", line 1008, in render
    return SafeString("".join([node.render_annotated(context) for node in self]))
  File "C:\Users\miria\OneDrive\Documents\Ferrie-Bakery\Ferrie-Bakery\venv\lib\site-packages\django\template\base.py", line 1008, in <listcomp>
    return SafeString("".join([node.render_annotated(context) for node in self]))
  File "C:\Users\miria\OneDrive\Documents\Ferrie-Bakery\Ferrie-Bakery\venv\lib\site-packages\django\template\base.py", line 969, in render_annotated
    return self.render(context)
  File "C:\Users\miria\OneDrive\Documents\Ferrie-Bakery\Ferrie-Bakery\venv\lib\site-packages\django\template\loader_tags.py", line 65, in render
    result = block.nodelist.render(context)
  File "C:\Users\miria\OneDrive\Documents\Ferrie-Bakery\Ferrie-Bakery\venv\lib\site-packages\django\template\base.py", line 1008, in render
    return SafeString("".join([node.render_annotated(context) for node in self]))
  File "C:\Users\miria\OneDrive\Documents\Ferrie-Bakery\Ferrie-Bakery\venv\lib\site-packages\django\template\base.py", line 1008, in <listcomp>
    return SafeString("".join([node.render_annotated(context) for node in self]))
  File "C:\Users\miria\OneDrive\Documents\Ferrie-Bakery\Ferrie-Bakery\venv\lib\site-packages\django\template\base.py", line 969, in render_annotated
    return self.render(context)
  File "C:\Users\miria\OneDrive\Documents\Ferrie-Bakery\Ferrie-Bakery\venv\lib\site-packages\django\contrib\admin\templatetags\base.py", line 45, in render
    return super().render(context)
  File "C:\Users\miria\OneDrive\Documents\Ferrie-Bakery\Ferrie-Bakery\venv\lib\site-packages\django\template\library.py", line 258, in render
    _dict = self.func(*resolved_args, **resolved_kwargs)
  File "C:\Users\miria\OneDrive\Documents\Ferrie-Bakery\Ferrie-Bakery\venv\lib\site-packages\django\contrib\admin\templatetags\admin_list.py", line 346, in result_list
    "results": list(results(cl)),
  File "C:\Users\miria\OneDrive\Documents\Ferrie-Bakery\Ferrie-Bakery\venv\lib\site-packages\django\contrib\admin\templatetags\admin_list.py", line 322, in results
    yield ResultList(None, items_for_result(cl, res, None))
  File "C:\Users\miria\OneDrive\Documents\Ferrie-Bakery\Ferrie-Bakery\venv\lib\site-packages\django\contrib\admin\templatetags\admin_list.py", line 313, in __init__
    super().__init__(*items)
  File "C:\Users\miria\OneDrive\Documents\Ferrie-Bakery\Ferrie-Bakery\venv\lib\site-packages\django\contrib\admin\templatetags\admin_list.py", line 218, in items_for_result
    f, attr, value = lookup_field(field_name, result, cl.model_admin)
  File "C:\Users\miria\OneDrive\Documents\Ferrie-Bakery\Ferrie-Bakery\venv\lib\site-packages\django\contrib\admin\utils.py", line 299, in lookup_field
    value = attr(obj)
  File "C:\Users\miria\OneDrive\Documents\Ferrie-Bakery\Ferrie-Bakery\venv\lib\site-packages\django\contrib\admin\options.py", line 1030, in action_checkbox
    _("Select this object for an action - {}"), str(obj)
TypeError: __str__ returned non-string (type __proxy__)
C:\Users\miria\OneDrive\Documents\Ferrie-Bakery\Ferrie-Bakery\products\urls.py changed, reloading.
C:\Users\miria\OneDrive\Documents\Ferrie-Bakery\Ferrie-Bakery\products\urls.py changed, reloading.
C:\Users\miria\OneDrive\Documents\Ferrie-Bakery\Ferrie-Bakery\products\urls.py changed, reloading.
Watching for file changes with StatReloader
Watching for file changes with StatReloader
Watching for file changes with StatReloader
Internal Server Error: /admin/products/product/
Traceback (most recent call last):
  File "C:\Users\miria\OneDrive\Documents\Ferrie-Bakery\Ferrie-Bakery\venv\lib\site-packages\django\db\models\options.py", line 676, in get_field
    return self.fields_map[field_name]
KeyError: 'action_checkbox'

During handling of the above exception, another exception occurred:

Traceback (most recent call last):
  File "C:\Users\miria\OneDrive\Documents\Ferrie-Bakery\Ferrie-Bakery\venv\lib\site-packages\django\contrib\admin\utils.py", line 290, in lookup_field
    f = _get_non_gfk_field(opts, name)
  File "C:\Users\miria\OneDrive\Documents\Ferrie-Bakery\Ferrie-Bakery\venv\lib\site-packages\django\contrib\admin\utils.py", line 330, in _get_non_gfk_field
    field = opts.get_field(name)
  File "C:\Users\miria\OneDrive\Documents\Ferrie-Bakery\Ferrie-Bakery\venv\lib\site-packages\django\db\models\options.py", line 678, in get_field
    raise FieldDoesNotExist(
django.core.exceptions.FieldDoesNotExist: Product has no field named 'action_checkbox'

During handling of the above exception, another exception occurred:

Traceback (most recent call last):
  File "C:\Users\miria\OneDrive\Documents\Ferrie-Bakery\Ferrie-Bakery\venv\lib\site-packages\django\core\handlers\exception.py", line 55, in inner
    response = get_response(request)
  File "C:\Users\miria\OneDrive\Documents\Ferrie-Bakery\Ferrie-Bakery\venv\lib\site-packages\django\core\handlers\base.py", line 220, in _get_response
    response = response.render()
  File "C:\Users\miria\OneDrive\Documents\Ferrie-Bakery\Ferrie-Bakery\venv\lib\site-packages\django\template\response.py", line 114, in render
    self.content = self.rendered_content
  File "C:\Users\miria\OneDrive\Documents\Ferrie-Bakery\Ferrie-Bakery\venv\lib\site-packages\django\template\response.py", line 92, in rendered_content
    return template.render(context, self._request)
  File "C:\Users\miria\OneDrive\Documents\Ferrie-Bakery\Ferrie-Bakery\venv\lib\site-packages\django\template\backends\django.py", line 107, in render
    return self.template.render(context)
  File "C:\Users\miria\OneDrive\Documents\Ferrie-Bakery\Ferrie-Bakery\venv\lib\site-packages\django\template\base.py", line 171, in render
    return self._render(context)
  File "C:\Users\miria\OneDrive\Documents\Ferrie-Bakery\Ferrie-Bakery\venv\lib\site-packages\django\template\base.py", line 163, in _render
    return self.nodelist.render(context)
  File "C:\Users\miria\OneDrive\Documents\Ferrie-Bakery\Ferrie-Bakery\venv\lib\site-packages\django\template\base.py", line 1008, in render
    return SafeString("".join([node.render_annotated(context) for node in self]))
  File "C:\Users\miria\OneDrive\Documents\Ferrie-Bakery\Ferrie-Bakery\venv\lib\site-packages\django\template\base.py", line 1008, in <listcomp>
    return SafeString("".join([node.render_annotated(context) for node in self]))
  File "C:\Users\miria\OneDrive\Documents\Ferrie-Bakery\Ferrie-Bakery\venv\lib\site-packages\django\template\base.py", line 969, in render_annotated
    return self.render(context)
  File "C:\Users\miria\OneDrive\Documents\Ferrie-Bakery\Ferrie-Bakery\venv\lib\site-packages\django\template\loader_tags.py", line 159, in render
    return compiled_parent._render(context)
  File "C:\Users\miria\OneDrive\Documents\Ferrie-Bakery\Ferrie-Bakery\venv\lib\site-packages\django\template\base.py", line 163, in _render
    return self.nodelist.render(context)
  File "C:\Users\miria\OneDrive\Documents\Ferrie-Bakery\Ferrie-Bakery\venv\lib\site-packages\django\template\base.py", line 1008, in render
    return SafeString("".join([node.render_annotated(context) for node in self]))
  File "C:\Users\miria\OneDrive\Documents\Ferrie-Bakery\Ferrie-Bakery\venv\lib\site-packages\django\template\base.py", line 1008, in <listcomp>
    return SafeString("".join([node.render_annotated(context) for node in self]))
  File "C:\Users\miria\OneDrive\Documents\Ferrie-Bakery\Ferrie-Bakery\venv\lib\site-packages\django\template\base.py", line 969, in render_annotated
    return self.render(context)
  File "C:\Users\miria\OneDrive\Documents\Ferrie-Bakery\Ferrie-Bakery\venv\lib\site-packages\django\template\loader_tags.py", line 159, in render
    return compiled_parent._render(context)
  File "C:\Users\miria\OneDrive\Documents\Ferrie-Bakery\Ferrie-Bakery\venv\lib\site-packages\django\template\base.py", line 163, in _render
    return self.nodelist.render(context)
  File "C:\Users\miria\OneDrive\Documents\Ferrie-Bakery\Ferrie-Bakery\venv\lib\site-packages\django\template\base.py", line 1008, in render
    return SafeString("".join([node.render_annotated(context) for node in self]))
  File "C:\Users\miria\OneDrive\Documents\Ferrie-Bakery\Ferrie-Bakery\venv\lib\site-packages\django\template\base.py", line 1008, in <listcomp>
    return SafeString("".join([node.render_annotated(context) for node in self]))
  File "C:\Users\miria\OneDrive\Documents\Ferrie-Bakery\Ferrie-Bakery\venv\lib\site-packages\django\template\base.py", line 969, in render_annotated
    return self.render(context)
  File "C:\Users\miria\OneDrive\Documents\Ferrie-Bakery\Ferrie-Bakery\venv\lib\site-packages\django\template\loader_tags.py", line 65, in render
    result = block.nodelist.render(context)
  File "C:\Users\miria\OneDrive\Documents\Ferrie-Bakery\Ferrie-Bakery\venv\lib\site-packages\django\template\base.py", line 1008, in render
    return SafeString("".join([node.render_annotated(context) for node in self]))
  File "C:\Users\miria\OneDrive\Documents\Ferrie-Bakery\Ferrie-Bakery\venv\lib\site-packages\django\template\base.py", line 1008, in <listcomp>
    return SafeString("".join([node.render_annotated(context) for node in self]))
  File "C:\Users\miria\OneDrive\Documents\Ferrie-Bakery\Ferrie-Bakery\venv\lib\site-packages\django\template\base.py", line 969, in render_annotated
    return self.render(context)
  File "C:\Users\miria\OneDrive\Documents\Ferrie-Bakery\Ferrie-Bakery\venv\lib\site-packages\django\template\loader_tags.py", line 65, in render
    result = block.nodelist.render(context)
  File "C:\Users\miria\OneDrive\Documents\Ferrie-Bakery\Ferrie-Bakery\venv\lib\site-packages\django\template\base.py", line 1008, in render
    return SafeString("".join([node.render_annotated(context) for node in self]))
  File "C:\Users\miria\OneDrive\Documents\Ferrie-Bakery\Ferrie-Bakery\venv\lib\site-packages\django\template\base.py", line 1008, in <listcomp>
    return SafeString("".join([node.render_annotated(context) for node in self]))
  File "C:\Users\miria\OneDrive\Documents\Ferrie-Bakery\Ferrie-Bakery\venv\lib\site-packages\django\template\base.py", line 969, in render_annotated
    return self.render(context)
  File "C:\Users\miria\OneDrive\Documents\Ferrie-Bakery\Ferrie-Bakery\venv\lib\site-packages\django\contrib\admin\templatetags\base.py", line 45, in render
    return super().render(context)
  File "C:\Users\miria\OneDrive\Documents\Ferrie-Bakery\Ferrie-Bakery\venv\lib\site-packages\django\template\library.py", line 258, in render
    _dict = self.func(*resolved_args, **resolved_kwargs)
  File "C:\Users\miria\OneDrive\Documents\Ferrie-Bakery\Ferrie-Bakery\venv\lib\site-packages\django\contrib\admin\templatetags\admin_list.py", line 346, in result_list
    "results": list(results(cl)),
  File "C:\Users\miria\OneDrive\Documents\Ferrie-Bakery\Ferrie-Bakery\venv\lib\site-packages\django\contrib\admin\templatetags\admin_list.py", line 322, in results
    yield ResultList(None, items_for_result(cl, res, None))
  File "C:\Users\miria\OneDrive\Documents\Ferrie-Bakery\Ferrie-Bakery\venv\lib\site-packages\django\contrib\admin\templatetags\admin_list.py", line 313, in __init__
    super().__init__(*items)
  File "C:\Users\miria\OneDrive\Documents\Ferrie-Bakery\Ferrie-Bakery\venv\lib\site-packages\django\contrib\admin\templatetags\admin_list.py", line 218, in items_for_result
    f, attr, value = lookup_field(field_name, result, cl.model_admin)
  File "C:\Users\miria\OneDrive\Documents\Ferrie-Bakery\Ferrie-Bakery\venv\lib\site-packages\django\contrib\admin\utils.py", line 299, in lookup_field
    value = attr(obj)
  File "C:\Users\miria\OneDrive\Documents\Ferrie-Bakery\Ferrie-Bakery\venv\lib\site-packages\django\contrib\admin\options.py", line 1030, in action_checkbox
    _("Select this object for an action - {}"), str(obj)
TypeError: __str__ returned non-string (type __proxy__)
C:\Users\miria\OneDrive\Documents\Ferrie-Bakery\Ferrie-Bakery\products\models.py changed, reloading.
C:\Users\miria\OneDrive\Documents\Ferrie-Bakery\Ferrie-Bakery\products\models.py changed, reloading.
C:\Users\miria\OneDrive\Documents\Ferrie-Bakery\Ferrie-Bakery\products\models.py changed, reloading.
Watching for file changes with StatReloader
Watching for file changes with StatReloader
Watching for file changes with StatReloader
C:\Users\miria\OneDrive\Documents\Ferrie-Bakery\Ferrie-Bakery\products\models.py changed, reloading.
C:\Users\miria\OneDrive\Documents\Ferrie-Bakery\Ferrie-Bakery\products\models.py changed, reloading.
C:\Users\miria\OneDrive\Documents\Ferrie-Bakery\Ferrie-Bakery\products\models.py changed, reloading.
Watching for file changes with StatReloader
Watching for file changes with StatReloader
Watching for file changes with StatReloader
Not Found: /media/noimage.png
Not Found: /favicon.ico
Importing BlpImagePlugin
Importing BmpImagePlugin
Importing BufrStubImagePlugin
Importing CurImagePlugin
Importing DcxImagePlugin
Importing DdsImagePlugin
Importing EpsImagePlugin
Importing FitsImagePlugin
Importing FliImagePlugin
Importing FpxImagePlugin
Image: failed to import FpxImagePlugin: No module named 'olefile'
Importing FtexImagePlugin
Importing GbrImagePlugin
Importing GifImagePlugin
Importing GribStubImagePlugin
Importing Hdf5StubImagePlugin
Importing IcnsImagePlugin
Importing IcoImagePlugin
Importing ImImagePlugin
Importing ImtImagePlugin
Importing IptcImagePlugin
Importing JpegImagePlugin
Importing Jpeg2KImagePlugin
Importing McIdasImagePlugin
Importing MicImagePlugin
Image: failed to import MicImagePlugin: No module named 'olefile'
Importing MpegImagePlugin
Importing MpoImagePlugin
Importing MspImagePlugin
Importing PalmImagePlugin
Importing PcdImagePlugin
Importing PcxImagePlugin
Importing PdfImagePlugin
Importing PixarImagePlugin
Importing PngImagePlugin
Importing PpmImagePlugin
Importing PsdImagePlugin
Importing QoiImagePlugin
Importing SgiImagePlugin
Importing SpiderImagePlugin
Importing SunImagePlugin
Importing TgaImagePlugin
Importing TiffImagePlugin
Importing WebPImagePlugin
Importing WmfImagePlugin
Importing XbmImagePlugin
Importing XpmImagePlugin
Importing XVThumbImagePlugin
C:\Users\miria\OneDrive\Documents\Ferrie-Bakery\Ferrie-Bakery\products\models.py changed, reloading.
C:\Users\miria\OneDrive\Documents\Ferrie-Bakery\Ferrie-Bakery\products\models.py changed, reloading.
Watching for file changes with StatReloader
Watching for file changes with StatReloader
C:\Users\miria\OneDrive\Documents\Ferrie-Bakery\Ferrie-Bakery\products\models.py changed, reloading.
C:\Users\miria\OneDrive\Documents\Ferrie-Bakery\Ferrie-Bakery\products\models.py changed, reloading.
C:\Users\miria\OneDrive\Documents\Ferrie-Bakery\Ferrie-Bakery\products\models.py changed, reloading.
Watching for file changes with StatReloader
Watching for file changes with StatReloader
C:\Users\miria\OneDrive\Documents\Ferrie-Bakery\Ferrie-Bakery\products\models.py changed, reloading.
C:\Users\miria\OneDrive\Documents\Ferrie-Bakery\Ferrie-Bakery\products\models.py changed, reloading.
C:\Users\miria\OneDrive\Documents\Ferrie-Bakery\Ferrie-Bakery\products\models.py changed, reloading.
Watching for file changes with StatReloader
Watching for file changes with StatReloader
Watching for file changes with StatReloader
C:\Users\miria\OneDrive\Documents\Ferrie-Bakery\Ferrie-Bakery\products\models.py changed, reloading.
C:\Users\miria\OneDrive\Documents\Ferrie-Bakery\Ferrie-Bakery\products\models.py changed, reloading.
C:\Users\miria\OneDrive\Documents\Ferrie-Bakery\Ferrie-Bakery\products\models.py changed, reloading.
Watching for file changes with StatReloader
Watching for file changes with StatReloader
Watching for file changes with StatReloader
C:\Users\miria\OneDrive\Documents\Ferrie-Bakery\Ferrie-Bakery\products\models.py changed, reloading.
C:\Users\miria\OneDrive\Documents\Ferrie-Bakery\Ferrie-Bakery\products\models.py changed, reloading.
C:\Users\miria\OneDrive\Documents\Ferrie-Bakery\Ferrie-Bakery\products\models.py changed, reloading.
Watching for file changes with StatReloader
Watching for file changes with StatReloader
Watching for file changes with StatReloader
C:\Users\miria\OneDrive\Documents\Ferrie-Bakery\Ferrie-Bakery\products\models.py changed, reloading.
C:\Users\miria\OneDrive\Documents\Ferrie-Bakery\Ferrie-Bakery\products\models.py changed, reloading.
C:\Users\miria\OneDrive\Documents\Ferrie-Bakery\Ferrie-Bakery\products\models.py changed, reloading.
Watching for file changes with StatReloader
Watching for file changes with StatReloader
Watching for file changes with StatReloader
C:\Users\miria\OneDrive\Documents\Ferrie-Bakery\Ferrie-Bakery\products\models.py changed, reloading.
C:\Users\miria\OneDrive\Documents\Ferrie-Bakery\Ferrie-Bakery\products\models.py changed, reloading.
C:\Users\miria\OneDrive\Documents\Ferrie-Bakery\Ferrie-Bakery\products\models.py changed, reloading.
Watching for file changes with StatReloader
Watching for file changes with StatReloader
Watching for file changes with StatReloader
C:\Users\miria\OneDrive\Documents\Ferrie-Bakery\Ferrie-Bakery\products\models.py changed, reloading.
C:\Users\miria\OneDrive\Documents\Ferrie-Bakery\Ferrie-Bakery\products\models.py changed, reloading.
Watching for file changes with StatReloader
Watching for file changes with StatReloader
C:\Users\miria\OneDrive\Documents\Ferrie-Bakery\Ferrie-Bakery\products\models.py changed, reloading.
C:\Users\miria\OneDrive\Documents\Ferrie-Bakery\Ferrie-Bakery\products\models.py changed, reloading.
Watching for file changes with StatReloader
Watching for file changes with StatReloader
C:\Users\miria\OneDrive\Documents\Ferrie-Bakery\Ferrie-Bakery\products\models.py changed, reloading.
C:\Users\miria\OneDrive\Documents\Ferrie-Bakery\Ferrie-Bakery\products\models.py changed, reloading.
Watching for file changes with StatReloader
Watching for file changes with StatReloader
Watching for file changes with StatReloader
C:\Users\miria\OneDrive\Documents\Ferrie-Bakery\Ferrie-Bakery\products\models.py changed, reloading.
C:\Users\miria\OneDrive\Documents\Ferrie-Bakery\Ferrie-Bakery\products\models.py changed, reloading.
Watching for file changes with StatReloader
Watching for file changes with StatReloader
C:\Users\miria\OneDrive\Documents\Ferrie-Bakery\Ferrie-Bakery\products\models.py changed, reloading.
C:\Users\miria\OneDrive\Documents\Ferrie-Bakery\Ferrie-Bakery\products\models.py changed, reloading.
Watching for file changes with StatReloader
Watching for file changes with StatReloader
C:\Users\miria\OneDrive\Documents\Ferrie-Bakery\Ferrie-Bakery\products\models.py changed, reloading.
C:\Users\miria\OneDrive\Documents\Ferrie-Bakery\Ferrie-Bakery\products\models.py changed, reloading.
Watching for file changes with StatReloader
Watching for file changes with StatReloader
C:\Users\miria\OneDrive\Documents\Ferrie-Bakery\Ferrie-Bakery\products\forms.py changed, reloading.
C:\Users\miria\OneDrive\Documents\Ferrie-Bakery\Ferrie-Bakery\products\forms.py changed, reloading.
Watching for file changes with StatReloader
Watching for file changes with StatReloader
Watching for file changes with StatReloader
C:\Users\miria\OneDrive\Documents\Ferrie-Bakery\Ferrie-Bakery\products\models.py changed, reloading.
C:\Users\miria\OneDrive\Documents\Ferrie-Bakery\Ferrie-Bakery\products\models.py changed, reloading.
C:\Users\miria\OneDrive\Documents\Ferrie-Bakery\Ferrie-Bakery\products\models.py changed, reloading.
Watching for file changes with StatReloader
Watching for file changes with StatReloader
Watching for file changes with StatReloader
C:\Users\miria\OneDrive\Documents\Ferrie-Bakery\Ferrie-Bakery\products\models.py changed, reloading.
C:\Users\miria\OneDrive\Documents\Ferrie-Bakery\Ferrie-Bakery\products\models.py changed, reloading.
Watching for file changes with StatReloader
Watching for file changes with StatReloader
Watching for file changes with StatReloader
Importing BlpImagePlugin
Importing BmpImagePlugin
Importing BufrStubImagePlugin
Importing CurImagePlugin
Importing DcxImagePlugin
Importing DdsImagePlugin
Importing EpsImagePlugin
Importing FitsImagePlugin
Importing FliImagePlugin
Importing FpxImagePlugin
Image: failed to import FpxImagePlugin: No module named 'olefile'
Importing FtexImagePlugin
Importing GbrImagePlugin
Importing GifImagePlugin
Importing GribStubImagePlugin
Importing Hdf5StubImagePlugin
Importing IcnsImagePlugin
Importing IcoImagePlugin
Importing ImImagePlugin
Importing ImtImagePlugin
Importing IptcImagePlugin
Importing JpegImagePlugin
Importing Jpeg2KImagePlugin
Importing McIdasImagePlugin
Importing MicImagePlugin
Image: failed to import MicImagePlugin: No module named 'olefile'
Importing MpegImagePlugin
Importing MpoImagePlugin
Importing MspImagePlugin
Importing PalmImagePlugin
Importing PcdImagePlugin
Importing PcxImagePlugin
Importing PdfImagePlugin
Importing PixarImagePlugin
Importing PngImagePlugin
Importing PpmImagePlugin
Importing PsdImagePlugin
Importing QoiImagePlugin
Importing SgiImagePlugin
Importing SpiderImagePlugin
Importing SunImagePlugin
Importing TgaImagePlugin
Importing TiffImagePlugin
Importing WebPImagePlugin
Importing WmfImagePlugin
Importing XbmImagePlugin
Importing XpmImagePlugin
Importing XVThumbImagePlugin
C:\Users\miria\OneDrive\Documents\Ferrie-Bakery\Ferrie-Bakery\products\views.py changed, reloading.
C:\Users\miria\OneDrive\Documents\Ferrie-Bakery\Ferrie-Bakery\products\views.py changed, reloading.
Watching for file changes with StatReloader
Watching for file changes with StatReloader
C:\Users\miria\OneDrive\Documents\Ferrie-Bakery\Ferrie-Bakery\products\urls.py changed, reloading.
C:\Users\miria\OneDrive\Documents\Ferrie-Bakery\Ferrie-Bakery\products\urls.py changed, reloading.
Watching for file changes with StatReloader
Watching for file changes with StatReloader
Watching for file changes with StatReloader
Not Found: /products/edit/1/
Not Found: /products/edit/01/
Not Found: /products/edit/1/
Not Found: /products/edit/1/
Watching for file changes with StatReloader
Internal Server Error: /products/
Traceback (most recent call last):
  File "C:\Users\miria\OneDrive\Documents\Ferrie-Bakery\Ferrie-Bakery\venv\lib\site-packages\django\core\handlers\exception.py", line 55, in inner
    response = get_response(request)
  File "C:\Users\miria\OneDrive\Documents\Ferrie-Bakery\Ferrie-Bakery\venv\lib\site-packages\django\core\handlers\base.py", line 197, in _get_response
    response = wrapped_callback(request, *callback_args, **callback_kwargs)
  File "C:\Users\miria\OneDrive\Documents\Ferrie-Bakery\Ferrie-Bakery\products\views.py", line 48, in all_products
    return render(request, 'products/products.html', context)
  File "C:\Users\miria\OneDrive\Documents\Ferrie-Bakery\Ferrie-Bakery\venv\lib\site-packages\django\shortcuts.py", line 25, in render
    content = loader.render_to_string(template_name, context, request, using=using)
  File "C:\Users\miria\OneDrive\Documents\Ferrie-Bakery\Ferrie-Bakery\venv\lib\site-packages\django\template\loader.py", line 62, in render_to_string
    return template.render(context, request)
  File "C:\Users\miria\OneDrive\Documents\Ferrie-Bakery\Ferrie-Bakery\venv\lib\site-packages\django\template\backends\django.py", line 107, in render
    return self.template.render(context)
  File "C:\Users\miria\OneDrive\Documents\Ferrie-Bakery\Ferrie-Bakery\venv\lib\site-packages\django\template\base.py", line 171, in render
    return self._render(context)
  File "C:\Users\miria\OneDrive\Documents\Ferrie-Bakery\Ferrie-Bakery\venv\lib\site-packages\django\template\base.py", line 163, in _render
    return self.nodelist.render(context)
  File "C:\Users\miria\OneDrive\Documents\Ferrie-Bakery\Ferrie-Bakery\venv\lib\site-packages\django\template\base.py", line 1008, in render
    return SafeString("".join([node.render_annotated(context) for node in self]))
  File "C:\Users\miria\OneDrive\Documents\Ferrie-Bakery\Ferrie-Bakery\venv\lib\site-packages\django\template\base.py", line 1008, in <listcomp>
    return SafeString("".join([node.render_annotated(context) for node in self]))
  File "C:\Users\miria\OneDrive\Documents\Ferrie-Bakery\Ferrie-Bakery\venv\lib\site-packages\django\template\base.py", line 969, in render_annotated
    return self.render(context)
  File "C:\Users\miria\OneDrive\Documents\Ferrie-Bakery\Ferrie-Bakery\venv\lib\site-packages\django\template\loader_tags.py", line 159, in render
    return compiled_parent._render(context)
  File "C:\Users\miria\OneDrive\Documents\Ferrie-Bakery\Ferrie-Bakery\venv\lib\site-packages\django\template\base.py", line 163, in _render
    return self.nodelist.render(context)
  File "C:\Users\miria\OneDrive\Documents\Ferrie-Bakery\Ferrie-Bakery\venv\lib\site-packages\django\template\base.py", line 1008, in render
    return SafeString("".join([node.render_annotated(context) for node in self]))
  File "C:\Users\miria\OneDrive\Documents\Ferrie-Bakery\Ferrie-Bakery\venv\lib\site-packages\django\template\base.py", line 1008, in <listcomp>
    return SafeString("".join([node.render_annotated(context) for node in self]))
  File "C:\Users\miria\OneDrive\Documents\Ferrie-Bakery\Ferrie-Bakery\venv\lib\site-packages\django\template\base.py", line 969, in render_annotated
    return self.render(context)
  File "C:\Users\miria\OneDrive\Documents\Ferrie-Bakery\Ferrie-Bakery\venv\lib\site-packages\django\template\loader_tags.py", line 65, in render
    result = block.nodelist.render(context)
  File "C:\Users\miria\OneDrive\Documents\Ferrie-Bakery\Ferrie-Bakery\venv\lib\site-packages\django\template\base.py", line 1008, in render
    return SafeString("".join([node.render_annotated(context) for node in self]))
  File "C:\Users\miria\OneDrive\Documents\Ferrie-Bakery\Ferrie-Bakery\venv\lib\site-packages\django\template\base.py", line 1008, in <listcomp>
    return SafeString("".join([node.render_annotated(context) for node in self]))
  File "C:\Users\miria\OneDrive\Documents\Ferrie-Bakery\Ferrie-Bakery\venv\lib\site-packages\django\template\base.py", line 969, in render_annotated
    return self.render(context)
  File "C:\Users\miria\OneDrive\Documents\Ferrie-Bakery\Ferrie-Bakery\venv\lib\site-packages\django\template\defaulttags.py", line 243, in render
    nodelist.append(node.render_annotated(context))
  File "C:\Users\miria\OneDrive\Documents\Ferrie-Bakery\Ferrie-Bakery\venv\lib\site-packages\django\template\base.py", line 969, in render_annotated
    return self.render(context)
  File "C:\Users\miria\OneDrive\Documents\Ferrie-Bakery\Ferrie-Bakery\venv\lib\site-packages\django\template\defaulttags.py", line 327, in render
    return nodelist.render(context)
  File "C:\Users\miria\OneDrive\Documents\Ferrie-Bakery\Ferrie-Bakery\venv\lib\site-packages\django\template\base.py", line 1008, in render
    return SafeString("".join([node.render_annotated(context) for node in self]))
  File "C:\Users\miria\OneDrive\Documents\Ferrie-Bakery\Ferrie-Bakery\venv\lib\site-packages\django\template\base.py", line 1008, in <listcomp>
    return SafeString("".join([node.render_annotated(context) for node in self]))
  File "C:\Users\miria\OneDrive\Documents\Ferrie-Bakery\Ferrie-Bakery\venv\lib\site-packages\django\template\base.py", line 969, in render_annotated
    return self.render(context)
  File "C:\Users\miria\OneDrive\Documents\Ferrie-Bakery\Ferrie-Bakery\venv\lib\site-packages\django\template\defaulttags.py", line 480, in render
    url = reverse(view_name, args=args, kwargs=kwargs, current_app=current_app)
  File "C:\Users\miria\OneDrive\Documents\Ferrie-Bakery\Ferrie-Bakery\venv\lib\site-packages\django\urls\base.py", line 88, in reverse
    return resolver._reverse_with_prefix(view, prefix, *args, **kwargs)
  File "C:\Users\miria\OneDrive\Documents\Ferrie-Bakery\Ferrie-Bakery\venv\lib\site-packages\django\urls\resolvers.py", line 831, in _reverse_with_prefix
    raise NoReverseMatch(msg)
django.urls.exceptions.NoReverseMatch: Reverse for 'delete_product' not found. 'delete_product' is not a valid view function or pattern name.
C:\Users\miria\OneDrive\Documents\Ferrie-Bakery\Ferrie-Bakery\products\urls.py changed, reloading.
C:\Users\miria\OneDrive\Documents\Ferrie-Bakery\Ferrie-Bakery\products\urls.py changed, reloading.
C:\Users\miria\OneDrive\Documents\Ferrie-Bakery\Ferrie-Bakery\products\urls.py changed, reloading.
Watching for file changes with StatReloader
Watching for file changes with StatReloader
Watching for file changes with StatReloader
C:\Users\miria\OneDrive\Documents\Ferrie-Bakery\Ferrie-Bakery\products\views.py changed, reloading.
C:\Users\miria\OneDrive\Documents\Ferrie-Bakery\Ferrie-Bakery\products\views.py changed, reloading.
C:\Users\miria\OneDrive\Documents\Ferrie-Bakery\Ferrie-Bakery\products\views.py changed, reloading.
Watching for file changes with StatReloader
Watching for file changes with StatReloader
Watching for file changes with StatReloader
C:\Users\miria\OneDrive\Documents\Ferrie-Bakery\Ferrie-Bakery\products\views.py changed, reloading.
C:\Users\miria\OneDrive\Documents\Ferrie-Bakery\Ferrie-Bakery\products\views.py changed, reloading.
C:\Users\miria\OneDrive\Documents\Ferrie-Bakery\Ferrie-Bakery\products\views.py changed, reloading.
Watching for file changes with StatReloader
Watching for file changes with StatReloader
Watching for file changes with StatReloader
Not Found: /favicon.ico
Not Found: /favicon.ico
Not Found: /favicon.ico
Internal Server Error: /products/category/banoffee/
Traceback (most recent call last):
  File "C:\Users\miria\OneDrive\Documents\Ferrie-Bakery\Ferrie-Bakery\venv\lib\site-packages\django\template\base.py", line 883, in _resolve_lookup
    current = current[bit]
TypeError: 'ImageFieldFile' object is not subscriptable

During handling of the above exception, another exception occurred:

Traceback (most recent call last):
  File "C:\Users\miria\OneDrive\Documents\Ferrie-Bakery\Ferrie-Bakery\venv\lib\site-packages\django\core\handlers\exception.py", line 55, in inner
    response = get_response(request)
  File "C:\Users\miria\OneDrive\Documents\Ferrie-Bakery\Ferrie-Bakery\venv\lib\site-packages\django\core\handlers\base.py", line 197, in _get_response
    response = wrapped_callback(request, *callback_args, **callback_kwargs)
  File "C:\Users\miria\OneDrive\Documents\Ferrie-Bakery\Ferrie-Bakery\products\views.py", line 110, in products_by_category
    return render(request, 'products/category_products.html', context)
  File "C:\Users\miria\OneDrive\Documents\Ferrie-Bakery\Ferrie-Bakery\venv\lib\site-packages\django\shortcuts.py", line 25, in render
    content = loader.render_to_string(template_name, context, request, using=using)
  File "C:\Users\miria\OneDrive\Documents\Ferrie-Bakery\Ferrie-Bakery\venv\lib\site-packages\django\template\loader.py", line 62, in render_to_string
    return template.render(context, request)
  File "C:\Users\miria\OneDrive\Documents\Ferrie-Bakery\Ferrie-Bakery\venv\lib\site-packages\django\template\backends\django.py", line 107, in render
    return self.template.render(context)
  File "C:\Users\miria\OneDrive\Documents\Ferrie-Bakery\Ferrie-Bakery\venv\lib\site-packages\django\template\base.py", line 171, in render
    return self._render(context)
  File "C:\Users\miria\OneDrive\Documents\Ferrie-Bakery\Ferrie-Bakery\venv\lib\site-packages\django\template\base.py", line 163, in _render
    return self.nodelist.render(context)
  File "C:\Users\miria\OneDrive\Documents\Ferrie-Bakery\Ferrie-Bakery\venv\lib\site-packages\django\template\base.py", line 1008, in render
    return SafeString("".join([node.render_annotated(context) for node in self]))
  File "C:\Users\miria\OneDrive\Documents\Ferrie-Bakery\Ferrie-Bakery\venv\lib\site-packages\django\template\base.py", line 1008, in <listcomp>
    return SafeString("".join([node.render_annotated(context) for node in self]))
  File "C:\Users\miria\OneDrive\Documents\Ferrie-Bakery\Ferrie-Bakery\venv\lib\site-packages\django\template\base.py", line 969, in render_annotated
    return self.render(context)
  File "C:\Users\miria\OneDrive\Documents\Ferrie-Bakery\Ferrie-Bakery\venv\lib\site-packages\django\template\loader_tags.py", line 159, in render
    return compiled_parent._render(context)
  File "C:\Users\miria\OneDrive\Documents\Ferrie-Bakery\Ferrie-Bakery\venv\lib\site-packages\django\template\base.py", line 163, in _render
    return self.nodelist.render(context)
  File "C:\Users\miria\OneDrive\Documents\Ferrie-Bakery\Ferrie-Bakery\venv\lib\site-packages\django\template\base.py", line 1008, in render
    return SafeString("".join([node.render_annotated(context) for node in self]))
  File "C:\Users\miria\OneDrive\Documents\Ferrie-Bakery\Ferrie-Bakery\venv\lib\site-packages\django\template\base.py", line 1008, in <listcomp>
    return SafeString("".join([node.render_annotated(context) for node in self]))
  File "C:\Users\miria\OneDrive\Documents\Ferrie-Bakery\Ferrie-Bakery\venv\lib\site-packages\django\template\base.py", line 969, in render_annotated
    return self.render(context)
  File "C:\Users\miria\OneDrive\Documents\Ferrie-Bakery\Ferrie-Bakery\venv\lib\site-packages\django\template\loader_tags.py", line 65, in render
    result = block.nodelist.render(context)
  File "C:\Users\miria\OneDrive\Documents\Ferrie-Bakery\Ferrie-Bakery\venv\lib\site-packages\django\template\base.py", line 1008, in render
    return SafeString("".join([node.render_annotated(context) for node in self]))
  File "C:\Users\miria\OneDrive\Documents\Ferrie-Bakery\Ferrie-Bakery\venv\lib\site-packages\django\template\base.py", line 1008, in <listcomp>
    return SafeString("".join([node.render_annotated(context) for node in self]))
  File "C:\Users\miria\OneDrive\Documents\Ferrie-Bakery\Ferrie-Bakery\venv\lib\site-packages\django\template\base.py", line 969, in render_annotated
    return self.render(context)
  File "C:\Users\miria\OneDrive\Documents\Ferrie-Bakery\Ferrie-Bakery\venv\lib\site-packages\django\template\defaulttags.py", line 243, in render
    nodelist.append(node.render_annotated(context))
  File "C:\Users\miria\OneDrive\Documents\Ferrie-Bakery\Ferrie-Bakery\venv\lib\site-packages\django\template\base.py", line 969, in render_annotated
    return self.render(context)
  File "C:\Users\miria\OneDrive\Documents\Ferrie-Bakery\Ferrie-Bakery\venv\lib\site-packages\django\template\base.py", line 1067, in render
    output = self.filter_expression.resolve(context)
  File "C:\Users\miria\OneDrive\Documents\Ferrie-Bakery\Ferrie-Bakery\venv\lib\site-packages\django\template\base.py", line 718, in resolve
    obj = self.var.resolve(context)
  File "C:\Users\miria\OneDrive\Documents\Ferrie-Bakery\Ferrie-Bakery\venv\lib\site-packages\django\template\base.py", line 850, in resolve
    value = self._resolve_lookup(context)
  File "C:\Users\miria\OneDrive\Documents\Ferrie-Bakery\Ferrie-Bakery\venv\lib\site-packages\django\template\base.py", line 893, in _resolve_lookup
    current = getattr(current, bit)
  File "C:\Users\miria\OneDrive\Documents\Ferrie-Bakery\Ferrie-Bakery\venv\lib\site-packages\django\db\models\fields\files.py", line 69, in url
    self._require_file()
  File "C:\Users\miria\OneDrive\Documents\Ferrie-Bakery\Ferrie-Bakery\venv\lib\site-packages\django\db\models\fields\files.py", line 44, in _require_file
    raise ValueError(
ValueError: The 'image' attribute has no file associated with it.
Internal Server Error: /products/category/banoffee/
Traceback (most recent call last):
  File "C:\Users\miria\OneDrive\Documents\Ferrie-Bakery\Ferrie-Bakery\venv\lib\site-packages\django\template\base.py", line 883, in _resolve_lookup
    current = current[bit]
TypeError: 'ImageFieldFile' object is not subscriptable

During handling of the above exception, another exception occurred:

Traceback (most recent call last):
  File "C:\Users\miria\OneDrive\Documents\Ferrie-Bakery\Ferrie-Bakery\venv\lib\site-packages\django\core\handlers\exception.py", line 55, in inner
    response = get_response(request)
  File "C:\Users\miria\OneDrive\Documents\Ferrie-Bakery\Ferrie-Bakery\venv\lib\site-packages\django\core\handlers\base.py", line 197, in _get_response
    response = wrapped_callback(request, *callback_args, **callback_kwargs)
  File "C:\Users\miria\OneDrive\Documents\Ferrie-Bakery\Ferrie-Bakery\products\views.py", line 110, in products_by_category
    return render(request, 'products/category_products.html', context)
  File "C:\Users\miria\OneDrive\Documents\Ferrie-Bakery\Ferrie-Bakery\venv\lib\site-packages\django\shortcuts.py", line 25, in render
    content = loader.render_to_string(template_name, context, request, using=using)
  File "C:\Users\miria\OneDrive\Documents\Ferrie-Bakery\Ferrie-Bakery\venv\lib\site-packages\django\template\loader.py", line 62, in render_to_string
    return template.render(context, request)
  File "C:\Users\miria\OneDrive\Documents\Ferrie-Bakery\Ferrie-Bakery\venv\lib\site-packages\django\template\backends\django.py", line 107, in render
    return self.template.render(context)
  File "C:\Users\miria\OneDrive\Documents\Ferrie-Bakery\Ferrie-Bakery\venv\lib\site-packages\django\template\base.py", line 171, in render
    return self._render(context)
  File "C:\Users\miria\OneDrive\Documents\Ferrie-Bakery\Ferrie-Bakery\venv\lib\site-packages\django\template\base.py", line 163, in _render
    return self.nodelist.render(context)
  File "C:\Users\miria\OneDrive\Documents\Ferrie-Bakery\Ferrie-Bakery\venv\lib\site-packages\django\template\base.py", line 1008, in render
    return SafeString("".join([node.render_annotated(context) for node in self]))
  File "C:\Users\miria\OneDrive\Documents\Ferrie-Bakery\Ferrie-Bakery\venv\lib\site-packages\django\template\base.py", line 1008, in <listcomp>
    return SafeString("".join([node.render_annotated(context) for node in self]))
  File "C:\Users\miria\OneDrive\Documents\Ferrie-Bakery\Ferrie-Bakery\venv\lib\site-packages\django\template\base.py", line 969, in render_annotated
    return self.render(context)
  File "C:\Users\miria\OneDrive\Documents\Ferrie-Bakery\Ferrie-Bakery\venv\lib\site-packages\django\template\loader_tags.py", line 159, in render
    return compiled_parent._render(context)
  File "C:\Users\miria\OneDrive\Documents\Ferrie-Bakery\Ferrie-Bakery\venv\lib\site-packages\django\template\base.py", line 163, in _render
    return self.nodelist.render(context)
  File "C:\Users\miria\OneDrive\Documents\Ferrie-Bakery\Ferrie-Bakery\venv\lib\site-packages\django\template\base.py", line 1008, in render
    return SafeString("".join([node.render_annotated(context) for node in self]))
  File "C:\Users\miria\OneDrive\Documents\Ferrie-Bakery\Ferrie-Bakery\venv\lib\site-packages\django\template\base.py", line 1008, in <listcomp>
    return SafeString("".join([node.render_annotated(context) for node in self]))
  File "C:\Users\miria\OneDrive\Documents\Ferrie-Bakery\Ferrie-Bakery\venv\lib\site-packages\django\template\base.py", line 969, in render_annotated
    return self.render(context)
  File "C:\Users\miria\OneDrive\Documents\Ferrie-Bakery\Ferrie-Bakery\venv\lib\site-packages\django\template\loader_tags.py", line 65, in render
    result = block.nodelist.render(context)
  File "C:\Users\miria\OneDrive\Documents\Ferrie-Bakery\Ferrie-Bakery\venv\lib\site-packages\django\template\base.py", line 1008, in render
    return SafeString("".join([node.render_annotated(context) for node in self]))
  File "C:\Users\miria\OneDrive\Documents\Ferrie-Bakery\Ferrie-Bakery\venv\lib\site-packages\django\template\base.py", line 1008, in <listcomp>
    return SafeString("".join([node.render_annotated(context) for node in self]))
  File "C:\Users\miria\OneDrive\Documents\Ferrie-Bakery\Ferrie-Bakery\venv\lib\site-packages\django\template\base.py", line 969, in render_annotated
    return self.render(context)
  File "C:\Users\miria\OneDrive\Documents\Ferrie-Bakery\Ferrie-Bakery\venv\lib\site-packages\django\template\defaulttags.py", line 243, in render
    nodelist.append(node.render_annotated(context))
  File "C:\Users\miria\OneDrive\Documents\Ferrie-Bakery\Ferrie-Bakery\venv\lib\site-packages\django\template\base.py", line 969, in render_annotated
    return self.render(context)
  File "C:\Users\miria\OneDrive\Documents\Ferrie-Bakery\Ferrie-Bakery\venv\lib\site-packages\django\template\base.py", line 1067, in render
    output = self.filter_expression.resolve(context)
  File "C:\Users\miria\OneDrive\Documents\Ferrie-Bakery\Ferrie-Bakery\venv\lib\site-packages\django\template\base.py", line 718, in resolve
    obj = self.var.resolve(context)
  File "C:\Users\miria\OneDrive\Documents\Ferrie-Bakery\Ferrie-Bakery\venv\lib\site-packages\django\template\base.py", line 850, in resolve
    value = self._resolve_lookup(context)
  File "C:\Users\miria\OneDrive\Documents\Ferrie-Bakery\Ferrie-Bakery\venv\lib\site-packages\django\template\base.py", line 893, in _resolve_lookup
    current = getattr(current, bit)
  File "C:\Users\miria\OneDrive\Documents\Ferrie-Bakery\Ferrie-Bakery\venv\lib\site-packages\django\db\models\fields\files.py", line 69, in url
    self._require_file()
  File "C:\Users\miria\OneDrive\Documents\Ferrie-Bakery\Ferrie-Bakery\venv\lib\site-packages\django\db\models\fields\files.py", line 44, in _require_file
    raise ValueError(
ValueError: The 'image' attribute has no file associated with it.
Internal Server Error: /products/category/banoffee/
Traceback (most recent call last):
  File "C:\Users\miria\OneDrive\Documents\Ferrie-Bakery\Ferrie-Bakery\venv\lib\site-packages\django\template\base.py", line 883, in _resolve_lookup
    current = current[bit]
TypeError: 'ImageFieldFile' object is not subscriptable

During handling of the above exception, another exception occurred:

Traceback (most recent call last):
  File "C:\Users\miria\OneDrive\Documents\Ferrie-Bakery\Ferrie-Bakery\venv\lib\site-packages\django\core\handlers\exception.py", line 55, in inner
    response = get_response(request)
  File "C:\Users\miria\OneDrive\Documents\Ferrie-Bakery\Ferrie-Bakery\venv\lib\site-packages\django\core\handlers\base.py", line 197, in _get_response
    response = wrapped_callback(request, *callback_args, **callback_kwargs)
  File "C:\Users\miria\OneDrive\Documents\Ferrie-Bakery\Ferrie-Bakery\products\views.py", line 110, in products_by_category
    return render(request, 'products/category_products.html', context)
  File "C:\Users\miria\OneDrive\Documents\Ferrie-Bakery\Ferrie-Bakery\venv\lib\site-packages\django\shortcuts.py", line 25, in render
    content = loader.render_to_string(template_name, context, request, using=using)
  File "C:\Users\miria\OneDrive\Documents\Ferrie-Bakery\Ferrie-Bakery\venv\lib\site-packages\django\template\loader.py", line 62, in render_to_string
    return template.render(context, request)
  File "C:\Users\miria\OneDrive\Documents\Ferrie-Bakery\Ferrie-Bakery\venv\lib\site-packages\django\template\backends\django.py", line 107, in render
    return self.template.render(context)
  File "C:\Users\miria\OneDrive\Documents\Ferrie-Bakery\Ferrie-Bakery\venv\lib\site-packages\django\template\base.py", line 171, in render
    return self._render(context)
  File "C:\Users\miria\OneDrive\Documents\Ferrie-Bakery\Ferrie-Bakery\venv\lib\site-packages\django\template\base.py", line 163, in _render
    return self.nodelist.render(context)
  File "C:\Users\miria\OneDrive\Documents\Ferrie-Bakery\Ferrie-Bakery\venv\lib\site-packages\django\template\base.py", line 1008, in render
    return SafeString("".join([node.render_annotated(context) for node in self]))
  File "C:\Users\miria\OneDrive\Documents\Ferrie-Bakery\Ferrie-Bakery\venv\lib\site-packages\django\template\base.py", line 1008, in <listcomp>
    return SafeString("".join([node.render_annotated(context) for node in self]))
  File "C:\Users\miria\OneDrive\Documents\Ferrie-Bakery\Ferrie-Bakery\venv\lib\site-packages\django\template\base.py", line 969, in render_annotated
    return self.render(context)
  File "C:\Users\miria\OneDrive\Documents\Ferrie-Bakery\Ferrie-Bakery\venv\lib\site-packages\django\template\loader_tags.py", line 159, in render
    return compiled_parent._render(context)
  File "C:\Users\miria\OneDrive\Documents\Ferrie-Bakery\Ferrie-Bakery\venv\lib\site-packages\django\template\base.py", line 163, in _render
    return self.nodelist.render(context)
  File "C:\Users\miria\OneDrive\Documents\Ferrie-Bakery\Ferrie-Bakery\venv\lib\site-packages\django\template\base.py", line 1008, in render
    return SafeString("".join([node.render_annotated(context) for node in self]))
  File "C:\Users\miria\OneDrive\Documents\Ferrie-Bakery\Ferrie-Bakery\venv\lib\site-packages\django\template\base.py", line 1008, in <listcomp>
    return SafeString("".join([node.render_annotated(context) for node in self]))
  File "C:\Users\miria\OneDrive\Documents\Ferrie-Bakery\Ferrie-Bakery\venv\lib\site-packages\django\template\base.py", line 969, in render_annotated
    return self.render(context)
  File "C:\Users\miria\OneDrive\Documents\Ferrie-Bakery\Ferrie-Bakery\venv\lib\site-packages\django\template\loader_tags.py", line 65, in render
    result = block.nodelist.render(context)
  File "C:\Users\miria\OneDrive\Documents\Ferrie-Bakery\Ferrie-Bakery\venv\lib\site-packages\django\template\base.py", line 1008, in render
    return SafeString("".join([node.render_annotated(context) for node in self]))
  File "C:\Users\miria\OneDrive\Documents\Ferrie-Bakery\Ferrie-Bakery\venv\lib\site-packages\django\template\base.py", line 1008, in <listcomp>
    return SafeString("".join([node.render_annotated(context) for node in self]))
  File "C:\Users\miria\OneDrive\Documents\Ferrie-Bakery\Ferrie-Bakery\venv\lib\site-packages\django\template\base.py", line 969, in render_annotated
    return self.render(context)
  File "C:\Users\miria\OneDrive\Documents\Ferrie-Bakery\Ferrie-Bakery\venv\lib\site-packages\django\template\defaulttags.py", line 243, in render
    nodelist.append(node.render_annotated(context))
  File "C:\Users\miria\OneDrive\Documents\Ferrie-Bakery\Ferrie-Bakery\venv\lib\site-packages\django\template\base.py", line 969, in render_annotated
    return self.render(context)
  File "C:\Users\miria\OneDrive\Documents\Ferrie-Bakery\Ferrie-Bakery\venv\lib\site-packages\django\template\base.py", line 1067, in render
    output = self.filter_expression.resolve(context)
  File "C:\Users\miria\OneDrive\Documents\Ferrie-Bakery\Ferrie-Bakery\venv\lib\site-packages\django\template\base.py", line 718, in resolve
    obj = self.var.resolve(context)
  File "C:\Users\miria\OneDrive\Documents\Ferrie-Bakery\Ferrie-Bakery\venv\lib\site-packages\django\template\base.py", line 850, in resolve
    value = self._resolve_lookup(context)
  File "C:\Users\miria\OneDrive\Documents\Ferrie-Bakery\Ferrie-Bakery\venv\lib\site-packages\django\template\base.py", line 893, in _resolve_lookup
    current = getattr(current, bit)
  File "C:\Users\miria\OneDrive\Documents\Ferrie-Bakery\Ferrie-Bakery\venv\lib\site-packages\django\db\models\fields\files.py", line 69, in url
    self._require_file()
  File "C:\Users\miria\OneDrive\Documents\Ferrie-Bakery\Ferrie-Bakery\venv\lib\site-packages\django\db\models\fields\files.py", line 44, in _require_file
    raise ValueError(
ValueError: The 'image' attribute has no file associated with it.
Internal Server Error: /products/category/banoffee/
Traceback (most recent call last):
  File "C:\Users\miria\OneDrive\Documents\Ferrie-Bakery\Ferrie-Bakery\venv\lib\site-packages\django\template\base.py", line 883, in _resolve_lookup
    current = current[bit]
TypeError: 'ImageFieldFile' object is not subscriptable

During handling of the above exception, another exception occurred:

Traceback (most recent call last):
  File "C:\Users\miria\OneDrive\Documents\Ferrie-Bakery\Ferrie-Bakery\venv\lib\site-packages\django\core\handlers\exception.py", line 55, in inner
    response = get_response(request)
  File "C:\Users\miria\OneDrive\Documents\Ferrie-Bakery\Ferrie-Bakery\venv\lib\site-packages\django\core\handlers\base.py", line 197, in _get_response
    response = wrapped_callback(request, *callback_args, **callback_kwargs)
  File "C:\Users\miria\OneDrive\Documents\Ferrie-Bakery\Ferrie-Bakery\products\views.py", line 110, in products_by_category
    return render(request, 'products/category_products.html', context)
  File "C:\Users\miria\OneDrive\Documents\Ferrie-Bakery\Ferrie-Bakery\venv\lib\site-packages\django\shortcuts.py", line 25, in render
    content = loader.render_to_string(template_name, context, request, using=using)
  File "C:\Users\miria\OneDrive\Documents\Ferrie-Bakery\Ferrie-Bakery\venv\lib\site-packages\django\template\loader.py", line 62, in render_to_string
    return template.render(context, request)
  File "C:\Users\miria\OneDrive\Documents\Ferrie-Bakery\Ferrie-Bakery\venv\lib\site-packages\django\template\backends\django.py", line 107, in render
    return self.template.render(context)
  File "C:\Users\miria\OneDrive\Documents\Ferrie-Bakery\Ferrie-Bakery\venv\lib\site-packages\django\template\base.py", line 171, in render
    return self._render(context)
  File "C:\Users\miria\OneDrive\Documents\Ferrie-Bakery\Ferrie-Bakery\venv\lib\site-packages\django\template\base.py", line 163, in _render
    return self.nodelist.render(context)
  File "C:\Users\miria\OneDrive\Documents\Ferrie-Bakery\Ferrie-Bakery\venv\lib\site-packages\django\template\base.py", line 1008, in render
    return SafeString("".join([node.render_annotated(context) for node in self]))
  File "C:\Users\miria\OneDrive\Documents\Ferrie-Bakery\Ferrie-Bakery\venv\lib\site-packages\django\template\base.py", line 1008, in <listcomp>
    return SafeString("".join([node.render_annotated(context) for node in self]))
  File "C:\Users\miria\OneDrive\Documents\Ferrie-Bakery\Ferrie-Bakery\venv\lib\site-packages\django\template\base.py", line 969, in render_annotated
    return self.render(context)
  File "C:\Users\miria\OneDrive\Documents\Ferrie-Bakery\Ferrie-Bakery\venv\lib\site-packages\django\template\loader_tags.py", line 159, in render
    return compiled_parent._render(context)
  File "C:\Users\miria\OneDrive\Documents\Ferrie-Bakery\Ferrie-Bakery\venv\lib\site-packages\django\template\base.py", line 163, in _render
    return self.nodelist.render(context)
  File "C:\Users\miria\OneDrive\Documents\Ferrie-Bakery\Ferrie-Bakery\venv\lib\site-packages\django\template\base.py", line 1008, in render
    return SafeString("".join([node.render_annotated(context) for node in self]))
  File "C:\Users\miria\OneDrive\Documents\Ferrie-Bakery\Ferrie-Bakery\venv\lib\site-packages\django\template\base.py", line 1008, in <listcomp>
    return SafeString("".join([node.render_annotated(context) for node in self]))
  File "C:\Users\miria\OneDrive\Documents\Ferrie-Bakery\Ferrie-Bakery\venv\lib\site-packages\django\template\base.py", line 969, in render_annotated
    return self.render(context)
  File "C:\Users\miria\OneDrive\Documents\Ferrie-Bakery\Ferrie-Bakery\venv\lib\site-packages\django\template\loader_tags.py", line 65, in render
    result = block.nodelist.render(context)
  File "C:\Users\miria\OneDrive\Documents\Ferrie-Bakery\Ferrie-Bakery\venv\lib\site-packages\django\template\base.py", line 1008, in render
    return SafeString("".join([node.render_annotated(context) for node in self]))
  File "C:\Users\miria\OneDrive\Documents\Ferrie-Bakery\Ferrie-Bakery\venv\lib\site-packages\django\template\base.py", line 1008, in <listcomp>
    return SafeString("".join([node.render_annotated(context) for node in self]))
  File "C:\Users\miria\OneDrive\Documents\Ferrie-Bakery\Ferrie-Bakery\venv\lib\site-packages\django\template\base.py", line 969, in render_annotated
    return self.render(context)
  File "C:\Users\miria\OneDrive\Documents\Ferrie-Bakery\Ferrie-Bakery\venv\lib\site-packages\django\template\defaulttags.py", line 243, in render
    nodelist.append(node.render_annotated(context))
  File "C:\Users\miria\OneDrive\Documents\Ferrie-Bakery\Ferrie-Bakery\venv\lib\site-packages\django\template\base.py", line 969, in render_annotated
    return self.render(context)
  File "C:\Users\miria\OneDrive\Documents\Ferrie-Bakery\Ferrie-Bakery\venv\lib\site-packages\django\template\base.py", line 1067, in render
    output = self.filter_expression.resolve(context)
  File "C:\Users\miria\OneDrive\Documents\Ferrie-Bakery\Ferrie-Bakery\venv\lib\site-packages\django\template\base.py", line 718, in resolve
    obj = self.var.resolve(context)
  File "C:\Users\miria\OneDrive\Documents\Ferrie-Bakery\Ferrie-Bakery\venv\lib\site-packages\django\template\base.py", line 850, in resolve
    value = self._resolve_lookup(context)
  File "C:\Users\miria\OneDrive\Documents\Ferrie-Bakery\Ferrie-Bakery\venv\lib\site-packages\django\template\base.py", line 893, in _resolve_lookup
    current = getattr(current, bit)
  File "C:\Users\miria\OneDrive\Documents\Ferrie-Bakery\Ferrie-Bakery\venv\lib\site-packages\django\db\models\fields\files.py", line 69, in url
    self._require_file()
  File "C:\Users\miria\OneDrive\Documents\Ferrie-Bakery\Ferrie-Bakery\venv\lib\site-packages\django\db\models\fields\files.py", line 44, in _require_file
    raise ValueError(
ValueError: The 'image' attribute has no file associated with it.
Internal Server Error: /products/category/banoffee/
Traceback (most recent call last):
  File "C:\Users\miria\OneDrive\Documents\Ferrie-Bakery\Ferrie-Bakery\venv\lib\site-packages\django\template\base.py", line 883, in _resolve_lookup
    current = current[bit]
TypeError: 'ImageFieldFile' object is not subscriptable

During handling of the above exception, another exception occurred:

Traceback (most recent call last):
  File "C:\Users\miria\OneDrive\Documents\Ferrie-Bakery\Ferrie-Bakery\venv\lib\site-packages\django\core\handlers\exception.py", line 55, in inner
    response = get_response(request)
  File "C:\Users\miria\OneDrive\Documents\Ferrie-Bakery\Ferrie-Bakery\venv\lib\site-packages\django\core\handlers\base.py", line 197, in _get_response
    response = wrapped_callback(request, *callback_args, **callback_kwargs)
  File "C:\Users\miria\OneDrive\Documents\Ferrie-Bakery\Ferrie-Bakery\products\views.py", line 110, in products_by_category
    return render(request, 'products/category_products.html', context)
  File "C:\Users\miria\OneDrive\Documents\Ferrie-Bakery\Ferrie-Bakery\venv\lib\site-packages\django\shortcuts.py", line 25, in render
    content = loader.render_to_string(template_name, context, request, using=using)
  File "C:\Users\miria\OneDrive\Documents\Ferrie-Bakery\Ferrie-Bakery\venv\lib\site-packages\django\template\loader.py", line 62, in render_to_string
    return template.render(context, request)
  File "C:\Users\miria\OneDrive\Documents\Ferrie-Bakery\Ferrie-Bakery\venv\lib\site-packages\django\template\backends\django.py", line 107, in render
    return self.template.render(context)
  File "C:\Users\miria\OneDrive\Documents\Ferrie-Bakery\Ferrie-Bakery\venv\lib\site-packages\django\template\base.py", line 171, in render
    return self._render(context)
  File "C:\Users\miria\OneDrive\Documents\Ferrie-Bakery\Ferrie-Bakery\venv\lib\site-packages\django\template\base.py", line 163, in _render
    return self.nodelist.render(context)
  File "C:\Users\miria\OneDrive\Documents\Ferrie-Bakery\Ferrie-Bakery\venv\lib\site-packages\django\template\base.py", line 1008, in render
    return SafeString("".join([node.render_annotated(context) for node in self]))
  File "C:\Users\miria\OneDrive\Documents\Ferrie-Bakery\Ferrie-Bakery\venv\lib\site-packages\django\template\base.py", line 1008, in <listcomp>
    return SafeString("".join([node.render_annotated(context) for node in self]))
  File "C:\Users\miria\OneDrive\Documents\Ferrie-Bakery\Ferrie-Bakery\venv\lib\site-packages\django\template\base.py", line 969, in render_annotated
    return self.render(context)
  File "C:\Users\miria\OneDrive\Documents\Ferrie-Bakery\Ferrie-Bakery\venv\lib\site-packages\django\template\loader_tags.py", line 159, in render
    return compiled_parent._render(context)
  File "C:\Users\miria\OneDrive\Documents\Ferrie-Bakery\Ferrie-Bakery\venv\lib\site-packages\django\template\base.py", line 163, in _render
    return self.nodelist.render(context)
  File "C:\Users\miria\OneDrive\Documents\Ferrie-Bakery\Ferrie-Bakery\venv\lib\site-packages\django\template\base.py", line 1008, in render
    return SafeString("".join([node.render_annotated(context) for node in self]))
  File "C:\Users\miria\OneDrive\Documents\Ferrie-Bakery\Ferrie-Bakery\venv\lib\site-packages\django\template\base.py", line 1008, in <listcomp>
    return SafeString("".join([node.render_annotated(context) for node in self]))
  File "C:\Users\miria\OneDrive\Documents\Ferrie-Bakery\Ferrie-Bakery\venv\lib\site-packages\django\template\base.py", line 969, in render_annotated
    return self.render(context)
  File "C:\Users\miria\OneDrive\Documents\Ferrie-Bakery\Ferrie-Bakery\venv\lib\site-packages\django\template\loader_tags.py", line 65, in render
    result = block.nodelist.render(context)
  File "C:\Users\miria\OneDrive\Documents\Ferrie-Bakery\Ferrie-Bakery\venv\lib\site-packages\django\template\base.py", line 1008, in render
    return SafeString("".join([node.render_annotated(context) for node in self]))
  File "C:\Users\miria\OneDrive\Documents\Ferrie-Bakery\Ferrie-Bakery\venv\lib\site-packages\django\template\base.py", line 1008, in <listcomp>
    return SafeString("".join([node.render_annotated(context) for node in self]))
  File "C:\Users\miria\OneDrive\Documents\Ferrie-Bakery\Ferrie-Bakery\venv\lib\site-packages\django\template\base.py", line 969, in render_annotated
    return self.render(context)
  File "C:\Users\miria\OneDrive\Documents\Ferrie-Bakery\Ferrie-Bakery\venv\lib\site-packages\django\template\defaulttags.py", line 243, in render
    nodelist.append(node.render_annotated(context))
  File "C:\Users\miria\OneDrive\Documents\Ferrie-Bakery\Ferrie-Bakery\venv\lib\site-packages\django\template\base.py", line 969, in render_annotated
    return self.render(context)
  File "C:\Users\miria\OneDrive\Documents\Ferrie-Bakery\Ferrie-Bakery\venv\lib\site-packages\django\template\base.py", line 1067, in render
    output = self.filter_expression.resolve(context)
  File "C:\Users\miria\OneDrive\Documents\Ferrie-Bakery\Ferrie-Bakery\venv\lib\site-packages\django\template\base.py", line 718, in resolve
    obj = self.var.resolve(context)
  File "C:\Users\miria\OneDrive\Documents\Ferrie-Bakery\Ferrie-Bakery\venv\lib\site-packages\django\template\base.py", line 850, in resolve
    value = self._resolve_lookup(context)
  File "C:\Users\miria\OneDrive\Documents\Ferrie-Bakery\Ferrie-Bakery\venv\lib\site-packages\django\template\base.py", line 893, in _resolve_lookup
    current = getattr(current, bit)
  File "C:\Users\miria\OneDrive\Documents\Ferrie-Bakery\Ferrie-Bakery\venv\lib\site-packages\django\db\models\fields\files.py", line 69, in url
    self._require_file()
  File "C:\Users\miria\OneDrive\Documents\Ferrie-Bakery\Ferrie-Bakery\venv\lib\site-packages\django\db\models\fields\files.py", line 44, in _require_file
    raise ValueError(
ValueError: The 'image' attribute has no file associated with it.
Internal Server Error: /products/category/banoffee/
Traceback (most recent call last):
  File "C:\Users\miria\OneDrive\Documents\Ferrie-Bakery\Ferrie-Bakery\venv\lib\site-packages\django\template\base.py", line 883, in _resolve_lookup
    current = current[bit]
TypeError: 'ImageFieldFile' object is not subscriptable

During handling of the above exception, another exception occurred:

Traceback (most recent call last):
  File "C:\Users\miria\OneDrive\Documents\Ferrie-Bakery\Ferrie-Bakery\venv\lib\site-packages\django\core\handlers\exception.py", line 55, in inner
    response = get_response(request)
  File "C:\Users\miria\OneDrive\Documents\Ferrie-Bakery\Ferrie-Bakery\venv\lib\site-packages\django\core\handlers\base.py", line 197, in _get_response
    response = wrapped_callback(request, *callback_args, **callback_kwargs)
  File "C:\Users\miria\OneDrive\Documents\Ferrie-Bakery\Ferrie-Bakery\products\views.py", line 110, in products_by_category
    return render(request, 'products/category_products.html', context)
  File "C:\Users\miria\OneDrive\Documents\Ferrie-Bakery\Ferrie-Bakery\venv\lib\site-packages\django\shortcuts.py", line 25, in render
    content = loader.render_to_string(template_name, context, request, using=using)
  File "C:\Users\miria\OneDrive\Documents\Ferrie-Bakery\Ferrie-Bakery\venv\lib\site-packages\django\template\loader.py", line 62, in render_to_string
    return template.render(context, request)
  File "C:\Users\miria\OneDrive\Documents\Ferrie-Bakery\Ferrie-Bakery\venv\lib\site-packages\django\template\backends\django.py", line 107, in render
    return self.template.render(context)
  File "C:\Users\miria\OneDrive\Documents\Ferrie-Bakery\Ferrie-Bakery\venv\lib\site-packages\django\template\base.py", line 171, in render
    return self._render(context)
  File "C:\Users\miria\OneDrive\Documents\Ferrie-Bakery\Ferrie-Bakery\venv\lib\site-packages\django\template\base.py", line 163, in _render
    return self.nodelist.render(context)
  File "C:\Users\miria\OneDrive\Documents\Ferrie-Bakery\Ferrie-Bakery\venv\lib\site-packages\django\template\base.py", line 1008, in render
    return SafeString("".join([node.render_annotated(context) for node in self]))
  File "C:\Users\miria\OneDrive\Documents\Ferrie-Bakery\Ferrie-Bakery\venv\lib\site-packages\django\template\base.py", line 1008, in <listcomp>
    return SafeString("".join([node.render_annotated(context) for node in self]))
  File "C:\Users\miria\OneDrive\Documents\Ferrie-Bakery\Ferrie-Bakery\venv\lib\site-packages\django\template\base.py", line 969, in render_annotated
    return self.render(context)
  File "C:\Users\miria\OneDrive\Documents\Ferrie-Bakery\Ferrie-Bakery\venv\lib\site-packages\django\template\loader_tags.py", line 159, in render
    return compiled_parent._render(context)
  File "C:\Users\miria\OneDrive\Documents\Ferrie-Bakery\Ferrie-Bakery\venv\lib\site-packages\django\template\base.py", line 163, in _render
    return self.nodelist.render(context)
  File "C:\Users\miria\OneDrive\Documents\Ferrie-Bakery\Ferrie-Bakery\venv\lib\site-packages\django\template\base.py", line 1008, in render
    return SafeString("".join([node.render_annotated(context) for node in self]))
  File "C:\Users\miria\OneDrive\Documents\Ferrie-Bakery\Ferrie-Bakery\venv\lib\site-packages\django\template\base.py", line 1008, in <listcomp>
    return SafeString("".join([node.render_annotated(context) for node in self]))
  File "C:\Users\miria\OneDrive\Documents\Ferrie-Bakery\Ferrie-Bakery\venv\lib\site-packages\django\template\base.py", line 969, in render_annotated
    return self.render(context)
  File "C:\Users\miria\OneDrive\Documents\Ferrie-Bakery\Ferrie-Bakery\venv\lib\site-packages\django\template\loader_tags.py", line 65, in render
    result = block.nodelist.render(context)
  File "C:\Users\miria\OneDrive\Documents\Ferrie-Bakery\Ferrie-Bakery\venv\lib\site-packages\django\template\base.py", line 1008, in render
    return SafeString("".join([node.render_annotated(context) for node in self]))
  File "C:\Users\miria\OneDrive\Documents\Ferrie-Bakery\Ferrie-Bakery\venv\lib\site-packages\django\template\base.py", line 1008, in <listcomp>
    return SafeString("".join([node.render_annotated(context) for node in self]))
  File "C:\Users\miria\OneDrive\Documents\Ferrie-Bakery\Ferrie-Bakery\venv\lib\site-packages\django\template\base.py", line 969, in render_annotated
    return self.render(context)
  File "C:\Users\miria\OneDrive\Documents\Ferrie-Bakery\Ferrie-Bakery\venv\lib\site-packages\django\template\defaulttags.py", line 243, in render
    nodelist.append(node.render_annotated(context))
  File "C:\Users\miria\OneDrive\Documents\Ferrie-Bakery\Ferrie-Bakery\venv\lib\site-packages\django\template\base.py", line 969, in render_annotated
    return self.render(context)
  File "C:\Users\miria\OneDrive\Documents\Ferrie-Bakery\Ferrie-Bakery\venv\lib\site-packages\django\template\base.py", line 1067, in render
    output = self.filter_expression.resolve(context)
  File "C:\Users\miria\OneDrive\Documents\Ferrie-Bakery\Ferrie-Bakery\venv\lib\site-packages\django\template\base.py", line 718, in resolve
    obj = self.var.resolve(context)
  File "C:\Users\miria\OneDrive\Documents\Ferrie-Bakery\Ferrie-Bakery\venv\lib\site-packages\django\template\base.py", line 850, in resolve
    value = self._resolve_lookup(context)
  File "C:\Users\miria\OneDrive\Documents\Ferrie-Bakery\Ferrie-Bakery\venv\lib\site-packages\django\template\base.py", line 893, in _resolve_lookup
    current = getattr(current, bit)
  File "C:\Users\miria\OneDrive\Documents\Ferrie-Bakery\Ferrie-Bakery\venv\lib\site-packages\django\db\models\fields\files.py", line 69, in url
    self._require_file()
  File "C:\Users\miria\OneDrive\Documents\Ferrie-Bakery\Ferrie-Bakery\venv\lib\site-packages\django\db\models\fields\files.py", line 44, in _require_file
    raise ValueError(
ValueError: The 'image' attribute has no file associated with it.
Internal Server Error: /products/category/banoffee/
Traceback (most recent call last):
  File "C:\Users\miria\OneDrive\Documents\Ferrie-Bakery\Ferrie-Bakery\venv\lib\site-packages\django\template\base.py", line 883, in _resolve_lookup
    current = current[bit]
TypeError: 'ImageFieldFile' object is not subscriptable

During handling of the above exception, another exception occurred:

Traceback (most recent call last):
  File "C:\Users\miria\OneDrive\Documents\Ferrie-Bakery\Ferrie-Bakery\venv\lib\site-packages\django\core\handlers\exception.py", line 55, in inner
    response = get_response(request)
  File "C:\Users\miria\OneDrive\Documents\Ferrie-Bakery\Ferrie-Bakery\venv\lib\site-packages\django\core\handlers\base.py", line 197, in _get_response
    response = wrapped_callback(request, *callback_args, **callback_kwargs)
  File "C:\Users\miria\OneDrive\Documents\Ferrie-Bakery\Ferrie-Bakery\products\views.py", line 110, in products_by_category
    return render(request, 'products/category_products.html', context)
  File "C:\Users\miria\OneDrive\Documents\Ferrie-Bakery\Ferrie-Bakery\venv\lib\site-packages\django\shortcuts.py", line 25, in render
    content = loader.render_to_string(template_name, context, request, using=using)
  File "C:\Users\miria\OneDrive\Documents\Ferrie-Bakery\Ferrie-Bakery\venv\lib\site-packages\django\template\loader.py", line 62, in render_to_string
    return template.render(context, request)
  File "C:\Users\miria\OneDrive\Documents\Ferrie-Bakery\Ferrie-Bakery\venv\lib\site-packages\django\template\backends\django.py", line 107, in render
    return self.template.render(context)
  File "C:\Users\miria\OneDrive\Documents\Ferrie-Bakery\Ferrie-Bakery\venv\lib\site-packages\django\template\base.py", line 171, in render
    return self._render(context)
  File "C:\Users\miria\OneDrive\Documents\Ferrie-Bakery\Ferrie-Bakery\venv\lib\site-packages\django\template\base.py", line 163, in _render
    return self.nodelist.render(context)
  File "C:\Users\miria\OneDrive\Documents\Ferrie-Bakery\Ferrie-Bakery\venv\lib\site-packages\django\template\base.py", line 1008, in render
    return SafeString("".join([node.render_annotated(context) for node in self]))
  File "C:\Users\miria\OneDrive\Documents\Ferrie-Bakery\Ferrie-Bakery\venv\lib\site-packages\django\template\base.py", line 1008, in <listcomp>
    return SafeString("".join([node.render_annotated(context) for node in self]))
  File "C:\Users\miria\OneDrive\Documents\Ferrie-Bakery\Ferrie-Bakery\venv\lib\site-packages\django\template\base.py", line 969, in render_annotated
    return self.render(context)
  File "C:\Users\miria\OneDrive\Documents\Ferrie-Bakery\Ferrie-Bakery\venv\lib\site-packages\django\template\loader_tags.py", line 159, in render
    return compiled_parent._render(context)
  File "C:\Users\miria\OneDrive\Documents\Ferrie-Bakery\Ferrie-Bakery\venv\lib\site-packages\django\template\base.py", line 163, in _render
    return self.nodelist.render(context)
  File "C:\Users\miria\OneDrive\Documents\Ferrie-Bakery\Ferrie-Bakery\venv\lib\site-packages\django\template\base.py", line 1008, in render
    return SafeString("".join([node.render_annotated(context) for node in self]))
  File "C:\Users\miria\OneDrive\Documents\Ferrie-Bakery\Ferrie-Bakery\venv\lib\site-packages\django\template\base.py", line 1008, in <listcomp>
    return SafeString("".join([node.render_annotated(context) for node in self]))
  File "C:\Users\miria\OneDrive\Documents\Ferrie-Bakery\Ferrie-Bakery\venv\lib\site-packages\django\template\base.py", line 969, in render_annotated
    return self.render(context)
  File "C:\Users\miria\OneDrive\Documents\Ferrie-Bakery\Ferrie-Bakery\venv\lib\site-packages\django\template\loader_tags.py", line 65, in render
    result = block.nodelist.render(context)
  File "C:\Users\miria\OneDrive\Documents\Ferrie-Bakery\Ferrie-Bakery\venv\lib\site-packages\django\template\base.py", line 1008, in render
    return SafeString("".join([node.render_annotated(context) for node in self]))
  File "C:\Users\miria\OneDrive\Documents\Ferrie-Bakery\Ferrie-Bakery\venv\lib\site-packages\django\template\base.py", line 1008, in <listcomp>
    return SafeString("".join([node.render_annotated(context) for node in self]))
  File "C:\Users\miria\OneDrive\Documents\Ferrie-Bakery\Ferrie-Bakery\venv\lib\site-packages\django\template\base.py", line 969, in render_annotated
    return self.render(context)
  File "C:\Users\miria\OneDrive\Documents\Ferrie-Bakery\Ferrie-Bakery\venv\lib\site-packages\django\template\defaulttags.py", line 243, in render
    nodelist.append(node.render_annotated(context))
  File "C:\Users\miria\OneDrive\Documents\Ferrie-Bakery\Ferrie-Bakery\venv\lib\site-packages\django\template\base.py", line 969, in render_annotated
    return self.render(context)
  File "C:\Users\miria\OneDrive\Documents\Ferrie-Bakery\Ferrie-Bakery\venv\lib\site-packages\django\template\base.py", line 1067, in render
    output = self.filter_expression.resolve(context)
  File "C:\Users\miria\OneDrive\Documents\Ferrie-Bakery\Ferrie-Bakery\venv\lib\site-packages\django\template\base.py", line 718, in resolve
    obj = self.var.resolve(context)
  File "C:\Users\miria\OneDrive\Documents\Ferrie-Bakery\Ferrie-Bakery\venv\lib\site-packages\django\template\base.py", line 850, in resolve
    value = self._resolve_lookup(context)
  File "C:\Users\miria\OneDrive\Documents\Ferrie-Bakery\Ferrie-Bakery\venv\lib\site-packages\django\template\base.py", line 893, in _resolve_lookup
    current = getattr(current, bit)
  File "C:\Users\miria\OneDrive\Documents\Ferrie-Bakery\Ferrie-Bakery\venv\lib\site-packages\django\db\models\fields\files.py", line 69, in url
    self._require_file()
  File "C:\Users\miria\OneDrive\Documents\Ferrie-Bakery\Ferrie-Bakery\venv\lib\site-packages\django\db\models\fields\files.py", line 44, in _require_file
    raise ValueError(
ValueError: The 'image' attribute has no file associated with it.
Internal Server Error: /products/category/banoffee/
Traceback (most recent call last):
  File "C:\Users\miria\OneDrive\Documents\Ferrie-Bakery\Ferrie-Bakery\venv\lib\site-packages\django\template\base.py", line 883, in _resolve_lookup
    current = current[bit]
TypeError: 'ImageFieldFile' object is not subscriptable

During handling of the above exception, another exception occurred:

Traceback (most recent call last):
  File "C:\Users\miria\OneDrive\Documents\Ferrie-Bakery\Ferrie-Bakery\venv\lib\site-packages\django\core\handlers\exception.py", line 55, in inner
    response = get_response(request)
  File "C:\Users\miria\OneDrive\Documents\Ferrie-Bakery\Ferrie-Bakery\venv\lib\site-packages\django\core\handlers\base.py", line 197, in _get_response
    response = wrapped_callback(request, *callback_args, **callback_kwargs)
  File "C:\Users\miria\OneDrive\Documents\Ferrie-Bakery\Ferrie-Bakery\products\views.py", line 110, in products_by_category
    return render(request, 'products/category_products.html', context)
  File "C:\Users\miria\OneDrive\Documents\Ferrie-Bakery\Ferrie-Bakery\venv\lib\site-packages\django\shortcuts.py", line 25, in render
    content = loader.render_to_string(template_name, context, request, using=using)
  File "C:\Users\miria\OneDrive\Documents\Ferrie-Bakery\Ferrie-Bakery\venv\lib\site-packages\django\template\loader.py", line 62, in render_to_string
    return template.render(context, request)
  File "C:\Users\miria\OneDrive\Documents\Ferrie-Bakery\Ferrie-Bakery\venv\lib\site-packages\django\template\backends\django.py", line 107, in render
    return self.template.render(context)
  File "C:\Users\miria\OneDrive\Documents\Ferrie-Bakery\Ferrie-Bakery\venv\lib\site-packages\django\template\base.py", line 171, in render
    return self._render(context)
  File "C:\Users\miria\OneDrive\Documents\Ferrie-Bakery\Ferrie-Bakery\venv\lib\site-packages\django\template\base.py", line 163, in _render
    return self.nodelist.render(context)
  File "C:\Users\miria\OneDrive\Documents\Ferrie-Bakery\Ferrie-Bakery\venv\lib\site-packages\django\template\base.py", line 1008, in render
    return SafeString("".join([node.render_annotated(context) for node in self]))
  File "C:\Users\miria\OneDrive\Documents\Ferrie-Bakery\Ferrie-Bakery\venv\lib\site-packages\django\template\base.py", line 1008, in <listcomp>
    return SafeString("".join([node.render_annotated(context) for node in self]))
  File "C:\Users\miria\OneDrive\Documents\Ferrie-Bakery\Ferrie-Bakery\venv\lib\site-packages\django\template\base.py", line 969, in render_annotated
    return self.render(context)
  File "C:\Users\miria\OneDrive\Documents\Ferrie-Bakery\Ferrie-Bakery\venv\lib\site-packages\django\template\loader_tags.py", line 159, in render
    return compiled_parent._render(context)
  File "C:\Users\miria\OneDrive\Documents\Ferrie-Bakery\Ferrie-Bakery\venv\lib\site-packages\django\template\base.py", line 163, in _render
    return self.nodelist.render(context)
  File "C:\Users\miria\OneDrive\Documents\Ferrie-Bakery\Ferrie-Bakery\venv\lib\site-packages\django\template\base.py", line 1008, in render
    return SafeString("".join([node.render_annotated(context) for node in self]))
  File "C:\Users\miria\OneDrive\Documents\Ferrie-Bakery\Ferrie-Bakery\venv\lib\site-packages\django\template\base.py", line 1008, in <listcomp>
    return SafeString("".join([node.render_annotated(context) for node in self]))
  File "C:\Users\miria\OneDrive\Documents\Ferrie-Bakery\Ferrie-Bakery\venv\lib\site-packages\django\template\base.py", line 969, in render_annotated
    return self.render(context)
  File "C:\Users\miria\OneDrive\Documents\Ferrie-Bakery\Ferrie-Bakery\venv\lib\site-packages\django\template\loader_tags.py", line 65, in render
    result = block.nodelist.render(context)
  File "C:\Users\miria\OneDrive\Documents\Ferrie-Bakery\Ferrie-Bakery\venv\lib\site-packages\django\template\base.py", line 1008, in render
    return SafeString("".join([node.render_annotated(context) for node in self]))
  File "C:\Users\miria\OneDrive\Documents\Ferrie-Bakery\Ferrie-Bakery\venv\lib\site-packages\django\template\base.py", line 1008, in <listcomp>
    return SafeString("".join([node.render_annotated(context) for node in self]))
  File "C:\Users\miria\OneDrive\Documents\Ferrie-Bakery\Ferrie-Bakery\venv\lib\site-packages\django\template\base.py", line 969, in render_annotated
    return self.render(context)
  File "C:\Users\miria\OneDrive\Documents\Ferrie-Bakery\Ferrie-Bakery\venv\lib\site-packages\django\template\defaulttags.py", line 243, in render
    nodelist.append(node.render_annotated(context))
  File "C:\Users\miria\OneDrive\Documents\Ferrie-Bakery\Ferrie-Bakery\venv\lib\site-packages\django\template\base.py", line 969, in render_annotated
    return self.render(context)
  File "C:\Users\miria\OneDrive\Documents\Ferrie-Bakery\Ferrie-Bakery\venv\lib\site-packages\django\template\base.py", line 1067, in render
    output = self.filter_expression.resolve(context)
  File "C:\Users\miria\OneDrive\Documents\Ferrie-Bakery\Ferrie-Bakery\venv\lib\site-packages\django\template\base.py", line 718, in resolve
    obj = self.var.resolve(context)
  File "C:\Users\miria\OneDrive\Documents\Ferrie-Bakery\Ferrie-Bakery\venv\lib\site-packages\django\template\base.py", line 850, in resolve
    value = self._resolve_lookup(context)
  File "C:\Users\miria\OneDrive\Documents\Ferrie-Bakery\Ferrie-Bakery\venv\lib\site-packages\django\template\base.py", line 893, in _resolve_lookup
    current = getattr(current, bit)
  File "C:\Users\miria\OneDrive\Documents\Ferrie-Bakery\Ferrie-Bakery\venv\lib\site-packages\django\db\models\fields\files.py", line 69, in url
    self._require_file()
  File "C:\Users\miria\OneDrive\Documents\Ferrie-Bakery\Ferrie-Bakery\venv\lib\site-packages\django\db\models\fields\files.py", line 44, in _require_file
    raise ValueError(
ValueError: The 'image' attribute has no file associated with it.
Internal Server Error: /products/category/banoffee/
Traceback (most recent call last):
  File "C:\Users\miria\OneDrive\Documents\Ferrie-Bakery\Ferrie-Bakery\venv\lib\site-packages\django\template\base.py", line 883, in _resolve_lookup
    current = current[bit]
TypeError: 'ImageFieldFile' object is not subscriptable

During handling of the above exception, another exception occurred:

Traceback (most recent call last):
  File "C:\Users\miria\OneDrive\Documents\Ferrie-Bakery\Ferrie-Bakery\venv\lib\site-packages\django\core\handlers\exception.py", line 55, in inner
    response = get_response(request)
  File "C:\Users\miria\OneDrive\Documents\Ferrie-Bakery\Ferrie-Bakery\venv\lib\site-packages\django\core\handlers\base.py", line 197, in _get_response
    response = wrapped_callback(request, *callback_args, **callback_kwargs)
  File "C:\Users\miria\OneDrive\Documents\Ferrie-Bakery\Ferrie-Bakery\products\views.py", line 110, in products_by_category
    return render(request, 'products/category_products.html', context)
  File "C:\Users\miria\OneDrive\Documents\Ferrie-Bakery\Ferrie-Bakery\venv\lib\site-packages\django\shortcuts.py", line 25, in render
    content = loader.render_to_string(template_name, context, request, using=using)
  File "C:\Users\miria\OneDrive\Documents\Ferrie-Bakery\Ferrie-Bakery\venv\lib\site-packages\django\template\loader.py", line 62, in render_to_string
    return template.render(context, request)
  File "C:\Users\miria\OneDrive\Documents\Ferrie-Bakery\Ferrie-Bakery\venv\lib\site-packages\django\template\backends\django.py", line 107, in render
    return self.template.render(context)
  File "C:\Users\miria\OneDrive\Documents\Ferrie-Bakery\Ferrie-Bakery\venv\lib\site-packages\django\template\base.py", line 171, in render
    return self._render(context)
  File "C:\Users\miria\OneDrive\Documents\Ferrie-Bakery\Ferrie-Bakery\venv\lib\site-packages\django\template\base.py", line 163, in _render
    return self.nodelist.render(context)
  File "C:\Users\miria\OneDrive\Documents\Ferrie-Bakery\Ferrie-Bakery\venv\lib\site-packages\django\template\base.py", line 1008, in render
    return SafeString("".join([node.render_annotated(context) for node in self]))
  File "C:\Users\miria\OneDrive\Documents\Ferrie-Bakery\Ferrie-Bakery\venv\lib\site-packages\django\template\base.py", line 1008, in <listcomp>
    return SafeString("".join([node.render_annotated(context) for node in self]))
  File "C:\Users\miria\OneDrive\Documents\Ferrie-Bakery\Ferrie-Bakery\venv\lib\site-packages\django\template\base.py", line 969, in render_annotated
    return self.render(context)
  File "C:\Users\miria\OneDrive\Documents\Ferrie-Bakery\Ferrie-Bakery\venv\lib\site-packages\django\template\loader_tags.py", line 159, in render
    return compiled_parent._render(context)
  File "C:\Users\miria\OneDrive\Documents\Ferrie-Bakery\Ferrie-Bakery\venv\lib\site-packages\django\template\base.py", line 163, in _render
    return self.nodelist.render(context)
  File "C:\Users\miria\OneDrive\Documents\Ferrie-Bakery\Ferrie-Bakery\venv\lib\site-packages\django\template\base.py", line 1008, in render
    return SafeString("".join([node.render_annotated(context) for node in self]))
  File "C:\Users\miria\OneDrive\Documents\Ferrie-Bakery\Ferrie-Bakery\venv\lib\site-packages\django\template\base.py", line 1008, in <listcomp>
    return SafeString("".join([node.render_annotated(context) for node in self]))
  File "C:\Users\miria\OneDrive\Documents\Ferrie-Bakery\Ferrie-Bakery\venv\lib\site-packages\django\template\base.py", line 969, in render_annotated
    return self.render(context)
  File "C:\Users\miria\OneDrive\Documents\Ferrie-Bakery\Ferrie-Bakery\venv\lib\site-packages\django\template\loader_tags.py", line 65, in render
    result = block.nodelist.render(context)
  File "C:\Users\miria\OneDrive\Documents\Ferrie-Bakery\Ferrie-Bakery\venv\lib\site-packages\django\template\base.py", line 1008, in render
    return SafeString("".join([node.render_annotated(context) for node in self]))
  File "C:\Users\miria\OneDrive\Documents\Ferrie-Bakery\Ferrie-Bakery\venv\lib\site-packages\django\template\base.py", line 1008, in <listcomp>
    return SafeString("".join([node.render_annotated(context) for node in self]))
  File "C:\Users\miria\OneDrive\Documents\Ferrie-Bakery\Ferrie-Bakery\venv\lib\site-packages\django\template\base.py", line 969, in render_annotated
    return self.render(context)
  File "C:\Users\miria\OneDrive\Documents\Ferrie-Bakery\Ferrie-Bakery\venv\lib\site-packages\django\template\defaulttags.py", line 243, in render
    nodelist.append(node.render_annotated(context))
  File "C:\Users\miria\OneDrive\Documents\Ferrie-Bakery\Ferrie-Bakery\venv\lib\site-packages\django\template\base.py", line 969, in render_annotated
    return self.render(context)
  File "C:\Users\miria\OneDrive\Documents\Ferrie-Bakery\Ferrie-Bakery\venv\lib\site-packages\django\template\base.py", line 1067, in render
    output = self.filter_expression.resolve(context)
  File "C:\Users\miria\OneDrive\Documents\Ferrie-Bakery\Ferrie-Bakery\venv\lib\site-packages\django\template\base.py", line 718, in resolve
    obj = self.var.resolve(context)
  File "C:\Users\miria\OneDrive\Documents\Ferrie-Bakery\Ferrie-Bakery\venv\lib\site-packages\django\template\base.py", line 850, in resolve
    value = self._resolve_lookup(context)
  File "C:\Users\miria\OneDrive\Documents\Ferrie-Bakery\Ferrie-Bakery\venv\lib\site-packages\django\template\base.py", line 893, in _resolve_lookup
    current = getattr(current, bit)
  File "C:\Users\miria\OneDrive\Documents\Ferrie-Bakery\Ferrie-Bakery\venv\lib\site-packages\django\db\models\fields\files.py", line 69, in url
    self._require_file()
  File "C:\Users\miria\OneDrive\Documents\Ferrie-Bakery\Ferrie-Bakery\venv\lib\site-packages\django\db\models\fields\files.py", line 44, in _require_file
    raise ValueError(
ValueError: The 'image' attribute has no file associated with it.
Internal Server Error: /products/category/banoffee/
Traceback (most recent call last):
  File "C:\Users\miria\OneDrive\Documents\Ferrie-Bakery\Ferrie-Bakery\venv\lib\site-packages\django\template\base.py", line 883, in _resolve_lookup
    current = current[bit]
TypeError: 'ImageFieldFile' object is not subscriptable

During handling of the above exception, another exception occurred:

Traceback (most recent call last):
  File "C:\Users\miria\OneDrive\Documents\Ferrie-Bakery\Ferrie-Bakery\venv\lib\site-packages\django\core\handlers\exception.py", line 55, in inner
    response = get_response(request)
  File "C:\Users\miria\OneDrive\Documents\Ferrie-Bakery\Ferrie-Bakery\venv\lib\site-packages\django\core\handlers\base.py", line 197, in _get_response
    response = wrapped_callback(request, *callback_args, **callback_kwargs)
  File "C:\Users\miria\OneDrive\Documents\Ferrie-Bakery\Ferrie-Bakery\products\views.py", line 110, in products_by_category
    return render(request, 'products/category_products.html', context)
  File "C:\Users\miria\OneDrive\Documents\Ferrie-Bakery\Ferrie-Bakery\venv\lib\site-packages\django\shortcuts.py", line 25, in render
    content = loader.render_to_string(template_name, context, request, using=using)
  File "C:\Users\miria\OneDrive\Documents\Ferrie-Bakery\Ferrie-Bakery\venv\lib\site-packages\django\template\loader.py", line 62, in render_to_string
    return template.render(context, request)
  File "C:\Users\miria\OneDrive\Documents\Ferrie-Bakery\Ferrie-Bakery\venv\lib\site-packages\django\template\backends\django.py", line 107, in render
    return self.template.render(context)
  File "C:\Users\miria\OneDrive\Documents\Ferrie-Bakery\Ferrie-Bakery\venv\lib\site-packages\django\template\base.py", line 171, in render
    return self._render(context)
  File "C:\Users\miria\OneDrive\Documents\Ferrie-Bakery\Ferrie-Bakery\venv\lib\site-packages\django\template\base.py", line 163, in _render
    return self.nodelist.render(context)
  File "C:\Users\miria\OneDrive\Documents\Ferrie-Bakery\Ferrie-Bakery\venv\lib\site-packages\django\template\base.py", line 1008, in render
    return SafeString("".join([node.render_annotated(context) for node in self]))
  File "C:\Users\miria\OneDrive\Documents\Ferrie-Bakery\Ferrie-Bakery\venv\lib\site-packages\django\template\base.py", line 1008, in <listcomp>
    return SafeString("".join([node.render_annotated(context) for node in self]))
  File "C:\Users\miria\OneDrive\Documents\Ferrie-Bakery\Ferrie-Bakery\venv\lib\site-packages\django\template\base.py", line 969, in render_annotated
    return self.render(context)
  File "C:\Users\miria\OneDrive\Documents\Ferrie-Bakery\Ferrie-Bakery\venv\lib\site-packages\django\template\loader_tags.py", line 159, in render
    return compiled_parent._render(context)
  File "C:\Users\miria\OneDrive\Documents\Ferrie-Bakery\Ferrie-Bakery\venv\lib\site-packages\django\template\base.py", line 163, in _render
    return self.nodelist.render(context)
  File "C:\Users\miria\OneDrive\Documents\Ferrie-Bakery\Ferrie-Bakery\venv\lib\site-packages\django\template\base.py", line 1008, in render
    return SafeString("".join([node.render_annotated(context) for node in self]))
  File "C:\Users\miria\OneDrive\Documents\Ferrie-Bakery\Ferrie-Bakery\venv\lib\site-packages\django\template\base.py", line 1008, in <listcomp>
    return SafeString("".join([node.render_annotated(context) for node in self]))
  File "C:\Users\miria\OneDrive\Documents\Ferrie-Bakery\Ferrie-Bakery\venv\lib\site-packages\django\template\base.py", line 969, in render_annotated
    return self.render(context)
  File "C:\Users\miria\OneDrive\Documents\Ferrie-Bakery\Ferrie-Bakery\venv\lib\site-packages\django\template\loader_tags.py", line 65, in render
    result = block.nodelist.render(context)
  File "C:\Users\miria\OneDrive\Documents\Ferrie-Bakery\Ferrie-Bakery\venv\lib\site-packages\django\template\base.py", line 1008, in render
    return SafeString("".join([node.render_annotated(context) for node in self]))
  File "C:\Users\miria\OneDrive\Documents\Ferrie-Bakery\Ferrie-Bakery\venv\lib\site-packages\django\template\base.py", line 1008, in <listcomp>
    return SafeString("".join([node.render_annotated(context) for node in self]))
  File "C:\Users\miria\OneDrive\Documents\Ferrie-Bakery\Ferrie-Bakery\venv\lib\site-packages\django\template\base.py", line 969, in render_annotated
    return self.render(context)
  File "C:\Users\miria\OneDrive\Documents\Ferrie-Bakery\Ferrie-Bakery\venv\lib\site-packages\django\template\defaulttags.py", line 243, in render
    nodelist.append(node.render_annotated(context))
  File "C:\Users\miria\OneDrive\Documents\Ferrie-Bakery\Ferrie-Bakery\venv\lib\site-packages\django\template\base.py", line 969, in render_annotated
    return self.render(context)
  File "C:\Users\miria\OneDrive\Documents\Ferrie-Bakery\Ferrie-Bakery\venv\lib\site-packages\django\template\base.py", line 1067, in render
    output = self.filter_expression.resolve(context)
  File "C:\Users\miria\OneDrive\Documents\Ferrie-Bakery\Ferrie-Bakery\venv\lib\site-packages\django\template\base.py", line 718, in resolve
    obj = self.var.resolve(context)
  File "C:\Users\miria\OneDrive\Documents\Ferrie-Bakery\Ferrie-Bakery\venv\lib\site-packages\django\template\base.py", line 850, in resolve
    value = self._resolve_lookup(context)
  File "C:\Users\miria\OneDrive\Documents\Ferrie-Bakery\Ferrie-Bakery\venv\lib\site-packages\django\template\base.py", line 893, in _resolve_lookup
    current = getattr(current, bit)
  File "C:\Users\miria\OneDrive\Documents\Ferrie-Bakery\Ferrie-Bakery\venv\lib\site-packages\django\db\models\fields\files.py", line 69, in url
    self._require_file()
  File "C:\Users\miria\OneDrive\Documents\Ferrie-Bakery\Ferrie-Bakery\venv\lib\site-packages\django\db\models\fields\files.py", line 44, in _require_file
    raise ValueError(
ValueError: The 'image' attribute has no file associated with it.
Internal Server Error: /products/category/banoffee/
Traceback (most recent call last):
  File "C:\Users\miria\OneDrive\Documents\Ferrie-Bakery\Ferrie-Bakery\venv\lib\site-packages\django\template\base.py", line 883, in _resolve_lookup
    current = current[bit]
TypeError: 'ImageFieldFile' object is not subscriptable

During handling of the above exception, another exception occurred:

Traceback (most recent call last):
  File "C:\Users\miria\OneDrive\Documents\Ferrie-Bakery\Ferrie-Bakery\venv\lib\site-packages\django\core\handlers\exception.py", line 55, in inner
    response = get_response(request)
  File "C:\Users\miria\OneDrive\Documents\Ferrie-Bakery\Ferrie-Bakery\venv\lib\site-packages\django\core\handlers\base.py", line 197, in _get_response
    response = wrapped_callback(request, *callback_args, **callback_kwargs)
  File "C:\Users\miria\OneDrive\Documents\Ferrie-Bakery\Ferrie-Bakery\products\views.py", line 110, in products_by_category
    return render(request, 'products/category_products.html', context)
  File "C:\Users\miria\OneDrive\Documents\Ferrie-Bakery\Ferrie-Bakery\venv\lib\site-packages\django\shortcuts.py", line 25, in render
    content = loader.render_to_string(template_name, context, request, using=using)
  File "C:\Users\miria\OneDrive\Documents\Ferrie-Bakery\Ferrie-Bakery\venv\lib\site-packages\django\template\loader.py", line 62, in render_to_string
    return template.render(context, request)
  File "C:\Users\miria\OneDrive\Documents\Ferrie-Bakery\Ferrie-Bakery\venv\lib\site-packages\django\template\backends\django.py", line 107, in render
    return self.template.render(context)
  File "C:\Users\miria\OneDrive\Documents\Ferrie-Bakery\Ferrie-Bakery\venv\lib\site-packages\django\template\base.py", line 171, in render
    return self._render(context)
  File "C:\Users\miria\OneDrive\Documents\Ferrie-Bakery\Ferrie-Bakery\venv\lib\site-packages\django\template\base.py", line 163, in _render
    return self.nodelist.render(context)
  File "C:\Users\miria\OneDrive\Documents\Ferrie-Bakery\Ferrie-Bakery\venv\lib\site-packages\django\template\base.py", line 1008, in render
    return SafeString("".join([node.render_annotated(context) for node in self]))
  File "C:\Users\miria\OneDrive\Documents\Ferrie-Bakery\Ferrie-Bakery\venv\lib\site-packages\django\template\base.py", line 1008, in <listcomp>
    return SafeString("".join([node.render_annotated(context) for node in self]))
  File "C:\Users\miria\OneDrive\Documents\Ferrie-Bakery\Ferrie-Bakery\venv\lib\site-packages\django\template\base.py", line 969, in render_annotated
    return self.render(context)
  File "C:\Users\miria\OneDrive\Documents\Ferrie-Bakery\Ferrie-Bakery\venv\lib\site-packages\django\template\loader_tags.py", line 159, in render
    return compiled_parent._render(context)
  File "C:\Users\miria\OneDrive\Documents\Ferrie-Bakery\Ferrie-Bakery\venv\lib\site-packages\django\template\base.py", line 163, in _render
    return self.nodelist.render(context)
  File "C:\Users\miria\OneDrive\Documents\Ferrie-Bakery\Ferrie-Bakery\venv\lib\site-packages\django\template\base.py", line 1008, in render
    return SafeString("".join([node.render_annotated(context) for node in self]))
  File "C:\Users\miria\OneDrive\Documents\Ferrie-Bakery\Ferrie-Bakery\venv\lib\site-packages\django\template\base.py", line 1008, in <listcomp>
    return SafeString("".join([node.render_annotated(context) for node in self]))
  File "C:\Users\miria\OneDrive\Documents\Ferrie-Bakery\Ferrie-Bakery\venv\lib\site-packages\django\template\base.py", line 969, in render_annotated
    return self.render(context)
  File "C:\Users\miria\OneDrive\Documents\Ferrie-Bakery\Ferrie-Bakery\venv\lib\site-packages\django\template\loader_tags.py", line 65, in render
    result = block.nodelist.render(context)
  File "C:\Users\miria\OneDrive\Documents\Ferrie-Bakery\Ferrie-Bakery\venv\lib\site-packages\django\template\base.py", line 1008, in render
    return SafeString("".join([node.render_annotated(context) for node in self]))
  File "C:\Users\miria\OneDrive\Documents\Ferrie-Bakery\Ferrie-Bakery\venv\lib\site-packages\django\template\base.py", line 1008, in <listcomp>
    return SafeString("".join([node.render_annotated(context) for node in self]))
  File "C:\Users\miria\OneDrive\Documents\Ferrie-Bakery\Ferrie-Bakery\venv\lib\site-packages\django\template\base.py", line 969, in render_annotated
    return self.render(context)
  File "C:\Users\miria\OneDrive\Documents\Ferrie-Bakery\Ferrie-Bakery\venv\lib\site-packages\django\template\defaulttags.py", line 243, in render
    nodelist.append(node.render_annotated(context))
  File "C:\Users\miria\OneDrive\Documents\Ferrie-Bakery\Ferrie-Bakery\venv\lib\site-packages\django\template\base.py", line 969, in render_annotated
    return self.render(context)
  File "C:\Users\miria\OneDrive\Documents\Ferrie-Bakery\Ferrie-Bakery\venv\lib\site-packages\django\template\base.py", line 1067, in render
    output = self.filter_expression.resolve(context)
  File "C:\Users\miria\OneDrive\Documents\Ferrie-Bakery\Ferrie-Bakery\venv\lib\site-packages\django\template\base.py", line 718, in resolve
    obj = self.var.resolve(context)
  File "C:\Users\miria\OneDrive\Documents\Ferrie-Bakery\Ferrie-Bakery\venv\lib\site-packages\django\template\base.py", line 850, in resolve
    value = self._resolve_lookup(context)
  File "C:\Users\miria\OneDrive\Documents\Ferrie-Bakery\Ferrie-Bakery\venv\lib\site-packages\django\template\base.py", line 893, in _resolve_lookup
    current = getattr(current, bit)
  File "C:\Users\miria\OneDrive\Documents\Ferrie-Bakery\Ferrie-Bakery\venv\lib\site-packages\django\db\models\fields\files.py", line 69, in url
    self._require_file()
  File "C:\Users\miria\OneDrive\Documents\Ferrie-Bakery\Ferrie-Bakery\venv\lib\site-packages\django\db\models\fields\files.py", line 44, in _require_file
    raise ValueError(
ValueError: The 'image' attribute has no file associated with it.
Internal Server Error: /products/category/banoffee/
Traceback (most recent call last):
  File "C:\Users\miria\OneDrive\Documents\Ferrie-Bakery\Ferrie-Bakery\venv\lib\site-packages\django\template\base.py", line 883, in _resolve_lookup
    current = current[bit]
TypeError: 'ImageFieldFile' object is not subscriptable

During handling of the above exception, another exception occurred:

Traceback (most recent call last):
  File "C:\Users\miria\OneDrive\Documents\Ferrie-Bakery\Ferrie-Bakery\venv\lib\site-packages\django\core\handlers\exception.py", line 55, in inner
    response = get_response(request)
  File "C:\Users\miria\OneDrive\Documents\Ferrie-Bakery\Ferrie-Bakery\venv\lib\site-packages\django\core\handlers\base.py", line 197, in _get_response
    response = wrapped_callback(request, *callback_args, **callback_kwargs)
  File "C:\Users\miria\OneDrive\Documents\Ferrie-Bakery\Ferrie-Bakery\products\views.py", line 110, in products_by_category
    return render(request, 'products/category_products.html', context)
  File "C:\Users\miria\OneDrive\Documents\Ferrie-Bakery\Ferrie-Bakery\venv\lib\site-packages\django\shortcuts.py", line 25, in render
    content = loader.render_to_string(template_name, context, request, using=using)
  File "C:\Users\miria\OneDrive\Documents\Ferrie-Bakery\Ferrie-Bakery\venv\lib\site-packages\django\template\loader.py", line 62, in render_to_string
    return template.render(context, request)
  File "C:\Users\miria\OneDrive\Documents\Ferrie-Bakery\Ferrie-Bakery\venv\lib\site-packages\django\template\backends\django.py", line 107, in render
    return self.template.render(context)
  File "C:\Users\miria\OneDrive\Documents\Ferrie-Bakery\Ferrie-Bakery\venv\lib\site-packages\django\template\base.py", line 171, in render
    return self._render(context)
  File "C:\Users\miria\OneDrive\Documents\Ferrie-Bakery\Ferrie-Bakery\venv\lib\site-packages\django\template\base.py", line 163, in _render
    return self.nodelist.render(context)
  File "C:\Users\miria\OneDrive\Documents\Ferrie-Bakery\Ferrie-Bakery\venv\lib\site-packages\django\template\base.py", line 1008, in render
    return SafeString("".join([node.render_annotated(context) for node in self]))
  File "C:\Users\miria\OneDrive\Documents\Ferrie-Bakery\Ferrie-Bakery\venv\lib\site-packages\django\template\base.py", line 1008, in <listcomp>
    return SafeString("".join([node.render_annotated(context) for node in self]))
  File "C:\Users\miria\OneDrive\Documents\Ferrie-Bakery\Ferrie-Bakery\venv\lib\site-packages\django\template\base.py", line 969, in render_annotated
    return self.render(context)
  File "C:\Users\miria\OneDrive\Documents\Ferrie-Bakery\Ferrie-Bakery\venv\lib\site-packages\django\template\loader_tags.py", line 159, in render
    return compiled_parent._render(context)
  File "C:\Users\miria\OneDrive\Documents\Ferrie-Bakery\Ferrie-Bakery\venv\lib\site-packages\django\template\base.py", line 163, in _render
    return self.nodelist.render(context)
  File "C:\Users\miria\OneDrive\Documents\Ferrie-Bakery\Ferrie-Bakery\venv\lib\site-packages\django\template\base.py", line 1008, in render
    return SafeString("".join([node.render_annotated(context) for node in self]))
  File "C:\Users\miria\OneDrive\Documents\Ferrie-Bakery\Ferrie-Bakery\venv\lib\site-packages\django\template\base.py", line 1008, in <listcomp>
    return SafeString("".join([node.render_annotated(context) for node in self]))
  File "C:\Users\miria\OneDrive\Documents\Ferrie-Bakery\Ferrie-Bakery\venv\lib\site-packages\django\template\base.py", line 969, in render_annotated
    return self.render(context)
  File "C:\Users\miria\OneDrive\Documents\Ferrie-Bakery\Ferrie-Bakery\venv\lib\site-packages\django\template\loader_tags.py", line 65, in render
    result = block.nodelist.render(context)
  File "C:\Users\miria\OneDrive\Documents\Ferrie-Bakery\Ferrie-Bakery\venv\lib\site-packages\django\template\base.py", line 1008, in render
    return SafeString("".join([node.render_annotated(context) for node in self]))
  File "C:\Users\miria\OneDrive\Documents\Ferrie-Bakery\Ferrie-Bakery\venv\lib\site-packages\django\template\base.py", line 1008, in <listcomp>
    return SafeString("".join([node.render_annotated(context) for node in self]))
  File "C:\Users\miria\OneDrive\Documents\Ferrie-Bakery\Ferrie-Bakery\venv\lib\site-packages\django\template\base.py", line 969, in render_annotated
    return self.render(context)
  File "C:\Users\miria\OneDrive\Documents\Ferrie-Bakery\Ferrie-Bakery\venv\lib\site-packages\django\template\defaulttags.py", line 243, in render
    nodelist.append(node.render_annotated(context))
  File "C:\Users\miria\OneDrive\Documents\Ferrie-Bakery\Ferrie-Bakery\venv\lib\site-packages\django\template\base.py", line 969, in render_annotated
    return self.render(context)
  File "C:\Users\miria\OneDrive\Documents\Ferrie-Bakery\Ferrie-Bakery\venv\lib\site-packages\django\template\base.py", line 1067, in render
    output = self.filter_expression.resolve(context)
  File "C:\Users\miria\OneDrive\Documents\Ferrie-Bakery\Ferrie-Bakery\venv\lib\site-packages\django\template\base.py", line 718, in resolve
    obj = self.var.resolve(context)
  File "C:\Users\miria\OneDrive\Documents\Ferrie-Bakery\Ferrie-Bakery\venv\lib\site-packages\django\template\base.py", line 850, in resolve
    value = self._resolve_lookup(context)
  File "C:\Users\miria\OneDrive\Documents\Ferrie-Bakery\Ferrie-Bakery\venv\lib\site-packages\django\template\base.py", line 893, in _resolve_lookup
    current = getattr(current, bit)
  File "C:\Users\miria\OneDrive\Documents\Ferrie-Bakery\Ferrie-Bakery\venv\lib\site-packages\django\db\models\fields\files.py", line 69, in url
    self._require_file()
  File "C:\Users\miria\OneDrive\Documents\Ferrie-Bakery\Ferrie-Bakery\venv\lib\site-packages\django\db\models\fields\files.py", line 44, in _require_file
    raise ValueError(
ValueError: The 'image' attribute has no file associated with it.
Watching for file changes with StatReloader
Internal Server Error: /products/
Traceback (most recent call last):
  File "C:\Users\miria\OneDrive\Documents\Ferrie-Bakery\Ferrie-Bakery\venv\lib\site-packages\django\template\base.py", line 510, in parse
    compile_func = self.tags[command]
KeyError: 'static'

During handling of the above exception, another exception occurred:

Traceback (most recent call last):
  File "C:\Users\miria\OneDrive\Documents\Ferrie-Bakery\Ferrie-Bakery\venv\lib\site-packages\django\core\handlers\exception.py", line 55, in inner
    response = get_response(request)
  File "C:\Users\miria\OneDrive\Documents\Ferrie-Bakery\Ferrie-Bakery\venv\lib\site-packages\django\core\handlers\base.py", line 197, in _get_response
    response = wrapped_callback(request, *callback_args, **callback_kwargs)
  File "C:\Users\miria\OneDrive\Documents\Ferrie-Bakery\Ferrie-Bakery\products\views.py", line 48, in all_products
    return render(request, 'products/products.html', context)
  File "C:\Users\miria\OneDrive\Documents\Ferrie-Bakery\Ferrie-Bakery\venv\lib\site-packages\django\shortcuts.py", line 25, in render
    content = loader.render_to_string(template_name, context, request, using=using)
  File "C:\Users\miria\OneDrive\Documents\Ferrie-Bakery\Ferrie-Bakery\venv\lib\site-packages\django\template\loader.py", line 61, in render_to_string
    template = get_template(template_name, using=using)
  File "C:\Users\miria\OneDrive\Documents\Ferrie-Bakery\Ferrie-Bakery\venv\lib\site-packages\django\template\loader.py", line 15, in get_template
    return engine.get_template(template_name)
  File "C:\Users\miria\OneDrive\Documents\Ferrie-Bakery\Ferrie-Bakery\venv\lib\site-packages\django\template\backends\django.py", line 79, in get_template
    return Template(self.engine.get_template(template_name), self)
  File "C:\Users\miria\OneDrive\Documents\Ferrie-Bakery\Ferrie-Bakery\venv\lib\site-packages\django\template\engine.py", line 177, in get_template
    template, origin = self.find_template(template_name)
  File "C:\Users\miria\OneDrive\Documents\Ferrie-Bakery\Ferrie-Bakery\venv\lib\site-packages\django\template\engine.py", line 159, in find_template
    template = loader.get_template(name, skip=skip)
  File "C:\Users\miria\OneDrive\Documents\Ferrie-Bakery\Ferrie-Bakery\venv\lib\site-packages\django\template\loaders\cached.py", line 57, in get_template
    template = super().get_template(template_name, skip)
  File "C:\Users\miria\OneDrive\Documents\Ferrie-Bakery\Ferrie-Bakery\venv\lib\site-packages\django\template\loaders\base.py", line 28, in get_template
    return Template(
  File "C:\Users\miria\OneDrive\Documents\Ferrie-Bakery\Ferrie-Bakery\venv\lib\site-packages\django\template\base.py", line 154, in __init__
    self.nodelist = self.compile_nodelist()
  File "C:\Users\miria\OneDrive\Documents\Ferrie-Bakery\Ferrie-Bakery\venv\lib\site-packages\django\template\base.py", line 196, in compile_nodelist
    nodelist = parser.parse()
  File "C:\Users\miria\OneDrive\Documents\Ferrie-Bakery\Ferrie-Bakery\venv\lib\site-packages\django\template\base.py", line 518, in parse
    raise self.error(token, e)
  File "C:\Users\miria\OneDrive\Documents\Ferrie-Bakery\Ferrie-Bakery\venv\lib\site-packages\django\template\base.py", line 516, in parse
    compiled_result = compile_func(self, token)
  File "C:\Users\miria\OneDrive\Documents\Ferrie-Bakery\Ferrie-Bakery\venv\lib\site-packages\django\template\loader_tags.py", line 295, in do_extends
    nodelist = parser.parse()
  File "C:\Users\miria\OneDrive\Documents\Ferrie-Bakery\Ferrie-Bakery\venv\lib\site-packages\django\template\base.py", line 518, in parse
    raise self.error(token, e)
  File "C:\Users\miria\OneDrive\Documents\Ferrie-Bakery\Ferrie-Bakery\venv\lib\site-packages\django\template\base.py", line 516, in parse
    compiled_result = compile_func(self, token)
  File "C:\Users\miria\OneDrive\Documents\Ferrie-Bakery\Ferrie-Bakery\venv\lib\site-packages\django\template\loader_tags.py", line 234, in do_block
    nodelist = parser.parse(("endblock",))
  File "C:\Users\miria\OneDrive\Documents\Ferrie-Bakery\Ferrie-Bakery\venv\lib\site-packages\django\template\base.py", line 518, in parse
    raise self.error(token, e)
  File "C:\Users\miria\OneDrive\Documents\Ferrie-Bakery\Ferrie-Bakery\venv\lib\site-packages\django\template\base.py", line 516, in parse
    compiled_result = compile_func(self, token)
  File "C:\Users\miria\OneDrive\Documents\Ferrie-Bakery\Ferrie-Bakery\venv\lib\site-packages\django\template\defaulttags.py", line 862, in do_for
    nodelist_loop = parser.parse(
  File "C:\Users\miria\OneDrive\Documents\Ferrie-Bakery\Ferrie-Bakery\venv\lib\site-packages\django\template\base.py", line 518, in parse
    raise self.error(token, e)
  File "C:\Users\miria\OneDrive\Documents\Ferrie-Bakery\Ferrie-Bakery\venv\lib\site-packages\django\template\base.py", line 516, in parse
    compiled_result = compile_func(self, token)
  File "C:\Users\miria\OneDrive\Documents\Ferrie-Bakery\Ferrie-Bakery\venv\lib\site-packages\django\template\defaulttags.py", line 976, in do_if
    nodelist = parser.parse(("endif",))
  File "C:\Users\miria\OneDrive\Documents\Ferrie-Bakery\Ferrie-Bakery\venv\lib\site-packages\django\template\base.py", line 512, in parse
    self.invalid_block_tag(token, command, parse_until)
  File "C:\Users\miria\OneDrive\Documents\Ferrie-Bakery\Ferrie-Bakery\venv\lib\site-packages\django\template\base.py", line 563, in invalid_block_tag
    raise self.error(
django.template.exceptions.TemplateSyntaxError: Invalid block tag on line 34: 'static', expected 'endif'. Did you forget to register or load this tag?
Internal Server Error: /products/category/banoffee/
Traceback (most recent call last):
  File "C:\Users\miria\OneDrive\Documents\Ferrie-Bakery\Ferrie-Bakery\venv\lib\site-packages\django\template\base.py", line 883, in _resolve_lookup
    current = current[bit]
TypeError: 'ImageFieldFile' object is not subscriptable

During handling of the above exception, another exception occurred:

Traceback (most recent call last):
  File "C:\Users\miria\OneDrive\Documents\Ferrie-Bakery\Ferrie-Bakery\venv\lib\site-packages\django\core\handlers\exception.py", line 55, in inner
    response = get_response(request)
  File "C:\Users\miria\OneDrive\Documents\Ferrie-Bakery\Ferrie-Bakery\venv\lib\site-packages\django\core\handlers\base.py", line 197, in _get_response
    response = wrapped_callback(request, *callback_args, **callback_kwargs)
  File "C:\Users\miria\OneDrive\Documents\Ferrie-Bakery\Ferrie-Bakery\products\views.py", line 110, in products_by_category
    return render(request, 'products/category_products.html', context)
  File "C:\Users\miria\OneDrive\Documents\Ferrie-Bakery\Ferrie-Bakery\venv\lib\site-packages\django\shortcuts.py", line 25, in render
    content = loader.render_to_string(template_name, context, request, using=using)
  File "C:\Users\miria\OneDrive\Documents\Ferrie-Bakery\Ferrie-Bakery\venv\lib\site-packages\django\template\loader.py", line 62, in render_to_string
    return template.render(context, request)
  File "C:\Users\miria\OneDrive\Documents\Ferrie-Bakery\Ferrie-Bakery\venv\lib\site-packages\django\template\backends\django.py", line 107, in render
    return self.template.render(context)
  File "C:\Users\miria\OneDrive\Documents\Ferrie-Bakery\Ferrie-Bakery\venv\lib\site-packages\django\template\base.py", line 171, in render
    return self._render(context)
  File "C:\Users\miria\OneDrive\Documents\Ferrie-Bakery\Ferrie-Bakery\venv\lib\site-packages\django\template\base.py", line 163, in _render
    return self.nodelist.render(context)
  File "C:\Users\miria\OneDrive\Documents\Ferrie-Bakery\Ferrie-Bakery\venv\lib\site-packages\django\template\base.py", line 1008, in render
    return SafeString("".join([node.render_annotated(context) for node in self]))
  File "C:\Users\miria\OneDrive\Documents\Ferrie-Bakery\Ferrie-Bakery\venv\lib\site-packages\django\template\base.py", line 1008, in <listcomp>
    return SafeString("".join([node.render_annotated(context) for node in self]))
  File "C:\Users\miria\OneDrive\Documents\Ferrie-Bakery\Ferrie-Bakery\venv\lib\site-packages\django\template\base.py", line 969, in render_annotated
    return self.render(context)
  File "C:\Users\miria\OneDrive\Documents\Ferrie-Bakery\Ferrie-Bakery\venv\lib\site-packages\django\template\loader_tags.py", line 159, in render
    return compiled_parent._render(context)
  File "C:\Users\miria\OneDrive\Documents\Ferrie-Bakery\Ferrie-Bakery\venv\lib\site-packages\django\template\base.py", line 163, in _render
    return self.nodelist.render(context)
  File "C:\Users\miria\OneDrive\Documents\Ferrie-Bakery\Ferrie-Bakery\venv\lib\site-packages\django\template\base.py", line 1008, in render
    return SafeString("".join([node.render_annotated(context) for node in self]))
  File "C:\Users\miria\OneDrive\Documents\Ferrie-Bakery\Ferrie-Bakery\venv\lib\site-packages\django\template\base.py", line 1008, in <listcomp>
    return SafeString("".join([node.render_annotated(context) for node in self]))
  File "C:\Users\miria\OneDrive\Documents\Ferrie-Bakery\Ferrie-Bakery\venv\lib\site-packages\django\template\base.py", line 969, in render_annotated
    return self.render(context)
  File "C:\Users\miria\OneDrive\Documents\Ferrie-Bakery\Ferrie-Bakery\venv\lib\site-packages\django\template\loader_tags.py", line 65, in render
    result = block.nodelist.render(context)
  File "C:\Users\miria\OneDrive\Documents\Ferrie-Bakery\Ferrie-Bakery\venv\lib\site-packages\django\template\base.py", line 1008, in render
    return SafeString("".join([node.render_annotated(context) for node in self]))
  File "C:\Users\miria\OneDrive\Documents\Ferrie-Bakery\Ferrie-Bakery\venv\lib\site-packages\django\template\base.py", line 1008, in <listcomp>
    return SafeString("".join([node.render_annotated(context) for node in self]))
  File "C:\Users\miria\OneDrive\Documents\Ferrie-Bakery\Ferrie-Bakery\venv\lib\site-packages\django\template\base.py", line 969, in render_annotated
    return self.render(context)
  File "C:\Users\miria\OneDrive\Documents\Ferrie-Bakery\Ferrie-Bakery\venv\lib\site-packages\django\template\defaulttags.py", line 243, in render
    nodelist.append(node.render_annotated(context))
  File "C:\Users\miria\OneDrive\Documents\Ferrie-Bakery\Ferrie-Bakery\venv\lib\site-packages\django\template\base.py", line 969, in render_annotated
    return self.render(context)
  File "C:\Users\miria\OneDrive\Documents\Ferrie-Bakery\Ferrie-Bakery\venv\lib\site-packages\django\template\base.py", line 1067, in render
    output = self.filter_expression.resolve(context)
  File "C:\Users\miria\OneDrive\Documents\Ferrie-Bakery\Ferrie-Bakery\venv\lib\site-packages\django\template\base.py", line 718, in resolve
    obj = self.var.resolve(context)
  File "C:\Users\miria\OneDrive\Documents\Ferrie-Bakery\Ferrie-Bakery\venv\lib\site-packages\django\template\base.py", line 850, in resolve
    value = self._resolve_lookup(context)
  File "C:\Users\miria\OneDrive\Documents\Ferrie-Bakery\Ferrie-Bakery\venv\lib\site-packages\django\template\base.py", line 893, in _resolve_lookup
    current = getattr(current, bit)
  File "C:\Users\miria\OneDrive\Documents\Ferrie-Bakery\Ferrie-Bakery\venv\lib\site-packages\django\db\models\fields\files.py", line 69, in url
    self._require_file()
  File "C:\Users\miria\OneDrive\Documents\Ferrie-Bakery\Ferrie-Bakery\venv\lib\site-packages\django\db\models\fields\files.py", line 44, in _require_file
    raise ValueError(
ValueError: The 'image' attribute has no file associated with it.
Not Found: /media/noimage.png
Not Found: /media/noimage.png
Internal Server Error: /products/25/
Traceback (most recent call last):
  File "C:\Users\miria\OneDrive\Documents\Ferrie-Bakery\Ferrie-Bakery\venv\lib\site-packages\django\core\handlers\exception.py", line 55, in inner
    response = get_response(request)
  File "C:\Users\miria\OneDrive\Documents\Ferrie-Bakery\Ferrie-Bakery\venv\lib\site-packages\django\core\handlers\base.py", line 197, in _get_response
    response = wrapped_callback(request, *callback_args, **callback_kwargs)
  File "C:\Users\miria\OneDrive\Documents\Ferrie-Bakery\Ferrie-Bakery\products\views.py", line 85, in product_detail
    return render(request, 'products/product_detail.html', context)
  File "C:\Users\miria\OneDrive\Documents\Ferrie-Bakery\Ferrie-Bakery\venv\lib\site-packages\django\shortcuts.py", line 25, in render
    content = loader.render_to_string(template_name, context, request, using=using)
  File "C:\Users\miria\OneDrive\Documents\Ferrie-Bakery\Ferrie-Bakery\venv\lib\site-packages\django\template\loader.py", line 62, in render_to_string
    return template.render(context, request)
  File "C:\Users\miria\OneDrive\Documents\Ferrie-Bakery\Ferrie-Bakery\venv\lib\site-packages\django\template\backends\django.py", line 107, in render
    return self.template.render(context)
  File "C:\Users\miria\OneDrive\Documents\Ferrie-Bakery\Ferrie-Bakery\venv\lib\site-packages\django\template\base.py", line 169, in render
    with context.bind_template(self):
  File "C:\Users\miria\AppData\Local\Programs\Python\Python310\lib\contextlib.py", line 135, in __enter__
    return next(self.gen)
  File "C:\Users\miria\OneDrive\Documents\Ferrie-Bakery\Ferrie-Bakery\venv\lib\site-packages\django\template\context.py", line 256, in bind_template
    context = processor(self.request)
  File "C:\Users\miria\OneDrive\Documents\Ferrie-Bakery\Ferrie-Bakery\bag\contexts.py", line 80, in bag_contents
    image_url = getattr(product.image, 'url', None)
  File "C:\Users\miria\OneDrive\Documents\Ferrie-Bakery\Ferrie-Bakery\venv\lib\site-packages\django\db\models\fields\files.py", line 69, in url
    self._require_file()
  File "C:\Users\miria\OneDrive\Documents\Ferrie-Bakery\Ferrie-Bakery\venv\lib\site-packages\django\db\models\fields\files.py", line 44, in _require_file
    raise ValueError(
ValueError: The 'image' attribute has no file associated with it.
Internal Server Error: /products/25/
Traceback (most recent call last):
  File "C:\Users\miria\OneDrive\Documents\Ferrie-Bakery\Ferrie-Bakery\venv\lib\site-packages\django\core\handlers\exception.py", line 55, in inner
    response = get_response(request)
  File "C:\Users\miria\OneDrive\Documents\Ferrie-Bakery\Ferrie-Bakery\venv\lib\site-packages\django\core\handlers\base.py", line 197, in _get_response
    response = wrapped_callback(request, *callback_args, **callback_kwargs)
  File "C:\Users\miria\OneDrive\Documents\Ferrie-Bakery\Ferrie-Bakery\products\views.py", line 85, in product_detail
    return render(request, 'products/product_detail.html', context)
  File "C:\Users\miria\OneDrive\Documents\Ferrie-Bakery\Ferrie-Bakery\venv\lib\site-packages\django\shortcuts.py", line 25, in render
    content = loader.render_to_string(template_name, context, request, using=using)
  File "C:\Users\miria\OneDrive\Documents\Ferrie-Bakery\Ferrie-Bakery\venv\lib\site-packages\django\template\loader.py", line 62, in render_to_string
    return template.render(context, request)
  File "C:\Users\miria\OneDrive\Documents\Ferrie-Bakery\Ferrie-Bakery\venv\lib\site-packages\django\template\backends\django.py", line 107, in render
    return self.template.render(context)
  File "C:\Users\miria\OneDrive\Documents\Ferrie-Bakery\Ferrie-Bakery\venv\lib\site-packages\django\template\base.py", line 169, in render
    with context.bind_template(self):
  File "C:\Users\miria\AppData\Local\Programs\Python\Python310\lib\contextlib.py", line 135, in __enter__
    return next(self.gen)
  File "C:\Users\miria\OneDrive\Documents\Ferrie-Bakery\Ferrie-Bakery\venv\lib\site-packages\django\template\context.py", line 256, in bind_template
    context = processor(self.request)
  File "C:\Users\miria\OneDrive\Documents\Ferrie-Bakery\Ferrie-Bakery\bag\contexts.py", line 80, in bag_contents
    image_url = getattr(product.image, 'url', None)
  File "C:\Users\miria\OneDrive\Documents\Ferrie-Bakery\Ferrie-Bakery\venv\lib\site-packages\django\db\models\fields\files.py", line 69, in url
    self._require_file()
  File "C:\Users\miria\OneDrive\Documents\Ferrie-Bakery\Ferrie-Bakery\venv\lib\site-packages\django\db\models\fields\files.py", line 44, in _require_file
    raise ValueError(
ValueError: The 'image' attribute has no file associated with it.
Internal Server Error: /products/25/
Traceback (most recent call last):
  File "C:\Users\miria\OneDrive\Documents\Ferrie-Bakery\Ferrie-Bakery\venv\lib\site-packages\django\core\handlers\exception.py", line 55, in inner
    response = get_response(request)
  File "C:\Users\miria\OneDrive\Documents\Ferrie-Bakery\Ferrie-Bakery\venv\lib\site-packages\django\core\handlers\base.py", line 197, in _get_response
    response = wrapped_callback(request, *callback_args, **callback_kwargs)
  File "C:\Users\miria\OneDrive\Documents\Ferrie-Bakery\Ferrie-Bakery\products\views.py", line 85, in product_detail
    return render(request, 'products/product_detail.html', context)
  File "C:\Users\miria\OneDrive\Documents\Ferrie-Bakery\Ferrie-Bakery\venv\lib\site-packages\django\shortcuts.py", line 25, in render
    content = loader.render_to_string(template_name, context, request, using=using)
  File "C:\Users\miria\OneDrive\Documents\Ferrie-Bakery\Ferrie-Bakery\venv\lib\site-packages\django\template\loader.py", line 62, in render_to_string
    return template.render(context, request)
  File "C:\Users\miria\OneDrive\Documents\Ferrie-Bakery\Ferrie-Bakery\venv\lib\site-packages\django\template\backends\django.py", line 107, in render
    return self.template.render(context)
  File "C:\Users\miria\OneDrive\Documents\Ferrie-Bakery\Ferrie-Bakery\venv\lib\site-packages\django\template\base.py", line 169, in render
    with context.bind_template(self):
  File "C:\Users\miria\AppData\Local\Programs\Python\Python310\lib\contextlib.py", line 135, in __enter__
    return next(self.gen)
  File "C:\Users\miria\OneDrive\Documents\Ferrie-Bakery\Ferrie-Bakery\venv\lib\site-packages\django\template\context.py", line 256, in bind_template
    context = processor(self.request)
  File "C:\Users\miria\OneDrive\Documents\Ferrie-Bakery\Ferrie-Bakery\bag\contexts.py", line 80, in bag_contents
    image_url = getattr(product.image, 'url', None)
  File "C:\Users\miria\OneDrive\Documents\Ferrie-Bakery\Ferrie-Bakery\venv\lib\site-packages\django\db\models\fields\files.py", line 69, in url
    self._require_file()
  File "C:\Users\miria\OneDrive\Documents\Ferrie-Bakery\Ferrie-Bakery\venv\lib\site-packages\django\db\models\fields\files.py", line 44, in _require_file
    raise ValueError(
ValueError: The 'image' attribute has no file associated with it.
Watching for file changes with StatReloader
Internal Server Error: /
Traceback (most recent call last):
  File "C:\Users\miria\OneDrive\Documents\Ferrie-Bakery\Ferrie-Bakery\venv\lib\site-packages\django\core\handlers\exception.py", line 55, in inner
    response = get_response(request)
  File "C:\Users\miria\OneDrive\Documents\Ferrie-Bakery\Ferrie-Bakery\venv\lib\site-packages\django\core\handlers\base.py", line 197, in _get_response
    response = wrapped_callback(request, *callback_args, **callback_kwargs)
  File "C:\Users\miria\OneDrive\Documents\Ferrie-Bakery\Ferrie-Bakery\home\views.py", line 26, in index
    return render(request, 'home/index.html', context)
  File "C:\Users\miria\OneDrive\Documents\Ferrie-Bakery\Ferrie-Bakery\venv\lib\site-packages\django\shortcuts.py", line 25, in render
    content = loader.render_to_string(template_name, context, request, using=using)
  File "C:\Users\miria\OneDrive\Documents\Ferrie-Bakery\Ferrie-Bakery\venv\lib\site-packages\django\template\loader.py", line 62, in render_to_string
    return template.render(context, request)
  File "C:\Users\miria\OneDrive\Documents\Ferrie-Bakery\Ferrie-Bakery\venv\lib\site-packages\django\template\backends\django.py", line 107, in render
    return self.template.render(context)
  File "C:\Users\miria\OneDrive\Documents\Ferrie-Bakery\Ferrie-Bakery\venv\lib\site-packages\django\template\base.py", line 169, in render
    with context.bind_template(self):
  File "C:\Users\miria\AppData\Local\Programs\Python\Python310\lib\contextlib.py", line 135, in __enter__
    return next(self.gen)
  File "C:\Users\miria\OneDrive\Documents\Ferrie-Bakery\Ferrie-Bakery\venv\lib\site-packages\django\template\context.py", line 256, in bind_template
    context = processor(self.request)
  File "C:\Users\miria\OneDrive\Documents\Ferrie-Bakery\Ferrie-Bakery\bag\contexts.py", line 80, in bag_contents
    image_url = getattr(product.image, 'url', None)
  File "C:\Users\miria\OneDrive\Documents\Ferrie-Bakery\Ferrie-Bakery\venv\lib\site-packages\django\db\models\fields\files.py", line 69, in url
    self._require_file()
  File "C:\Users\miria\OneDrive\Documents\Ferrie-Bakery\Ferrie-Bakery\venv\lib\site-packages\django\db\models\fields\files.py", line 44, in _require_file
    raise ValueError(
ValueError: The 'image' attribute has no file associated with it.
C:\Users\miria\OneDrive\Documents\Ferrie-Bakery\Ferrie-Bakery\bag\contexts.py changed, reloading.
C:\Users\miria\OneDrive\Documents\Ferrie-Bakery\Ferrie-Bakery\bag\contexts.py changed, reloading.
C:\Users\miria\OneDrive\Documents\Ferrie-Bakery\Ferrie-Bakery\bag\contexts.py changed, reloading.
Watching for file changes with StatReloader
Watching for file changes with StatReloader
Watching for file changes with StatReloader
